This is pdfTeX, Version 3.14159265-2.6-1.40.21 (TeX Live 2020) (preloaded format=pdflatex 2020.9.4)  18 SEP 2020 14:56
entering extended mode
 restricted \write18 enabled.
 file:line:error style messages enabled.
 %&-line parsing enabled.
**contagionSequences.tex
(./contagionSequences.tex
LaTeX2e <2020-02-02> patch level 5
L3 programming layer <2020-03-06>
(/usr/local/texlive/2020/texmf-dist/tex/latex/base/article.cls
Document Class: article 2019/12/20 v1.4l Standard LaTeX document class
(/usr/local/texlive/2020/texmf-dist/tex/latex/base/size11.clo
File: size11.clo 2019/12/20 v1.4l Standard LaTeX file (size option)
)
\c@part=\count167
\c@section=\count168
\c@subsection=\count169
\c@subsubsection=\count170
\c@paragraph=\count171
\c@subparagraph=\count172
\c@figure=\count173
\c@table=\count174
\abovecaptionskip=\skip47
\belowcaptionskip=\skip48
\bibindent=\dimen134
)
(/usr/local/texlive/2020/texmf-dist/tex/latex/geometry/geometry.sty
Package: geometry 2020/01/02 v5.9 Page Geometry

(/usr/local/texlive/2020/texmf-dist/tex/latex/graphics/keyval.sty
Package: keyval 2014/10/28 v1.15 key=value parser (DPC)
\KV@toks@=\toks15
)
(/usr/local/texlive/2020/texmf-dist/tex/generic/iftex/ifvtex.sty
Package: ifvtex 2019/10/25 v1.7 ifvtex legacy package. Use iftex instead.

(/usr/local/texlive/2020/texmf-dist/tex/generic/iftex/iftex.sty
Package: iftex 2020/03/06 v1.0d TeX engine tests
))
\Gm@cnth=\count175
\Gm@cntv=\count176
\c@Gm@tempcnt=\count177
\Gm@bindingoffset=\dimen135
\Gm@wd@mp=\dimen136
\Gm@odd@mp=\dimen137
\Gm@even@mp=\dimen138
\Gm@layoutwidth=\dimen139
\Gm@layoutheight=\dimen140
\Gm@layouthoffset=\dimen141
\Gm@layoutvoffset=\dimen142
\Gm@dimlist=\toks16
)
(/usr/local/texlive/2020/texmf-dist/tex/latex/graphics/graphicx.sty
Package: graphicx 2019/11/30 v1.2a Enhanced LaTeX Graphics (DPC,SPQR)

(/usr/local/texlive/2020/texmf-dist/tex/latex/graphics/graphics.sty
Package: graphics 2019/11/30 v1.4a Standard LaTeX Graphics (DPC,SPQR)

(/usr/local/texlive/2020/texmf-dist/tex/latex/graphics/trig.sty
Package: trig 2016/01/03 v1.10 sin cos tan (DPC)
)
(/usr/local/texlive/2020/texmf-dist/tex/latex/graphics-cfg/graphics.cfg
File: graphics.cfg 2016/06/04 v1.11 sample graphics configuration
)
Package graphics Info: Driver file: pdftex.def on input line 105.

(/usr/local/texlive/2020/texmf-dist/tex/latex/graphics-def/pdftex.def
File: pdftex.def 2018/01/08 v1.0l Graphics/color driver for pdftex
))
\Gin@req@height=\dimen143
\Gin@req@width=\dimen144
)
(/usr/local/texlive/2020/texmf-dist/tex/latex/amsfonts/amssymb.sty
Package: amssymb 2013/01/14 v3.01 AMS font symbols

(/usr/local/texlive/2020/texmf-dist/tex/latex/amsfonts/amsfonts.sty
Package: amsfonts 2013/01/14 v3.01 Basic AMSFonts support
\@emptytoks=\toks17
\symAMSa=\mathgroup4
\symAMSb=\mathgroup5
LaTeX Font Info:    Redeclaring math symbol \hbar on input line 98.
LaTeX Font Info:    Overwriting math alphabet `\mathfrak' in version `bold'
(Font)                  U/euf/m/n --> U/euf/b/n on input line 106.
))
(/usr/local/texlive/2020/texmf-dist/tex/latex/epstopdf-pkg/epstopdf.sty
Package: epstopdf 2020-01-24 v2.11 Conversion with epstopdf on the fly (HO)

(/usr/local/texlive/2020/texmf-dist/tex/generic/infwarerr/infwarerr.sty
Package: infwarerr 2019/12/03 v1.5 Providing info/warning/error messages (HO)
)
(/usr/local/texlive/2020/texmf-dist/tex/latex/grfext/grfext.sty
Package: grfext 2019/12/03 v1.3 Manage graphics extensions (HO)

(/usr/local/texlive/2020/texmf-dist/tex/generic/kvdefinekeys/kvdefinekeys.sty
Package: kvdefinekeys 2019-12-19 v1.6 Define keys (HO)
)) (/usr/local/texlive/2020/texmf-dist/tex/latex/kvoptions/kvoptions.sty
Package: kvoptions 2019/11/29 v3.13 Key value format for package options (HO)

(/usr/local/texlive/2020/texmf-dist/tex/generic/ltxcmds/ltxcmds.sty
Package: ltxcmds 2019/12/15 v1.24 LaTeX kernel commands for general use (HO)
)
(/usr/local/texlive/2020/texmf-dist/tex/generic/kvsetkeys/kvsetkeys.sty
Package: kvsetkeys 2019/12/15 v1.18 Key value parser (HO)
))
(/usr/local/texlive/2020/texmf-dist/tex/latex/pdftexcmds/pdftexcmds.sty
Package: pdftexcmds 2019/11/24 v0.31 Utility functions of pdfTeX for LuaTeX (HO
)
Package pdftexcmds Info: \pdf@primitive is available.
Package pdftexcmds Info: \pdf@ifprimitive is available.
Package pdftexcmds Info: \pdfdraftmode found.
)
(/usr/local/texlive/2020/texmf-dist/tex/latex/epstopdf-pkg/epstopdf-base.sty
Package: epstopdf-base 2020-01-24 v2.11 Base part for package epstopdf
Package epstopdf-base Info: Redefining graphics rule for `.eps' on input line 4
85.
Package grfext Info: Graphics extension search list:
(grfext)             [.pdf,.png,.jpg,.mps,.jpeg,.jbig2,.jb2,.PDF,.PNG,.JPG,.JPE
G,.JBIG2,.JB2,.eps]
(grfext)             \AppendGraphicsExtensions on input line 504.

(/usr/local/texlive/2020/texmf-dist/tex/latex/latexconfig/epstopdf-sys.cfg
File: epstopdf-sys.cfg 2010/07/13 v1.3 Configuration of (r)epstopdf for TeX Liv
e
)))
(/usr/local/texlive/2020/texmf-dist/tex/latex/hyperref/hyperref.sty
Package: hyperref 2020/01/14 v7.00d Hypertext links for LaTeX

(/usr/local/texlive/2020/texmf-dist/tex/generic/pdfescape/pdfescape.sty
Package: pdfescape 2019/12/09 v1.15 Implements pdfTeX's escape features (HO)
)
(/usr/local/texlive/2020/texmf-dist/tex/latex/hycolor/hycolor.sty
Package: hycolor 2020-01-27 v1.10 Color options for hyperref/bookmark (HO)
)
(/usr/local/texlive/2020/texmf-dist/tex/latex/letltxmacro/letltxmacro.sty
Package: letltxmacro 2019/12/03 v1.6 Let assignment for LaTeX macros (HO)
)
(/usr/local/texlive/2020/texmf-dist/tex/latex/auxhook/auxhook.sty
Package: auxhook 2019-12-17 v1.6 Hooks for auxiliary files (HO)
)
\@linkdim=\dimen145
\Hy@linkcounter=\count178
\Hy@pagecounter=\count179

(/usr/local/texlive/2020/texmf-dist/tex/latex/hyperref/pd1enc.def
File: pd1enc.def 2020/01/14 v7.00d Hyperref: PDFDocEncoding definition (HO)
Now handling font encoding PD1 ...
... no UTF-8 mapping file for font encoding PD1
)
(/usr/local/texlive/2020/texmf-dist/tex/generic/intcalc/intcalc.sty
Package: intcalc 2019/12/15 v1.3 Expandable calculations with integers (HO)
)
(/usr/local/texlive/2020/texmf-dist/tex/generic/etexcmds/etexcmds.sty
Package: etexcmds 2019/12/15 v1.7 Avoid name clashes with e-TeX commands (HO)
)
\Hy@SavedSpaceFactor=\count180
Package hyperref Info: Hyper figures OFF on input line 4547.
Package hyperref Info: Link nesting OFF on input line 4552.
Package hyperref Info: Hyper index ON on input line 4555.
Package hyperref Info: Plain pages OFF on input line 4562.
Package hyperref Info: Backreferencing OFF on input line 4567.
Package hyperref Info: Implicit mode ON; LaTeX internals redefined.
Package hyperref Info: Bookmarks ON on input line 4800.
\c@Hy@tempcnt=\count181

(/usr/local/texlive/2020/texmf-dist/tex/latex/url/url.sty
\Urlmuskip=\muskip16
Package: url 2013/09/16  ver 3.4  Verb mode for urls, etc.
)
LaTeX Info: Redefining \url on input line 5159.
\XeTeXLinkMargin=\dimen146

(/usr/local/texlive/2020/texmf-dist/tex/generic/bitset/bitset.sty
Package: bitset 2019/12/09 v1.3 Handle bit-vector datatype (HO)

(/usr/local/texlive/2020/texmf-dist/tex/generic/bigintcalc/bigintcalc.sty
Package: bigintcalc 2019/12/15 v1.5 Expandable calculations on big integers (HO
)
))
\Fld@menulength=\count182
\Field@Width=\dimen147
\Fld@charsize=\dimen148
Package hyperref Info: Hyper figures OFF on input line 6430.
Package hyperref Info: Link nesting OFF on input line 6435.
Package hyperref Info: Hyper index ON on input line 6438.
Package hyperref Info: backreferencing OFF on input line 6445.
Package hyperref Info: Link coloring OFF on input line 6450.
Package hyperref Info: Link coloring with OCG OFF on input line 6455.
Package hyperref Info: PDF/A mode OFF on input line 6460.
LaTeX Info: Redefining \ref on input line 6500.
LaTeX Info: Redefining \pageref on input line 6504.

(/usr/local/texlive/2020/texmf-dist/tex/generic/atbegshi/atbegshi.sty
Package: atbegshi 2019/12/05 v1.19 At begin shipout hook (HO)
)
\Hy@abspage=\count183
\c@Item=\count184
\c@Hfootnote=\count185
)
Package hyperref Info: Driver (autodetected): hpdftex.

(/usr/local/texlive/2020/texmf-dist/tex/latex/hyperref/hpdftex.def
File: hpdftex.def 2020/01/14 v7.00d Hyperref driver for pdfTeX

(/usr/local/texlive/2020/texmf-dist/tex/latex/atveryend/atveryend.sty
Package: atveryend 2019-12-11 v1.11 Hooks at the very end of document (HO)
Package atveryend Info: \enddocument detected (standard20110627).
)
\Fld@listcount=\count186
\c@bookmark@seq@number=\count187

(/usr/local/texlive/2020/texmf-dist/tex/latex/rerunfilecheck/rerunfilecheck.sty
Package: rerunfilecheck 2019/12/05 v1.9 Rerun checks for auxiliary files (HO)

(/usr/local/texlive/2020/texmf-dist/tex/generic/uniquecounter/uniquecounter.sty
Package: uniquecounter 2019/12/15 v1.4 Provide unlimited unique counter (HO)
)
Package uniquecounter Info: New unique counter `rerunfilecheck' on input line 2
86.
)
\Hy@SectionHShift=\skip49
) (/usr/local/texlive/2020/texmf-dist/tex/latex/xurl/xurl.sty
Package: xurl 2020/01/24 v 0.09 modify URL breaks
)
(/usr/local/texlive/2020/texmf-dist/tex/latex/float/float.sty
Package: float 2001/11/08 v1.3d Float enhancements (AL)
\c@float@type=\count188
\float@exts=\toks18
\float@box=\box45
\@float@everytoks=\toks19
\@floatcapt=\box46
)
(/usr/local/texlive/2020/texmf-dist/tex/latex/preprint/authblk.sty
Package: authblk 2001/02/27 1.3 (PWD)
\affilsep=\skip50
\@affilsep=\skip51
\c@Maxaffil=\count189
\c@authors=\count190
\c@affil=\count191
)
(/usr/local/texlive/2020/texmf-dist/tex/latex/fancyvrb/fancyvrb.sty
Package: fancyvrb 2020/01/13 v3.5 verbatim text (tvz,hv)
\FV@CodeLineNo=\count192
\FV@InFile=\read2
\FV@TabBox=\box47
\c@FancyVerbLine=\count193
\FV@StepNumber=\count194
\FV@OutFile=\write3
)
(/usr/local/texlive/2020/texmf-dist/tex/latex/booktabs/booktabs.sty
Package: booktabs 2020/01/12 v1.61803398 Publication quality tables
\heavyrulewidth=\dimen149
\lightrulewidth=\dimen150
\cmidrulewidth=\dimen151
\belowrulesep=\dimen152
\belowbottomsep=\dimen153
\aboverulesep=\dimen154
\abovetopsep=\dimen155
\cmidrulesep=\dimen156
\cmidrulekern=\dimen157
\defaultaddspace=\dimen158
\@cmidla=\count195
\@cmidlb=\count196
\@aboverulesep=\dimen159
\@belowrulesep=\dimen160
\@thisruleclass=\count197
\@lastruleclass=\count198
\@thisrulewidth=\dimen161
)
(/usr/local/texlive/2020/texmf-dist/tex/latex/tools/verbatim.sty
Package: verbatim 2019/11/10 v1.5r LaTeX2e package for verbatim enhancements
\every@verbatim=\toks20
\verbatim@line=\toks21
\verbatim@in@stream=\read3
)
(/usr/local/texlive/2020/texmf-dist/tex/latex/natbib/natbib.sty
Package: natbib 2010/09/13 8.31b (PWD, AO)
\bibhang=\skip52
\bibsep=\skip53
LaTeX Info: Redefining \cite on input line 694.
\c@NAT@ctr=\count199
)
(/usr/local/texlive/2020/texmf-dist/tex/generic/nth/nth.sty
Package: nth 2002/02/27
)
(/usr/local/texlive/2020/texmf-dist/tex/latex/base/t1enc.sty
Package: t1enc 1994/06/01 Standard LaTeX package
)
(/usr/local/texlive/2020/texmf-dist/tex/latex/fancyhdr/fancyhdr.sty
Package: fancyhdr 2019/01/31 v3.10 Extensive control of page headers and footer
s
\f@nch@headwidth=\skip54
\f@nch@O@elh=\skip55
\f@nch@O@erh=\skip56
\f@nch@O@olh=\skip57
\f@nch@O@orh=\skip58
\f@nch@O@elf=\skip59
\f@nch@O@erf=\skip60
\f@nch@O@olf=\skip61
\f@nch@O@orf=\skip62
)
(/usr/local/texlive/2020/texmf-dist/tex/latex/l3backend/l3backend-pdfmode.def
File: l3backend-pdfmode.def 2020-03-12 L3 backend support: PDF mode
\l__kernel_color_stack_int=\count266
\l__pdf_internal_box=\box48
)
(./contagionSequences.aux)
\openout1 = `contagionSequences.aux'.

LaTeX Font Info:    Checking defaults for OML/cmm/m/it on input line 31.
LaTeX Font Info:    ... okay on input line 31.
LaTeX Font Info:    Checking defaults for OMS/cmsy/m/n on input line 31.
LaTeX Font Info:    ... okay on input line 31.
LaTeX Font Info:    Checking defaults for OT1/cmr/m/n on input line 31.
LaTeX Font Info:    ... okay on input line 31.
LaTeX Font Info:    Checking defaults for T1/cmr/m/n on input line 31.
LaTeX Font Info:    ... okay on input line 31.
LaTeX Font Info:    Checking defaults for TS1/cmr/m/n on input line 31.
LaTeX Font Info:    ... okay on input line 31.
LaTeX Font Info:    Checking defaults for OMX/cmex/m/n on input line 31.
LaTeX Font Info:    ... okay on input line 31.
LaTeX Font Info:    Checking defaults for U/cmr/m/n on input line 31.
LaTeX Font Info:    ... okay on input line 31.
LaTeX Font Info:    Checking defaults for PD1/pdf/m/n on input line 31.
LaTeX Font Info:    ... okay on input line 31.

*geometry* driver: auto-detecting
*geometry* detected driver: pdftex
*geometry* verbose mode - [ preamble ] result:
* driver: pdftex
* paper: letterpaper
* layout: <same size as paper>
* layoutoffset:(h,v)=(0.0pt,0.0pt)
* modes: 
* h-part:(L,W,R)=(92.14519pt, 430.00462pt, 92.14519pt)
* v-part:(T,H,B)=(95.39737pt, 556.47656pt, 143.09605pt)
* \paperwidth=614.295pt
* \paperheight=794.96999pt
* \textwidth=430.00462pt
* \textheight=556.47656pt
* \oddsidemargin=19.8752pt
* \evensidemargin=19.8752pt
* \topmargin=-13.87262pt
* \headheight=12.0pt
* \headsep=25.0pt
* \topskip=11.0pt
* \footskip=30.0pt
* \marginparwidth=59.0pt
* \marginparsep=10.0pt
* \columnsep=10.0pt
* \skip\footins=10.0pt plus 4.0pt minus 2.0pt
* \hoffset=0.0pt
* \voffset=0.0pt
* \mag=1000
* \@twocolumnfalse
* \@twosidefalse
* \@mparswitchfalse
* \@reversemarginfalse
* (1in=72.27pt=25.4mm, 1cm=28.453pt)

(/usr/local/texlive/2020/texmf-dist/tex/context/base/mkii/supp-pdf.mkii
[Loading MPS to PDF converter (version 2006.09.02).]
\scratchcounter=\count267
\scratchdimen=\dimen162
\scratchbox=\box49
\nofMPsegments=\count268
\nofMParguments=\count269
\everyMPshowfont=\toks22
\MPscratchCnt=\count270
\MPscratchDim=\dimen163
\MPnumerator=\count271
\makeMPintoPDFobject=\count272
\everyMPtoPDFconversion=\toks23
)
\AtBeginShipoutBox=\box50
Package hyperref Info: Link coloring OFF on input line 31.
 (/usr/local/texlive/2020/texmf-dist/tex/latex/hyperref/nameref.sty
Package: nameref 2019/09/16 v2.46 Cross-referencing by name of section

(/usr/local/texlive/2020/texmf-dist/tex/latex/refcount/refcount.sty
Package: refcount 2019/12/15 v3.6 Data extraction from label references (HO)
)
(/usr/local/texlive/2020/texmf-dist/tex/generic/gettitlestring/gettitlestring.s
ty
Package: gettitlestring 2019/12/15 v1.6 Cleanup title references (HO)
)
\c@section@level=\count273
)
LaTeX Info: Redefining \ref on input line 31.
LaTeX Info: Redefining \pageref on input line 31.
LaTeX Info: Redefining \nameref on input line 31.
 (./contagionSequences.out) (./contagionSequences.out)
\@outlinefile=\write4
\openout4 = `contagionSequences.out'.

LaTeX Font Info:    Trying to load font information for U+msa on input line 52.


(/usr/local/texlive/2020/texmf-dist/tex/latex/amsfonts/umsa.fd
File: umsa.fd 2013/01/14 v3.01 AMS symbols A
)
LaTeX Font Info:    Trying to load font information for U+msb on input line 52.


(/usr/local/texlive/2020/texmf-dist/tex/latex/amsfonts/umsb.fd
File: umsb.fd 2013/01/14 v3.01 AMS symbols B
)
LaTeX Font Info:    Trying to load font information for T1+cmtt on input line 5
2.

(/usr/local/texlive/2020/texmf-dist/tex/latex/base/t1cmtt.fd
File: t1cmtt.fd 2019/12/16 v2.5j Standard LaTeX font definitions
) [1

{/usr/local/texlive/2020/texmf-var/fonts/map/pdftex/updmap/pdftex.map}]

Package Fancyhdr Warning: \headheight is too small (12.0pt): 
Make it at least 13.59999pt.
We now make it that large for the rest of the document.
This may cause the page layout to be inconsistent, however.

[2] [3]

LaTeX Warning: Reference `AppCalendar' on page 4 undefined on input line 127.

[4] [5]
<withShort1.png, id=250, 944.52875pt x 521.95pt>
File: withShort1.png Graphic file (type png)
<use withShort1.png>
Package pdftex.def Info: withShort1.png  used on input line 175.
(pdftex.def)             Requested size: 188.9024pt x 104.38814pt.
<withShort1A.png, id=252, 936.49875pt x 521.95pt>
File: withShort1A.png Graphic file (type png)
<use withShort1A.png>
Package pdftex.def Info: withShort1A.png  used on input line 175.
(pdftex.def)             Requested size: 187.29643pt x 104.38814pt.
<withShort1A200.png, id=253, 936.49875pt x 521.95pt>
File: withShort1A200.png Graphic file (type png)
<use withShort1A200.png>
Package pdftex.def Info: withShort1A200.png  used on input line 178.
(pdftex.def)             Requested size: 187.29643pt x 104.38814pt.
<withShort1B.png, id=254, 939.51pt x 521.95pt>
File: withShort1B.png Graphic file (type png)
<use withShort1B.png>
Package pdftex.def Info: withShort1B.png  used on input line 178.
(pdftex.def)             Requested size: 187.89867pt x 104.38814pt.
 [6] [7pdfTeX warning (ext4): destination with the same identifier (name{figure
.1}) has been already used, duplicate ignored

\AtBegShi@Output ...ipout \box \AtBeginShipoutBox 
                                                  \fi \fi 
l.206 
       <./withShort1.png> <./withShort1A.png> <./withShort1A200.png> <./withSho
rt1B.png>] [8] [9pdfTeX warning (ext4): destination with the same identifier (n
ame{table.1}) has been already used, duplicate ignored

\AtBegShi@Output ...ipout \box \AtBeginShipoutBox 
                                                  \fi \fi 
l.295 
      ] [10] [11]

Package hyperref Warning: Difference (2) between bookmark levels is greater 
(hyperref)                than one, level fixed on input line 369.

[12]
<no3a.png, id=374, 942.52126pt x 521.95pt>
File: no3a.png Graphic file (type png)
<use no3a.png>
Package pdftex.def Info: no3a.png  used on input line 433.
(pdftex.def)             Requested size: 301.00192pt x 166.68494pt.
<no3b.png, id=375, 936.49875pt x 521.95pt>
File: no3b.png Graphic file (type png)
<use no3b.png>
Package pdftex.def Info: no3b.png  used on input line 441.
(pdftex.def)             Requested size: 301.00192pt x 167.76012pt.
 [13pdfTeX warning (ext4): destination with the same identifier (name{figure.2}
) has been already used, duplicate ignored

\AtBegShi@Output ...ipout \box \AtBeginShipoutBox 
                                                  \fi \fi 
l.446 
       <./no3a.png>]
<no4a.png, id=386, 942.52126pt x 521.95pt>
File: no4a.png Graphic file (type png)
<use no4a.png>
Package pdftex.def Info: no4a.png  used on input line 454.
(pdftex.def)             Requested size: 301.00192pt x 166.68494pt.
<no4b.png, id=387, 936.49875pt x 521.95pt>
File: no4b.png Graphic file (type png)
<use no4b.png>
Package pdftex.def Info: no4b.png  used on input line 463.
(pdftex.def)             Requested size: 301.00192pt x 167.76012pt.
 [14pdfTeX warning (ext4): destination with the same identifier (name{figure.3}
) has been already used, duplicate ignored

\AtBegShi@Output ...ipout \box \AtBeginShipoutBox 
                                                  \fi \fi 
l.469 
      pdfTeX warning (ext4): destination with the same identifier (name{figure.
4}) has been already used, duplicate ignored

\AtBegShi@Output ...ipout \box \AtBeginShipoutBox 
                                                  \fi \fi 
l.469 
       <./no3b.png> <./no4a.png>]
<no5a.png, id=397, 942.52126pt x 521.95pt>
File: no5a.png Graphic file (type png)
<use no5a.png>
Package pdftex.def Info: no5a.png  used on input line 479.
(pdftex.def)             Requested size: 301.00192pt x 166.68494pt.
 [15pdfTeX warning (ext4): destination with the same identifier (name{figure.5}
) has been already used, duplicate ignored

\AtBegShi@Output ...ipout \box \AtBeginShipoutBox 
                                                  \fi \fi 
l.484 
       <./no4b.png>]
<no5b.png, id=405, 936.49875pt x 521.95pt>
File: no5b.png Graphic file (type png)
<use no5b.png>
Package pdftex.def Info: no5b.png  used on input line 487.
(pdftex.def)             Requested size: 301.00192pt x 167.76012pt.
 [16pdfTeX warning (ext4): destination with the same identifier (name{figure.6}
) has been already used, duplicate ignored

\AtBegShi@Output ...ipout \box \AtBeginShipoutBox 
                                                  \fi \fi 
l.502 
      pdfTeX warning (ext4): destination with the same identifier (name{figure.
7}) has been already used, duplicate ignored

\AtBegShi@Output ...ipout \box \AtBeginShipoutBox 
                                                  \fi \fi 
l.502 
       <./no5a.png> <./no5b.png>]
<with6a.png, id=421, 936.49875pt x 521.95pt>
File: with6a.png Graphic file (type png)
<use with6a.png>
Package pdftex.def Info: with6a.png  used on input line 506.
(pdftex.def)             Requested size: 301.00192pt x 167.76012pt.
<with6b.png, id=422, 936.49875pt x 521.95pt>
File: with6b.png Graphic file (type png)
<use with6b.png>
Package pdftex.def Info: with6b.png  used on input line 514.
(pdftex.def)             Requested size: 301.00192pt x 167.76012pt.
<with7a.png, id=423, 942.52126pt x 521.95pt>
File: with7a.png Graphic file (type png)
<use with7a.png>
Package pdftex.def Info: with7a.png  used on input line 527.
(pdftex.def)             Requested size: 301.00192pt x 166.68494pt.
 [17pdfTeX warning (ext4): destination with the same identifier (name{figure.8}
) has been already used, duplicate ignored

\AtBegShi@Output ...ipout \box \AtBeginShipoutBox 
                                                  \fi \fi 
l.531 \end{figure}
                  pdfTeX warning (ext4): destination with the same identifier (
name{figure.9}) has been already used, duplicate ignored

\AtBegShi@Output ...ipout \box \AtBeginShipoutBox 
                                                  \fi \fi 
l.531 \end{figure}
                   <./with6a.png> <./with6b.png>]
<with7b.png, id=431, 936.49875pt x 521.95pt>
File: with7b.png Graphic file (type png)
<use with7b.png>
Package pdftex.def Info: with7b.png  used on input line 535.
(pdftex.def)             Requested size: 301.00192pt x 167.76012pt.
 [18pdfTeX warning (ext4): destination with the same identifier (name{figure.10
}) has been already used, duplicate ignored

\AtBegShi@Output ...ipout \box \AtBeginShipoutBox 
                                                  \fi \fi 
l.546 
      pdfTeX warning (ext4): destination with the same identifier (name{figure.
11}) has been already used, duplicate ignored

\AtBegShi@Output ...ipout \box \AtBeginShipoutBox 
                                                  \fi \fi 
l.546 
       <./with7a.png> <./with7b.png>]
<with8a.png, id=441, 941.5175pt x 521.95pt>
File: with8a.png Graphic file (type png)
<use with8a.png>
Package pdftex.def Info: with8a.png  used on input line 549.
(pdftex.def)             Requested size: 301.00192pt x 166.86812pt.
<with8b.png, id=442, 936.49875pt x 521.95pt>
File: with8b.png Graphic file (type png)
<use with8b.png>
Package pdftex.def Info: with8b.png  used on input line 557.
(pdftex.def)             Requested size: 301.00192pt x 167.76012pt.
 [19pdfTeX warning (ext4): destination with the same identifier (name{figure.12
}) has been already used, duplicate ignored

\AtBegShi@Output ...ipout \box \AtBeginShipoutBox 
                                                  \fi \fi 
l.568 \subsubsection
                    {Case 7, only nursing homes (orange)}pdfTeX warning (ext4):
 destination with the same identifier (name{figure.13}) has been already used, 
duplicate ignored

\AtBegShi@Output ...ipout \box \AtBeginShipoutBox 
                                                  \fi \fi 
l.568 \subsubsection
                    {Case 7, only nursing homes (orange)} <./with8a.png> <./wit
h8b.png>]
<withShort0.png, id=458, 929.4725pt x 521.95pt>
File: withShort0.png Graphic file (type png)
<use withShort0.png>
Package pdftex.def Info: withShort0.png  used on input line 576.
(pdftex.def)             Requested size: 301.00192pt x 169.02644pt.
 [20pdfTeX warning (ext4): destination with the same identifier (name{figure.14
}) has been already used, duplicate ignored

\AtBegShi@Output ...ipout \box \AtBeginShipoutBox 
                                                  \fi \fi 
l.596 
       <./withShort0.png>]
File: withShort1.png Graphic file (type png)
<use withShort1.png>
Package pdftex.def Info: withShort1.png  used on input line 608.
(pdftex.def)             Requested size: 301.00192pt x 166.3345pt.
 [21pdfTeX warning (ext4): destination with the same identifier (name{figure.15
}) has been already used, duplicate ignored

\AtBegShi@Output ...ipout \box \AtBeginShipoutBox 
                                                  \fi \fi 
l.616 
      ]
File: withShort1A.png Graphic file (type png)
<use withShort1A.png>
Package pdftex.def Info: withShort1A.png  used on input line 619.
(pdftex.def)             Requested size: 301.00192pt x 167.76012pt.
File: withShort1A200.png Graphic file (type png)
<use withShort1A200.png>
Package pdftex.def Info: withShort1A200.png  used on input line 627.
(pdftex.def)             Requested size: 301.00192pt x 167.76012pt.
 [22pdfTeX warning (ext4): destination with the same identifier (name{figure.16
}) has been already used, duplicate ignored

\AtBegShi@Output ...ipout \box \AtBeginShipoutBox 
                                                  \fi \fi 
l.632 
      ]
File: withShort1B.png Graphic file (type png)
<use withShort1B.png>
Package pdftex.def Info: withShort1B.png  used on input line 637.
(pdftex.def)             Requested size: 301.00192pt x 167.21855pt.
<withShort2.png, id=491, 929.4725pt x 521.95pt>
File: withShort2.png Graphic file (type png)
<use withShort2.png>
Package pdftex.def Info: withShort2.png  used on input line 652.
(pdftex.def)             Requested size: 301.00192pt x 169.02644pt.
 [23pdfTeX warning (ext4): destination with the same identifier (name{figure.17
}) has been already used, duplicate ignored

\AtBegShi@Output ...ipout \box \AtBeginShipoutBox 
                                                  \fi \fi 
l.656 \end{figure}
                  pdfTeX warning (ext4): destination with the same identifier (
name{figure.18}) has been already used, duplicate ignored

\AtBegShi@Output ...ipout \box \AtBeginShipoutBox 
                                                  \fi \fi 
l.656 \end{figure}
                  ] [24pdfTeX warning (ext4): destination with the same identif
ier (name{figure.19}) has been already used, duplicate ignored

\AtBegShi@Output ...ipout \box \AtBeginShipoutBox 
                                                  \fi \fi 
l.674 
       <./withShort2.png>]
<HM30_readRunResults1k_noControl_plusHM.png, id=510, 500.87125pt x 302.12875pt>

File: HM30_readRunResults1k_noControl_plusHM.png Graphic file (type png)
<use HM30_readRunResults1k_noControl_plusHM.png>
Package pdftex.def Info: HM30_readRunResults1k_noControl_plusHM.png  used on in
put line 703.
(pdftex.def)             Requested size: 301.00192pt x 181.57368pt.
 [25pdfTeX warning (ext4): destination with the same identifier (name{table.2})
 has been already used, duplicate ignored

\AtBegShi@Output ...ipout \box \AtBeginShipoutBox 
                                                  \fi \fi 
l.708 
      ] [26pdfTeX warning (ext4): destination with the same identifier (name{fi
gure.20}) has been already used, duplicate ignored

\AtBegShi@Output ...ipout \box \AtBeginShipoutBox 
                                                  \fi \fi 
l.740 
       <./HM30_readRunResults1k_noControl_plusHM.png>]
<HM30_readRunResults1k_withControl_plusHM.png, id=531, 494.84875pt x 314.17375p
t>
File: HM30_readRunResults1k_withControl_plusHM.png Graphic file (type png)
<use HM30_readRunResults1k_withControl_plusHM.png>
Package pdftex.def Info: HM30_readRunResults1k_withControl_plusHM.png  used on 
input line 744.
(pdftex.def)             Requested size: 301.00192pt x 191.10399pt.
 [27pdfTeX warning (ext4): destination with the same identifier (name{table.3})
 has been already used, duplicate ignored

\AtBegShi@Output ...ipout \box \AtBeginShipoutBox 
                                                  \fi \fi 
l.782 
      pdfTeX warning (ext4): destination with the same identifier (name{figure.
21}) has been already used, duplicate ignored

\AtBegShi@Output ...ipout \box \AtBeginShipoutBox 
                                                  \fi \fi 
l.782 
       <./HM30_readRunResults1k_withControl_plusHM.png>]
<HM30_readRunResults1k_basicControl_schoolOpenSept_plusHM.png, id=540, 494.8487
5pt x 314.17375pt>
File: HM30_readRunResults1k_basicControl_schoolOpenSept_plusHM.png Graphic file
 (type png)
<use HM30_readRunResults1k_basicControl_schoolOpenSept_plusHM.png>
Package pdftex.def Info: HM30_readRunResults1k_basicControl_schoolOpenSept_plus
HM.png  used on input line 786.
(pdftex.def)             Requested size: 301.00192pt x 191.10399pt.

Overfull \hbox (10.3224pt too wide) in paragraph at lines 794--794
[]\T1/cmr/bx/n/12 Epidemics with im-me-di-ate stop of frag-ile work-ers, non-ph
armaceutical
 []

[28pdfTeX warning (ext4): destination with the same identifier (name{table.4}) 
has been already used, duplicate ignored

\AtBegShi@Output ...ipout \box \AtBeginShipoutBox 
                                                  \fi \fi 
l.822 \end{table}
                 pdfTeX warning (ext4): destination with the same identifier (n
ame{figure.22}) has been already used, duplicate ignored

\AtBegShi@Output ...ipout \box \AtBeginShipoutBox 
                                                  \fi \fi 
l.822 \end{table}
                  <./HM30_readRunResults1k_basicControl_schoolOpenSept_plusHM.p
ng>]
<HM30_readRunResults1k_with_sFW_at20_plusHM.png, id=553, 494.84875pt x 325.215p
t>
File: HM30_readRunResults1k_with_sFW_at20_plusHM.png Graphic file (type png)
<use HM30_readRunResults1k_with_sFW_at20_plusHM.png>
Package pdftex.def Info: HM30_readRunResults1k_with_sFW_at20_plusHM.png  used o
n input line 827.
(pdftex.def)             Requested size: 344.005pt x 226.08083pt.

Overfull \hbox (20.49776pt too wide) in paragraph at lines 833--833
[]\T1/cmr/bx/n/12 Epidemics with ab-so-lute iso-la-tion of nurs-ing homes, non-
pharmaceutical
 []

[29pdfTeX warning (ext4): destination with the same identifier (name{table.5}) 
has been already used, duplicate ignored

\AtBegShi@Output ...ipout \box \AtBeginShipoutBox 
                                                  \fi \fi 
l.838 F
       irst trial: we put in action the prohibition of the visits to the nur...
pdfTeX warning (ext4): destination with the same identifier (name{figure.23}) h
as been already used, duplicate ignored

\AtBegShi@Output ...ipout \box \AtBeginShipoutBox 
                                                  \fi \fi 
l.838 F
       irst trial: we put in action the prohibition of the visits to the nur...
 <./HM30_readRunResults1k_with_sFW_at20_plusHM.png>]
<HM30_readRunResults1k_with_NH_OP_BZ_at20_plusHM.png, id=562, 494.84875pt x 325
.215pt>
File: HM30_readRunResults1k_with_NH_OP_BZ_at20_plusHM.png Graphic file (type pn
g)
<use HM30_readRunResults1k_with_NH_OP_BZ_at20_plusHM.png>
Package pdftex.def Info: HM30_readRunResults1k_with_NH_OP_BZ_at20_plusHM.png  u
sed on input line 867.
(pdftex.def)             Requested size: 344.005pt x 226.08083pt.
 [30pdfTeX warning (ext4): destination with the same identifier (name{table.6})
 has been already used, duplicate ignored

\AtBegShi@Output ...ipout \box \AtBeginShipoutBox 
                                                  \fi \fi 
l.872 
      ]
<HM30_readRunResults1k_with_Frag_at20_plusHM.png, id=569, 494.84875pt x 325.215
pt>
File: HM30_readRunResults1k_with_Frag_at20_plusHM.png Graphic file (type png)
<use HM30_readRunResults1k_with_Frag_at20_plusHM.png>
Package pdftex.def Info: HM30_readRunResults1k_with_Frag_at20_plusHM.png  used 
on input line 907.
(pdftex.def)             Requested size: 344.005pt x 226.08083pt.
 [31pdfTeX warning (ext4): destination with the same identifier (name{figure.24
}) has been already used, duplicate ignored

\AtBegShi@Output ...ipout \box \AtBeginShipoutBox 
                                                  \fi \fi 
l.912 
      pdfTeX warning (ext4): destination with the same identifier (name{table.7
}) has been already used, duplicate ignored

\AtBegShi@Output ...ipout \box \AtBeginShipoutBox 
                                                  \fi \fi 
l.912 
       <./HM30_readRunResults1k_with_NH_OP_BZ_at20_plusHM.png>] [32pdfTeX warni
ng (ext4): destination with the same identifier (name{figure.25}) has been alre
ady used, duplicate ignored

\AtBegShi@Output ...ipout \box \AtBeginShipoutBox 
                                                  \fi \fi 
l.943 
       <./HM30_readRunResults1k_with_Frag_at20_plusHM.png>]
<HM30_readRunResults1k_with_NoAllFrag_at20_plusHM.png, id=590, 494.84875pt x 32
5.215pt>
File: HM30_readRunResults1k_with_NoAllFrag_at20_plusHM.png Graphic file (type p
ng)
<use HM30_readRunResults1k_with_NoAllFrag_at20_plusHM.png>
Package pdftex.def Info: HM30_readRunResults1k_with_NoAllFrag_at20_plusHM.png  
used on input line 947.
(pdftex.def)             Requested size: 344.005pt x 226.08083pt.
 [33pdfTeX warning (ext4): destination with the same identifier (name{table.8})
 has been already used, duplicate ignored

\AtBegShi@Output ...ipout \box \AtBeginShipoutBox 
                                                  \fi \fi 
l.983 
      pdfTeX warning (ext4): destination with the same identifier (name{figure.
26}) has been already used, duplicate ignored

\AtBegShi@Output ...ipout \box \AtBeginShipoutBox 
                                                  \fi \fi 
l.983 
       <./HM30_readRunResults1k_with_NoAllFrag_at20_plusHM.png>]
<HM30_readRunResults1k_with_NoAllFrag_openFacs_at20_plusHM.png, id=598, 500.871
25pt x 325.215pt>
File: HM30_readRunResults1k_with_NoAllFrag_openFacs_at20_plusHM.png Graphic fil
e (type png)
<use HM30_readRunResults1k_with_NoAllFrag_openFacs_at20_plusHM.png>
Package pdftex.def Info: HM30_readRunResults1k_with_NoAllFrag_openFacs_at20_plu
sHM.png  used on input line 987.
(pdftex.def)             Requested size: 344.005pt x 223.37137pt.
 [34pdfTeX warning (ext4): destination with the same identifier (name{table.9})
 has been already used, duplicate ignored

\AtBegShi@Output ...ipout \box \AtBeginShipoutBox 
                                                  \fi \fi 
l.1023 \end{table}
                  pdfTeX warning (ext4): destination with the same identifier (
name{figure.27}) has been already used, duplicate ignored

\AtBegShi@Output ...ipout \box \AtBeginShipoutBox 
                                                  \fi \fi 
l.1023 \end{table}
                   <./HM30_readRunResults1k_with_NoAllFrag_openFacs_at20_plusHM
.png>]
<HM30_readRunResults1k_with_NoAllFrag_openFacs_at20_openSchoolSep_plusHM.png, i
d=608, 500.87125pt x 325.215pt>
File: HM30_readRunResults1k_with_NoAllFrag_openFacs_at20_openSchoolSep_plusHM.p
ng Graphic file (type png)
<use HM30_readRunResults1k_with_NoAllFrag_openFacs_at20_openSchoolSep_plusHM.pn
g>
Package pdftex.def Info: HM30_readRunResults1k_with_NoAllFrag_openFacs_at20_ope
nSchoolSep_plusHM.png  used on input line 1028.
(pdftex.def)             Requested size: 344.005pt x 223.37137pt.
 [35pdfTeX warning (ext4): destination with the same identifier (name{table.10}
) has been already used, duplicate ignored

\AtBegShi@Output ...ipout \box \AtBeginShipoutBox 
                                                  \fi \fi 
l.1048 \item t
              he ID of the agent transmitting the contagion (for the initial...
pdfTeX warning (ext4): destination with the same identifier (name{figure.28}) h
as been already used, duplicate ignored

\AtBegShi@Output ...ipout \box \AtBeginShipoutBox 
                                                  \fi \fi 
l.1048 \item t
              he ID of the agent transmitting the contagion (for the initial...
 <./HM30_readRunResults1k_with_NoAllFrag_openFacs_at20_openSchoolSep_plusHM.png
>] [36] (./contagionSequences.bbl [37])
Package atveryend Info: Empty hook `BeforeClearDocument' on input line 1117.
 [38]
Package atveryend Info: Empty hook `AfterLastShipout' on input line 1117.
 (./contagionSequences.aux)
Package atveryend Info: Executing hook `AtVeryEndDocument' on input line 1117.
Package atveryend Info: Executing hook `AtEndAfterFileList' on input line 1117.

Package rerunfilecheck Info: File `contagionSequences.out' has not changed.
(rerunfilecheck)             Checksum: 69632AE5F50B1D0E2F58C2CADC386084;4063.


LaTeX Warning: There were undefined references.

Package atveryend Info: Empty hook `AtVeryVeryEnd' on input line 1117.
 ) 
Here is how much of TeX's memory you used:
 7820 strings out of 480608
 118698 string characters out of 5903631
 396108 words of memory out of 5000000
 23357 multiletter control sequences out of 15000+600000
 556859 words of font info for 85 fonts, out of 8000000 for 9000
 1141 hyphenation exceptions out of 8191
 34i,11n,45p,1220b,451s stack positions out of 5000i,500n,10000p,200000b,80000s
{/usr/local/texlive/2020/texmf-dist/fonts/enc/dvips/cm-super/cm-super-t1.enc}
{/usr/local/texlive/2020/texmf-dist/fonts/enc/dvips/cm-super/cm-super-ts1.enc}<
/usr/local/texlive/2020/texmf-dist/fonts/type1/public/amsfonts/cm/cmmi10.pfb></
usr/local/texlive/2020/texmf-dist/fonts/type1/public/amsfonts/cm/cmr8.pfb></usr
/local/texlive/2020/texmf-dist/fonts/type1/public/cm-super/sfbx1000.pfb></usr/l
ocal/texlive/2020/texmf-dist/fonts/type1/public/cm-super/sfbx1095.pfb></usr/loc
al/texlive/2020/texmf-dist/fonts/type1/public/cm-super/sfbx1200.pfb></usr/local
/texlive/2020/texmf-dist/fonts/type1/public/cm-super/sfbx1440.pfb></usr/local/t
exlive/2020/texmf-dist/fonts/type1/public/cm-super/sfrm0600.pfb></usr/local/tex
live/2020/texmf-dist/fonts/type1/public/cm-super/sfrm0700.pfb></usr/local/texli
ve/2020/texmf-dist/fonts/type1/public/cm-super/sfrm0800.pfb></usr/local/texlive
/2020/texmf-dist/fonts/type1/public/cm-super/sfrm0900.pfb></usr/local/texlive/2
020/texmf-dist/fonts/type1/public/cm-super/sfrm1000.pfb></usr/local/texlive/202
0/texmf-dist/fonts/type1/public/cm-super/sfrm1095.pfb></usr/local/texlive/2020/
texmf-dist/fonts/type1/public/cm-super/sfrm1200.pfb></usr/local/texlive/2020/te
xmf-dist/fonts/type1/public/cm-super/sfrm1728.pfb></usr/local/texlive/2020/texm
f-dist/fonts/type1/public/cm-super/sfti0900.pfb></usr/local/texlive/2020/texmf-
dist/fonts/type1/public/cm-super/sfti1000.pfb></usr/local/texlive/2020/texmf-di
st/fonts/type1/public/cm-super/sfti1095.pfb></usr/local/texlive/2020/texmf-dist
/fonts/type1/public/cm-super/sftt0900.pfb></usr/local/texlive/2020/texmf-dist/f
onts/type1/public/cm-super/sftt1095.pfb>
Output written on contagionSequences.pdf (38 pages, 987464 bytes).
PDF statistics:
 755 PDF objects out of 1000 (max. 8388607)
 635 compressed objects within 7 object streams
 160 named destinations out of 1000 (max. 500000)
 440 words of extra memory for PDF output out of 10000 (max. 10000000)

