This is pdfTeX, Version 3.14159265-2.6-1.40.21 (TeX Live 2020) (preloaded format=pdflatex 2020.9.4)  24 MAR 2021 23:25
entering extended mode
 restricted \write18 enabled.
 file:line:error style messages enabled.
 %&-line parsing enabled.
**epidemicModel&GA_CCA_slides.tex
(./epidemicModel&GA_CCA_slides.tex
LaTeX2e <2020-02-02> patch level 5
L3 programming layer <2020-03-06>
(/usr/local/texlive/2020/texmf-dist/tex/latex/beamer/beamer.cls
Document Class: beamer 2019/09/29 v3.57 A class for typesetting presentations
(/usr/local/texlive/2020/texmf-dist/tex/latex/beamer/beamerbasemodes.sty
(/usr/local/texlive/2020/texmf-dist/tex/latex/etoolbox/etoolbox.sty
Package: etoolbox 2019/09/21 v2.5h e-TeX tools for LaTeX (JAW)
\etb@tempcnta=\count167
)
\beamer@tempbox=\box45
\beamer@tempcount=\count168
\c@beamerpauses=\count169

(/usr/local/texlive/2020/texmf-dist/tex/latex/beamer/beamerbasedecode.sty
\beamer@slideinframe=\count170
\beamer@minimum=\count171
\beamer@decode@box=\box46
)
\beamer@commentbox=\box47
\beamer@modecount=\count172
)
(/usr/local/texlive/2020/texmf-dist/tex/generic/iftex/ifpdf.sty
Package: ifpdf 2019/10/25 v3.4 ifpdf legacy package. Use iftex instead.

(/usr/local/texlive/2020/texmf-dist/tex/generic/iftex/iftex.sty
Package: iftex 2020/03/06 v1.0d TeX engine tests
))
\headdp=\dimen134
\footheight=\dimen135
\sidebarheight=\dimen136
\beamer@tempdim=\dimen137
\beamer@finalheight=\dimen138
\beamer@animht=\dimen139
\beamer@animdp=\dimen140
\beamer@animwd=\dimen141
\beamer@leftmargin=\dimen142
\beamer@rightmargin=\dimen143
\beamer@leftsidebar=\dimen144
\beamer@rightsidebar=\dimen145
\beamer@boxsize=\dimen146
\beamer@vboxoffset=\dimen147
\beamer@descdefault=\dimen148
\beamer@descriptionwidth=\dimen149
\beamer@lastskip=\skip47
\beamer@areabox=\box48
\beamer@animcurrent=\box49
\beamer@animshowbox=\box50
\beamer@sectionbox=\box51
\beamer@logobox=\box52
\beamer@linebox=\box53
\beamer@sectioncount=\count173
\beamer@subsubsectionmax=\count174
\beamer@subsectionmax=\count175
\beamer@sectionmax=\count176
\beamer@totalheads=\count177
\beamer@headcounter=\count178
\beamer@partstartpage=\count179
\beamer@sectionstartpage=\count180
\beamer@subsectionstartpage=\count181
\beamer@animationtempa=\count182
\beamer@animationtempb=\count183
\beamer@xpos=\count184
\beamer@ypos=\count185
\beamer@ypos@offset=\count186
\beamer@showpartnumber=\count187
\beamer@currentsubsection=\count188
\beamer@coveringdepth=\count189
\beamer@sectionadjust=\count190
\beamer@tocsectionnumber=\count191

(/usr/local/texlive/2020/texmf-dist/tex/latex/beamer/beamerbaseoptions.sty
(/usr/local/texlive/2020/texmf-dist/tex/latex/graphics/keyval.sty
Package: keyval 2014/10/28 v1.15 key=value parser (DPC)
\KV@toks@=\toks15
))
\beamer@paperwidth=\skip48
\beamer@paperheight=\skip49

(/usr/local/texlive/2020/texmf-dist/tex/latex/geometry/geometry.sty
Package: geometry 2020/01/02 v5.9 Page Geometry

(/usr/local/texlive/2020/texmf-dist/tex/generic/iftex/ifvtex.sty
Package: ifvtex 2019/10/25 v1.7 ifvtex legacy package. Use iftex instead.
)
\Gm@cnth=\count192
\Gm@cntv=\count193
\c@Gm@tempcnt=\count194
\Gm@bindingoffset=\dimen150
\Gm@wd@mp=\dimen151
\Gm@odd@mp=\dimen152
\Gm@even@mp=\dimen153
\Gm@layoutwidth=\dimen154
\Gm@layoutheight=\dimen155
\Gm@layouthoffset=\dimen156
\Gm@layoutvoffset=\dimen157
\Gm@dimlist=\toks16
)
(/usr/local/texlive/2020/texmf-dist/tex/latex/extsizes/size8.clo
File: size8.clo 1999/11/11 v1.4a NON-Standard LaTeX file (size option)
)
(/usr/local/texlive/2020/texmf-dist/tex/latex/pgf/basiclayer/pgfcore.sty
(/usr/local/texlive/2020/texmf-dist/tex/latex/graphics/graphicx.sty
Package: graphicx 2019/11/30 v1.2a Enhanced LaTeX Graphics (DPC,SPQR)

(/usr/local/texlive/2020/texmf-dist/tex/latex/graphics/graphics.sty
Package: graphics 2019/11/30 v1.4a Standard LaTeX Graphics (DPC,SPQR)

(/usr/local/texlive/2020/texmf-dist/tex/latex/graphics/trig.sty
Package: trig 2016/01/03 v1.10 sin cos tan (DPC)
)
(/usr/local/texlive/2020/texmf-dist/tex/latex/graphics-cfg/graphics.cfg
File: graphics.cfg 2016/06/04 v1.11 sample graphics configuration
)
Package graphics Info: Driver file: pdftex.def on input line 105.

(/usr/local/texlive/2020/texmf-dist/tex/latex/graphics-def/pdftex.def
File: pdftex.def 2018/01/08 v1.0l Graphics/color driver for pdftex
))
\Gin@req@height=\dimen158
\Gin@req@width=\dimen159
)
(/usr/local/texlive/2020/texmf-dist/tex/latex/pgf/systemlayer/pgfsys.sty
(/usr/local/texlive/2020/texmf-dist/tex/latex/pgf/utilities/pgfrcs.sty
(/usr/local/texlive/2020/texmf-dist/tex/generic/pgf/utilities/pgfutil-common.te
x
\pgfutil@everybye=\toks17
\pgfutil@tempdima=\dimen160
\pgfutil@tempdimb=\dimen161

(/usr/local/texlive/2020/texmf-dist/tex/generic/pgf/utilities/pgfutil-common-li
sts.tex))
(/usr/local/texlive/2020/texmf-dist/tex/generic/pgf/utilities/pgfutil-latex.def
\pgfutil@abb=\box54
(/usr/local/texlive/2020/texmf-dist/tex/latex/ms/everyshi.sty
Package: everyshi 2001/05/15 v3.00 EveryShipout Package (MS)
))
(/usr/local/texlive/2020/texmf-dist/tex/generic/pgf/utilities/pgfrcs.code.tex
(/usr/local/texlive/2020/texmf-dist/tex/generic/pgf/pgf.revision.tex)
Package: pgfrcs 2020/01/08 v3.1.5b (3.1.5b)
))
(/usr/local/texlive/2020/texmf-dist/tex/generic/pgf/systemlayer/pgfsys.code.tex
Package: pgfsys 2020/01/08 v3.1.5b (3.1.5b)
(/usr/local/texlive/2020/texmf-dist/tex/generic/pgf/utilities/pgfkeys.code.tex
\pgfkeys@pathtoks=\toks18
\pgfkeys@temptoks=\toks19

(/usr/local/texlive/2020/texmf-dist/tex/generic/pgf/utilities/pgfkeysfiltered.c
ode.tex
\pgfkeys@tmptoks=\toks20
))
\pgf@x=\dimen162
\pgf@y=\dimen163
\pgf@xa=\dimen164
\pgf@ya=\dimen165
\pgf@xb=\dimen166
\pgf@yb=\dimen167
\pgf@xc=\dimen168
\pgf@yc=\dimen169
\pgf@xd=\dimen170
\pgf@yd=\dimen171
\w@pgf@writea=\write3
\r@pgf@reada=\read2
\c@pgf@counta=\count195
\c@pgf@countb=\count196
\c@pgf@countc=\count197
\c@pgf@countd=\count198
\t@pgf@toka=\toks21
\t@pgf@tokb=\toks22
\t@pgf@tokc=\toks23
\pgf@sys@id@count=\count199

(/usr/local/texlive/2020/texmf-dist/tex/generic/pgf/systemlayer/pgf.cfg
File: pgf.cfg 2020/01/08 v3.1.5b (3.1.5b)
)
Driver file for pgf: pgfsys-pdftex.def

(/usr/local/texlive/2020/texmf-dist/tex/generic/pgf/systemlayer/pgfsys-pdftex.d
ef
File: pgfsys-pdftex.def 2020/01/08 v3.1.5b (3.1.5b)

(/usr/local/texlive/2020/texmf-dist/tex/generic/pgf/systemlayer/pgfsys-common-p
df.def
File: pgfsys-common-pdf.def 2020/01/08 v3.1.5b (3.1.5b)
)))
(/usr/local/texlive/2020/texmf-dist/tex/generic/pgf/systemlayer/pgfsyssoftpath.
code.tex
File: pgfsyssoftpath.code.tex 2020/01/08 v3.1.5b (3.1.5b)
\pgfsyssoftpath@smallbuffer@items=\count266
\pgfsyssoftpath@bigbuffer@items=\count267
)
(/usr/local/texlive/2020/texmf-dist/tex/generic/pgf/systemlayer/pgfsysprotocol.
code.tex
File: pgfsysprotocol.code.tex 2020/01/08 v3.1.5b (3.1.5b)
)) (/usr/local/texlive/2020/texmf-dist/tex/latex/xcolor/xcolor.sty
Package: xcolor 2016/05/11 v2.12 LaTeX color extensions (UK)

(/usr/local/texlive/2020/texmf-dist/tex/latex/graphics-cfg/color.cfg
File: color.cfg 2016/01/02 v1.6 sample color configuration
)
Package xcolor Info: Driver file: pdftex.def on input line 225.
Package xcolor Info: Model `cmy' substituted by `cmy0' on input line 1348.
Package xcolor Info: Model `hsb' substituted by `rgb' on input line 1352.
Package xcolor Info: Model `RGB' extended on input line 1364.
Package xcolor Info: Model `HTML' substituted by `rgb' on input line 1366.
Package xcolor Info: Model `Hsb' substituted by `hsb' on input line 1367.
Package xcolor Info: Model `tHsb' substituted by `hsb' on input line 1368.
Package xcolor Info: Model `HSB' substituted by `hsb' on input line 1369.
Package xcolor Info: Model `Gray' substituted by `gray' on input line 1370.
Package xcolor Info: Model `wave' substituted by `hsb' on input line 1371.
)
(/usr/local/texlive/2020/texmf-dist/tex/generic/pgf/basiclayer/pgfcore.code.tex
Package: pgfcore 2020/01/08 v3.1.5b (3.1.5b)
(/usr/local/texlive/2020/texmf-dist/tex/generic/pgf/math/pgfmath.code.tex
(/usr/local/texlive/2020/texmf-dist/tex/generic/pgf/math/pgfmathcalc.code.tex
(/usr/local/texlive/2020/texmf-dist/tex/generic/pgf/math/pgfmathutil.code.tex)
(/usr/local/texlive/2020/texmf-dist/tex/generic/pgf/math/pgfmathparser.code.tex
\pgfmath@dimen=\dimen172
\pgfmath@count=\count268
\pgfmath@box=\box55
\pgfmath@toks=\toks24
\pgfmath@stack@operand=\toks25
\pgfmath@stack@operation=\toks26
)
(/usr/local/texlive/2020/texmf-dist/tex/generic/pgf/math/pgfmathfunctions.code.
tex
(/usr/local/texlive/2020/texmf-dist/tex/generic/pgf/math/pgfmathfunctions.basic
.code.tex)
(/usr/local/texlive/2020/texmf-dist/tex/generic/pgf/math/pgfmathfunctions.trigo
nometric.code.tex)
(/usr/local/texlive/2020/texmf-dist/tex/generic/pgf/math/pgfmathfunctions.rando
m.code.tex)
(/usr/local/texlive/2020/texmf-dist/tex/generic/pgf/math/pgfmathfunctions.compa
rison.code.tex)
(/usr/local/texlive/2020/texmf-dist/tex/generic/pgf/math/pgfmathfunctions.base.
code.tex)
(/usr/local/texlive/2020/texmf-dist/tex/generic/pgf/math/pgfmathfunctions.round
.code.tex)
(/usr/local/texlive/2020/texmf-dist/tex/generic/pgf/math/pgfmathfunctions.misc.
code.tex)
(/usr/local/texlive/2020/texmf-dist/tex/generic/pgf/math/pgfmathfunctions.integ
erarithmetics.code.tex)))
(/usr/local/texlive/2020/texmf-dist/tex/generic/pgf/math/pgfmathfloat.code.tex
\c@pgfmathroundto@lastzeros=\count269
)) (/usr/local/texlive/2020/texmf-dist/tex/generic/pgf/math/pgfint.code.tex)
(/usr/local/texlive/2020/texmf-dist/tex/generic/pgf/basiclayer/pgfcorepoints.co
de.tex
File: pgfcorepoints.code.tex 2020/01/08 v3.1.5b (3.1.5b)
\pgf@picminx=\dimen173
\pgf@picmaxx=\dimen174
\pgf@picminy=\dimen175
\pgf@picmaxy=\dimen176
\pgf@pathminx=\dimen177
\pgf@pathmaxx=\dimen178
\pgf@pathminy=\dimen179
\pgf@pathmaxy=\dimen180
\pgf@xx=\dimen181
\pgf@xy=\dimen182
\pgf@yx=\dimen183
\pgf@yy=\dimen184
\pgf@zx=\dimen185
\pgf@zy=\dimen186
)
(/usr/local/texlive/2020/texmf-dist/tex/generic/pgf/basiclayer/pgfcorepathconst
ruct.code.tex
File: pgfcorepathconstruct.code.tex 2020/01/08 v3.1.5b (3.1.5b)
\pgf@path@lastx=\dimen187
\pgf@path@lasty=\dimen188
)
(/usr/local/texlive/2020/texmf-dist/tex/generic/pgf/basiclayer/pgfcorepathusage
.code.tex
File: pgfcorepathusage.code.tex 2020/01/08 v3.1.5b (3.1.5b)
\pgf@shorten@end@additional=\dimen189
\pgf@shorten@start@additional=\dimen190
)
(/usr/local/texlive/2020/texmf-dist/tex/generic/pgf/basiclayer/pgfcorescopes.co
de.tex
File: pgfcorescopes.code.tex 2020/01/08 v3.1.5b (3.1.5b)
\pgfpic=\box56
\pgf@hbox=\box57
\pgf@layerbox@main=\box58
\pgf@picture@serial@count=\count270
)
(/usr/local/texlive/2020/texmf-dist/tex/generic/pgf/basiclayer/pgfcoregraphicst
ate.code.tex
File: pgfcoregraphicstate.code.tex 2020/01/08 v3.1.5b (3.1.5b)
\pgflinewidth=\dimen191
)
(/usr/local/texlive/2020/texmf-dist/tex/generic/pgf/basiclayer/pgfcoretransform
ations.code.tex
File: pgfcoretransformations.code.tex 2020/01/08 v3.1.5b (3.1.5b)
\pgf@pt@x=\dimen192
\pgf@pt@y=\dimen193
\pgf@pt@temp=\dimen194
)
(/usr/local/texlive/2020/texmf-dist/tex/generic/pgf/basiclayer/pgfcorequick.cod
e.tex
File: pgfcorequick.code.tex 2020/01/08 v3.1.5b (3.1.5b)
)
(/usr/local/texlive/2020/texmf-dist/tex/generic/pgf/basiclayer/pgfcoreobjects.c
ode.tex
File: pgfcoreobjects.code.tex 2020/01/08 v3.1.5b (3.1.5b)
)
(/usr/local/texlive/2020/texmf-dist/tex/generic/pgf/basiclayer/pgfcorepathproce
ssing.code.tex
File: pgfcorepathprocessing.code.tex 2020/01/08 v3.1.5b (3.1.5b)
)
(/usr/local/texlive/2020/texmf-dist/tex/generic/pgf/basiclayer/pgfcorearrows.co
de.tex
File: pgfcorearrows.code.tex 2020/01/08 v3.1.5b (3.1.5b)
\pgfarrowsep=\dimen195
)
(/usr/local/texlive/2020/texmf-dist/tex/generic/pgf/basiclayer/pgfcoreshade.cod
e.tex
File: pgfcoreshade.code.tex 2020/01/08 v3.1.5b (3.1.5b)
\pgf@max=\dimen196
\pgf@sys@shading@range@num=\count271
\pgf@shadingcount=\count272
)
(/usr/local/texlive/2020/texmf-dist/tex/generic/pgf/basiclayer/pgfcoreimage.cod
e.tex
File: pgfcoreimage.code.tex 2020/01/08 v3.1.5b (3.1.5b)

(/usr/local/texlive/2020/texmf-dist/tex/generic/pgf/basiclayer/pgfcoreexternal.
code.tex
File: pgfcoreexternal.code.tex 2020/01/08 v3.1.5b (3.1.5b)
\pgfexternal@startupbox=\box59
))
(/usr/local/texlive/2020/texmf-dist/tex/generic/pgf/basiclayer/pgfcorelayers.co
de.tex
File: pgfcorelayers.code.tex 2020/01/08 v3.1.5b (3.1.5b)
)
(/usr/local/texlive/2020/texmf-dist/tex/generic/pgf/basiclayer/pgfcoretranspare
ncy.code.tex
File: pgfcoretransparency.code.tex 2020/01/08 v3.1.5b (3.1.5b)
)
(/usr/local/texlive/2020/texmf-dist/tex/generic/pgf/basiclayer/pgfcorepatterns.
code.tex
File: pgfcorepatterns.code.tex 2020/01/08 v3.1.5b (3.1.5b)
)
(/usr/local/texlive/2020/texmf-dist/tex/generic/pgf/basiclayer/pgfcorerdf.code.
tex
File: pgfcorerdf.code.tex 2020/01/08 v3.1.5b (3.1.5b)
))) (/usr/local/texlive/2020/texmf-dist/tex/latex/pgf/utilities/xxcolor.sty
Package: xxcolor 2003/10/24 ver 0.1
\XC@nummixins=\count273
\XC@countmixins=\count274
) (/usr/local/texlive/2020/texmf-dist/tex/generic/atbegshi/atbegshi.sty
Package: atbegshi 2019/12/05 v1.19 At begin shipout hook (HO)

(/usr/local/texlive/2020/texmf-dist/tex/generic/infwarerr/infwarerr.sty
Package: infwarerr 2019/12/03 v1.5 Providing info/warning/error messages (HO)
)
(/usr/local/texlive/2020/texmf-dist/tex/generic/ltxcmds/ltxcmds.sty
Package: ltxcmds 2019/12/15 v1.24 LaTeX kernel commands for general use (HO)
))
(/usr/local/texlive/2020/texmf-dist/tex/latex/hyperref/hyperref.sty
Package: hyperref 2020/01/14 v7.00d Hypertext links for LaTeX

(/usr/local/texlive/2020/texmf-dist/tex/latex/pdftexcmds/pdftexcmds.sty
Package: pdftexcmds 2019/11/24 v0.31 Utility functions of pdfTeX for LuaTeX (HO
)
Package pdftexcmds Info: \pdf@primitive is available.
Package pdftexcmds Info: \pdf@ifprimitive is available.
Package pdftexcmds Info: \pdfdraftmode found.
)
(/usr/local/texlive/2020/texmf-dist/tex/generic/kvsetkeys/kvsetkeys.sty
Package: kvsetkeys 2019/12/15 v1.18 Key value parser (HO)
)
(/usr/local/texlive/2020/texmf-dist/tex/generic/kvdefinekeys/kvdefinekeys.sty
Package: kvdefinekeys 2019-12-19 v1.6 Define keys (HO)
)
(/usr/local/texlive/2020/texmf-dist/tex/generic/pdfescape/pdfescape.sty
Package: pdfescape 2019/12/09 v1.15 Implements pdfTeX's escape features (HO)
)
(/usr/local/texlive/2020/texmf-dist/tex/latex/hycolor/hycolor.sty
Package: hycolor 2020-01-27 v1.10 Color options for hyperref/bookmark (HO)
)
(/usr/local/texlive/2020/texmf-dist/tex/latex/letltxmacro/letltxmacro.sty
Package: letltxmacro 2019/12/03 v1.6 Let assignment for LaTeX macros (HO)
)
(/usr/local/texlive/2020/texmf-dist/tex/latex/auxhook/auxhook.sty
Package: auxhook 2019-12-17 v1.6 Hooks for auxiliary files (HO)
)
(/usr/local/texlive/2020/texmf-dist/tex/latex/kvoptions/kvoptions.sty
Package: kvoptions 2019/11/29 v3.13 Key value format for package options (HO)
)
\@linkdim=\dimen197
\Hy@linkcounter=\count275
\Hy@pagecounter=\count276

(/usr/local/texlive/2020/texmf-dist/tex/latex/hyperref/pd1enc.def
File: pd1enc.def 2020/01/14 v7.00d Hyperref: PDFDocEncoding definition (HO)
Now handling font encoding PD1 ...
... no UTF-8 mapping file for font encoding PD1
)
(/usr/local/texlive/2020/texmf-dist/tex/generic/intcalc/intcalc.sty
Package: intcalc 2019/12/15 v1.3 Expandable calculations with integers (HO)
)
(/usr/local/texlive/2020/texmf-dist/tex/generic/etexcmds/etexcmds.sty
Package: etexcmds 2019/12/15 v1.7 Avoid name clashes with e-TeX commands (HO)
)
\Hy@SavedSpaceFactor=\count277
Package hyperref Info: Option `bookmarks' set `true' on input line 4421.
Package hyperref Info: Option `bookmarksopen' set `true' on input line 4421.
Package hyperref Info: Option `implicit' set `false' on input line 4421.
Package hyperref Info: Hyper figures OFF on input line 4547.
Package hyperref Info: Link nesting OFF on input line 4552.
Package hyperref Info: Hyper index ON on input line 4555.
Package hyperref Info: Plain pages OFF on input line 4562.
Package hyperref Info: Backreferencing OFF on input line 4567.
Package hyperref Info: Implicit mode OFF; no redefinition of LaTeX internals.
Package hyperref Info: Bookmarks ON on input line 4800.
\c@Hy@tempcnt=\count278

(/usr/local/texlive/2020/texmf-dist/tex/latex/url/url.sty
\Urlmuskip=\muskip16
Package: url 2013/09/16  ver 3.4  Verb mode for urls, etc.
)
LaTeX Info: Redefining \url on input line 5159.
\XeTeXLinkMargin=\dimen198

(/usr/local/texlive/2020/texmf-dist/tex/generic/bitset/bitset.sty
Package: bitset 2019/12/09 v1.3 Handle bit-vector datatype (HO)

(/usr/local/texlive/2020/texmf-dist/tex/generic/bigintcalc/bigintcalc.sty
Package: bigintcalc 2019/12/15 v1.5 Expandable calculations on big integers (HO
)
))
\Fld@menulength=\count279
\Field@Width=\dimen199
\Fld@charsize=\dimen256
Package hyperref Info: Hyper figures OFF on input line 6430.
Package hyperref Info: Link nesting OFF on input line 6435.
Package hyperref Info: Hyper index ON on input line 6438.
Package hyperref Info: backreferencing OFF on input line 6445.
Package hyperref Info: Link coloring OFF on input line 6450.
Package hyperref Info: Link coloring with OCG OFF on input line 6455.
Package hyperref Info: PDF/A mode OFF on input line 6460.
LaTeX Info: Redefining \ref on input line 6500.
LaTeX Info: Redefining \pageref on input line 6504.
\Hy@abspage=\count280


Package hyperref Message: Stopped early.

)
Package hyperref Info: Driver (autodetected): hpdftex.
 (/usr/local/texlive/2020/texmf-dist/tex/latex/hyperref/hpdftex.def
File: hpdftex.def 2020/01/14 v7.00d Hyperref driver for pdfTeX

(/usr/local/texlive/2020/texmf-dist/tex/latex/atveryend/atveryend.sty
Package: atveryend 2019-12-11 v1.11 Hooks at the very end of document (HO)
)
\Fld@listcount=\count281
\c@bookmark@seq@number=\count282

(/usr/local/texlive/2020/texmf-dist/tex/latex/rerunfilecheck/rerunfilecheck.sty
Package: rerunfilecheck 2019/12/05 v1.9 Rerun checks for auxiliary files (HO)

(/usr/local/texlive/2020/texmf-dist/tex/generic/uniquecounter/uniquecounter.sty
Package: uniquecounter 2019/12/15 v1.4 Provide unlimited unique counter (HO)
)
Package uniquecounter Info: New unique counter `rerunfilecheck' on input line 2
86.
)) (/usr/local/texlive/2020/texmf-dist/tex/latex/beamer/beamerbaserequires.sty
(/usr/local/texlive/2020/texmf-dist/tex/latex/beamer/beamerbasecompatibility.st
y) (/usr/local/texlive/2020/texmf-dist/tex/latex/beamer/beamerbasefont.sty
(/usr/local/texlive/2020/texmf-dist/tex/latex/amsfonts/amssymb.sty
Package: amssymb 2013/01/14 v3.01 AMS font symbols

(/usr/local/texlive/2020/texmf-dist/tex/latex/amsfonts/amsfonts.sty
Package: amsfonts 2013/01/14 v3.01 Basic AMSFonts support
\@emptytoks=\toks27
\symAMSa=\mathgroup4
\symAMSb=\mathgroup5
LaTeX Font Info:    Redeclaring math symbol \hbar on input line 98.
LaTeX Font Info:    Overwriting math alphabet `\mathfrak' in version `bold'
(Font)                  U/euf/m/n --> U/euf/b/n on input line 106.
))
(/usr/local/texlive/2020/texmf-dist/tex/latex/sansmathaccent/sansmathaccent.sty
Package: sansmathaccent 2020/01/31
(/usr/local/texlive/2020/texmf-dist/tex/latex/koma-script/scrlfile.sty
Package: scrlfile 2020/01/24 v3.29 KOMA-Script package (loading files)
)))
(/usr/local/texlive/2020/texmf-dist/tex/latex/beamer/beamerbasetranslator.sty
(/usr/local/texlive/2020/texmf-dist/tex/latex/translator/translator.sty
Package: translator 2019-05-31 v1.12a Easy translation of strings in LaTeX
))
(/usr/local/texlive/2020/texmf-dist/tex/latex/beamer/beamerbasemisc.sty)
(/usr/local/texlive/2020/texmf-dist/tex/latex/beamer/beamerbasetwoscreens.sty)
(/usr/local/texlive/2020/texmf-dist/tex/latex/beamer/beamerbaseoverlay.sty
\beamer@argscount=\count283
\beamer@lastskipcover=\skip50
\beamer@trivlistdepth=\count284
)
(/usr/local/texlive/2020/texmf-dist/tex/latex/beamer/beamerbasetitle.sty)
(/usr/local/texlive/2020/texmf-dist/tex/latex/beamer/beamerbasesection.sty
\c@lecture=\count285
\c@part=\count286
\c@section=\count287
\c@subsection=\count288
\c@subsubsection=\count289
)
(/usr/local/texlive/2020/texmf-dist/tex/latex/beamer/beamerbaseframe.sty
\beamer@framebox=\box60
\beamer@frametitlebox=\box61
\beamer@zoombox=\box62
\beamer@zoomcount=\count290
\beamer@zoomframecount=\count291
\beamer@frametextheight=\dimen257
\c@subsectionslide=\count292
\beamer@frametopskip=\skip51
\beamer@framebottomskip=\skip52
\beamer@frametopskipautobreak=\skip53
\beamer@framebottomskipautobreak=\skip54
\beamer@envbody=\toks28
\framewidth=\dimen258
\c@framenumber=\count293
)
(/usr/local/texlive/2020/texmf-dist/tex/latex/beamer/beamerbaseverbatim.sty
\beamer@verbatimfileout=\write4
)
(/usr/local/texlive/2020/texmf-dist/tex/latex/beamer/beamerbaseframesize.sty
\beamer@splitbox=\box63
\beamer@autobreakcount=\count294
\beamer@autobreaklastheight=\dimen259
\beamer@frametitletoks=\toks29
\beamer@framesubtitletoks=\toks30
)
(/usr/local/texlive/2020/texmf-dist/tex/latex/beamer/beamerbaseframecomponents.
sty
\beamer@footins=\box64
) (/usr/local/texlive/2020/texmf-dist/tex/latex/beamer/beamerbasecolor.sty)
(/usr/local/texlive/2020/texmf-dist/tex/latex/beamer/beamerbasenotes.sty
\beamer@frameboxcopy=\box65
)
(/usr/local/texlive/2020/texmf-dist/tex/latex/beamer/beamerbasetoc.sty)
(/usr/local/texlive/2020/texmf-dist/tex/latex/beamer/beamerbasetemplates.sty
\beamer@sbttoks=\toks31

(/usr/local/texlive/2020/texmf-dist/tex/latex/beamer/beamerbaseauxtemplates.sty
(/usr/local/texlive/2020/texmf-dist/tex/latex/beamer/beamerbaseboxes.sty
\bmb@box=\box66
\bmb@colorbox=\box67
\bmb@boxshadow=\box68
\bmb@boxshadowball=\box69
\bmb@boxshadowballlarge=\box70
\bmb@temp=\dimen260
\bmb@dima=\dimen261
\bmb@dimb=\dimen262
\bmb@prevheight=\dimen263
)
\beamer@blockheadheight=\dimen264
))
(/usr/local/texlive/2020/texmf-dist/tex/latex/beamer/beamerbaselocalstructure.s
ty (/usr/local/texlive/2020/texmf-dist/tex/latex/tools/enumerate.sty
Package: enumerate 2015/07/23 v3.00 enumerate extensions (DPC)
\@enLab=\toks32
)
\c@figure=\count295
\c@table=\count296
\abovecaptionskip=\skip55
\belowcaptionskip=\skip56
)
(/usr/local/texlive/2020/texmf-dist/tex/latex/beamer/beamerbasenavigation.sty
\beamer@section@min@dim=\dimen265
)
(/usr/local/texlive/2020/texmf-dist/tex/latex/beamer/beamerbasetheorems.sty
(/usr/local/texlive/2020/texmf-dist/tex/latex/amsmath/amsmath.sty
Package: amsmath 2020/01/20 v2.17e AMS math features
\@mathmargin=\skip57

For additional information on amsmath, use the `?' option.
(/usr/local/texlive/2020/texmf-dist/tex/latex/amsmath/amstext.sty
Package: amstext 2000/06/29 v2.01 AMS text

(/usr/local/texlive/2020/texmf-dist/tex/latex/amsmath/amsgen.sty
File: amsgen.sty 1999/11/30 v2.0 generic functions
\@emptytoks=\toks33
\ex@=\dimen266
))
(/usr/local/texlive/2020/texmf-dist/tex/latex/amsmath/amsbsy.sty
Package: amsbsy 1999/11/29 v1.2d Bold Symbols
\pmbraise@=\dimen267
)
(/usr/local/texlive/2020/texmf-dist/tex/latex/amsmath/amsopn.sty
Package: amsopn 2016/03/08 v2.02 operator names
)
\inf@bad=\count297
LaTeX Info: Redefining \frac on input line 227.
\uproot@=\count298
\leftroot@=\count299
LaTeX Info: Redefining \overline on input line 389.
\classnum@=\count300
\DOTSCASE@=\count301
LaTeX Info: Redefining \ldots on input line 486.
LaTeX Info: Redefining \dots on input line 489.
LaTeX Info: Redefining \cdots on input line 610.
\Mathstrutbox@=\box71
\strutbox@=\box72
\big@size=\dimen268
LaTeX Font Info:    Redeclaring font encoding OML on input line 733.
LaTeX Font Info:    Redeclaring font encoding OMS on input line 734.
\macc@depth=\count302
\c@MaxMatrixCols=\count303
\dotsspace@=\muskip17
\c@parentequation=\count304
\dspbrk@lvl=\count305
\tag@help=\toks34
\row@=\count306
\column@=\count307
\maxfields@=\count308
\andhelp@=\toks35
\eqnshift@=\dimen269
\alignsep@=\dimen270
\tagshift@=\dimen271
\tagwidth@=\dimen272
\totwidth@=\dimen273
\lineht@=\dimen274
\@envbody=\toks36
\multlinegap=\skip58
\multlinetaggap=\skip59
\mathdisplay@stack=\toks37
LaTeX Info: Redefining \[ on input line 2859.
LaTeX Info: Redefining \] on input line 2860.
)
(/usr/local/texlive/2020/texmf-dist/tex/latex/amscls/amsthm.sty
Package: amsthm 2017/10/31 v2.20.4
\thm@style=\toks38
\thm@bodyfont=\toks39
\thm@headfont=\toks40
\thm@notefont=\toks41
\thm@headpunct=\toks42
\thm@preskip=\skip60
\thm@postskip=\skip61
\thm@headsep=\skip62
\dth@everypar=\toks43
)
\c@theorem=\count309
)
(/usr/local/texlive/2020/texmf-dist/tex/latex/beamer/beamerbasethemes.sty))
(/usr/local/texlive/2020/texmf-dist/tex/latex/beamer/beamerthemedefault.sty
(/usr/local/texlive/2020/texmf-dist/tex/latex/beamer/beamerfontthemedefault.sty
)
(/usr/local/texlive/2020/texmf-dist/tex/latex/beamer/beamercolorthemedefault.st
y)
(/usr/local/texlive/2020/texmf-dist/tex/latex/beamer/beamerinnerthemedefault.st
y
\beamer@dima=\dimen275
\beamer@dimb=\dimen276
)
(/usr/local/texlive/2020/texmf-dist/tex/latex/beamer/beamerouterthemedefault.st
y)))
(/usr/local/texlive/2020/texmf-dist/tex/latex/beamer/beamerthemeSingapore.sty
(/usr/local/texlive/2020/texmf-dist/tex/latex/beamer/beamerouterthememiniframes
.sty)) (/usr/local/texlive/2020/texmf-dist/tex/latex/booktabs/booktabs.sty
Package: booktabs 2020/01/12 v1.61803398 Publication quality tables
\heavyrulewidth=\dimen277
\lightrulewidth=\dimen278
\cmidrulewidth=\dimen279
\belowrulesep=\dimen280
\belowbottomsep=\dimen281
\aboverulesep=\dimen282
\abovetopsep=\dimen283
\cmidrulesep=\dimen284
\cmidrulekern=\dimen285
\defaultaddspace=\dimen286
\@cmidla=\count310
\@cmidlb=\count311
\@aboverulesep=\dimen287
\@belowrulesep=\dimen288
\@thisruleclass=\count312
\@lastruleclass=\count313
\@thisrulewidth=\dimen289
)
(/usr/local/texlive/2020/texmf-dist/tex/generic/babel/babel.sty
Package: babel 2020/03/22 3.42 The Babel package

(/usr/local/texlive/2020/texmf-dist/tex/generic/babel/switch.def
File: switch.def 2020/03/22 3.42 Babel switching mechanism
)
(/usr/local/texlive/2020/texmf-dist/tex/generic/babel-english/english.ldf
Language: english 2017/06/06 v3.3r English support from the babel system

(/usr/local/texlive/2020/texmf-dist/tex/generic/babel/babel.def
File: babel.def 2020/03/22 3.42 Babel common definitions
\babel@savecnt=\count314
\U@D=\dimen290

(/usr/local/texlive/2020/texmf-dist/tex/generic/babel/txtbabel.def)
\bbl@readstream=\read3
LaTeX Info: Redefining \textlatin on input line 2435.
\bbl@dirlevel=\count315
)
Package babel Info: \l@canadian = using hyphenrules for english
(babel)             (\language0) on input line 102.
Package babel Info: \l@australian = using hyphenrules for ukenglish
(babel)             (\language21) on input line 105.
Package babel Info: \l@newzealand = using hyphenrules for ukenglish
(babel)             (\language21) on input line 108.
))
(/usr/local/texlive/2020/texmf-dist/tex/latex/base/inputenc.sty
Package: inputenc 2018/08/11 v1.3c Input encoding file
\inpenc@prehook=\toks44
\inpenc@posthook=\toks45

(/usr/local/texlive/2020/texmf-dist/tex/latex/base/latin1.def
File: latin1.def 2018/08/11 v1.3c Input encoding file
))
(/usr/local/texlive/2020/texmf-dist/tex/latex/psnfss/times.sty
Package: times 2005/04/12 PSNFSS-v9.2a (SPQR) 
)
(/usr/local/texlive/2020/texmf-dist/tex/latex/base/fontenc.sty
Package: fontenc 2020/02/11 v2.0o Standard LaTeX package
LaTeX Font Info:    Trying to load font information for T1+phv on input line 11
2.

(/usr/local/texlive/2020/texmf-dist/tex/latex/psnfss/t1phv.fd
File: t1phv.fd 2001/06/04 scalable font definitions for T1/phv.


LaTeX Warning: Font shape declaration has incorrect series value `mc'.
               It should not contain an `m'! Please correct it.
               Found on input line 20.


LaTeX Warning: Font shape declaration has incorrect series value `mc'.
               It should not contain an `m'! Please correct it.
               Found on input line 23.


LaTeX Warning: Font shape declaration has incorrect series value `mc'.
               It should not contain an `m'! Please correct it.
               Found on input line 26.


LaTeX Warning: Font shape declaration has incorrect series value `mc'.
               It should not contain an `m'! Please correct it.
               Found on input line 46.

)) (/usr/local/texlive/2020/texmf-dist/tex/generic/nth/nth.sty
Package: nth 2002/02/27
)
(/usr/local/texlive/2020/texmf-dist/tex/latex/relsize/relsize.sty
Package: relsize 2013/03/29 ver 4.1
)
(/usr/local/texlive/2020/texmf-dist/tex/latex/caption/caption.sty
Package: caption 2020/01/03 v3.4h Customizing captions (AR)

(/usr/local/texlive/2020/texmf-dist/tex/latex/caption/caption3.sty
Package: caption3 2020/01/03 v1.8h caption3 kernel (AR)
Package caption3 Info: TeX engine: e-TeX on input line 61.
\captionmargin=\dimen291
\captionmargin@=\dimen292
\captionwidth=\dimen293
\caption@tempdima=\dimen294
\caption@indent=\dimen295
\caption@parindent=\dimen296
\caption@hangindent=\dimen297
Package caption Info: beamer document class detected.
)
\c@caption@flags=\count316
\c@continuedfloat=\count317
Package caption Info: beamer document class.
Package caption Info: hyperref package is loaded.
Package caption Info: Hyperref support is turned off
(caption)             because hyperref has stopped early.
)
(/usr/local/texlive/2020/texmf-dist/tex/latex/l3backend/l3backend-pdfmode.def
File: l3backend-pdfmode.def 2020-03-12 L3 backend support: PDF mode
\l__kernel_color_stack_int=\count318
\l__pdf_internal_box=\box73
)
(./epidemicModel&GA_CCA_slides.aux

LaTeX Warning: Label `interface' multiply defined.


LaTeX Warning: Label `workplacesNursingHomes' multiply defined.

)
\openout1 = `epidemicModel&GA_CCA_slides.aux'.

LaTeX Font Info:    Checking defaults for OML/cmm/m/it on input line 68.
LaTeX Font Info:    ... okay on input line 68.
LaTeX Font Info:    Checking defaults for OMS/cmsy/m/n on input line 68.
LaTeX Font Info:    ... okay on input line 68.
LaTeX Font Info:    Checking defaults for OT1/cmr/m/n on input line 68.
LaTeX Font Info:    ... okay on input line 68.
LaTeX Font Info:    Checking defaults for T1/cmr/m/n on input line 68.
LaTeX Font Info:    ... okay on input line 68.
LaTeX Font Info:    Checking defaults for TS1/cmr/m/n on input line 68.
LaTeX Font Info:    ... okay on input line 68.
LaTeX Font Info:    Checking defaults for OMX/cmex/m/n on input line 68.
LaTeX Font Info:    ... okay on input line 68.
LaTeX Font Info:    Checking defaults for U/cmr/m/n on input line 68.
LaTeX Font Info:    ... okay on input line 68.
LaTeX Font Info:    Checking defaults for PD1/pdf/m/n on input line 68.
LaTeX Font Info:    ... okay on input line 68.

*geometry* driver: auto-detecting
*geometry* detected driver: pdftex
*geometry* verbose mode - [ preamble ] result:
* driver: pdftex
* paper: custom
* layout: <same size as paper>
* layoutoffset:(h,v)=(0.0pt,0.0pt)
* modes: includehead includefoot 
* h-part:(L,W,R)=(28.45274pt, 307.28987pt, 28.45274pt)
* v-part:(T,H,B)=(0.0pt, 273.14662pt, 0.0pt)
* \paperwidth=364.19536pt
* \paperheight=273.14662pt
* \textwidth=307.28987pt
* \textheight=244.6939pt
* \oddsidemargin=-43.81725pt
* \evensidemargin=-43.81725pt
* \topmargin=-72.26999pt
* \headheight=14.22636pt
* \headsep=0.0pt
* \topskip=9.0pt
* \footskip=14.22636pt
* \marginparwidth=4.0pt
* \marginparsep=10.0pt
* \columnsep=10.0pt
* \skip\footins=7.0pt plus 4.0pt minus 2.0pt
* \hoffset=0.0pt
* \voffset=0.0pt
* \mag=1000
* \@twocolumnfalse
* \@twosidefalse
* \@mparswitchfalse
* \@reversemarginfalse
* (1in=72.27pt=25.4mm, 1cm=28.453pt)

(/usr/local/texlive/2020/texmf-dist/tex/context/base/mkii/supp-pdf.mkii
[Loading MPS to PDF converter (version 2006.09.02).]
\scratchcounter=\count319
\scratchdimen=\dimen298
\scratchbox=\box74
\nofMPsegments=\count320
\nofMParguments=\count321
\everyMPshowfont=\toks46
\MPscratchCnt=\count322
\MPscratchDim=\dimen299
\MPnumerator=\count323
\makeMPintoPDFobject=\count324
\everyMPtoPDFconversion=\toks47
) (/usr/local/texlive/2020/texmf-dist/tex/latex/epstopdf-pkg/epstopdf-base.sty
Package: epstopdf-base 2020-01-24 v2.11 Base part for package epstopdf

(/usr/local/texlive/2020/texmf-dist/tex/latex/grfext/grfext.sty
Package: grfext 2019/12/03 v1.3 Manage graphics extensions (HO)
)
Package epstopdf-base Info: Redefining graphics rule for `.eps' on input line 4
85.
Package grfext Info: Graphics extension search list:
(grfext)             [.pdf,.png,.jpg,.mps,.jpeg,.jbig2,.jb2,.PDF,.PNG,.JPG,.JPE
G,.JBIG2,.JB2,.eps]
(grfext)             \AppendGraphicsExtensions on input line 504.

(/usr/local/texlive/2020/texmf-dist/tex/latex/latexconfig/epstopdf-sys.cfg
File: epstopdf-sys.cfg 2010/07/13 v1.3 Configuration of (r)epstopdf for TeX Liv
e
))
ABD: EveryShipout initializing macros
\AtBeginShipoutBox=\box75
Package hyperref Info: Link coloring OFF on input line 68.

(/usr/local/texlive/2020/texmf-dist/tex/latex/hyperref/nameref.sty
Package: nameref 2019/09/16 v2.46 Cross-referencing by name of section

(/usr/local/texlive/2020/texmf-dist/tex/latex/refcount/refcount.sty
Package: refcount 2019/12/15 v3.6 Data extraction from label references (HO)
)
(/usr/local/texlive/2020/texmf-dist/tex/generic/gettitlestring/gettitlestring.s
ty
Package: gettitlestring 2019/12/15 v1.6 Cleanup title references (HO)
)
\c@section@level=\count325
)
LaTeX Info: Redefining \ref on input line 68.
LaTeX Info: Redefining \pageref on input line 68.
LaTeX Info: Redefining \nameref on input line 68.
 (./epidemicModel&GA_CCA_slides.out) (./epidemicModel&GA_CCA_slides.out)
\@outlinefile=\write5
\openout5 = `epidemicModel&GA_CCA_slides.out'.

LaTeX Font Info:    Overwriting symbol font `operators' in version `normal'
(Font)                  OT1/cmr/m/n --> OT1/cmss/m/n on input line 68.
LaTeX Font Info:    Overwriting symbol font `operators' in version `bold'
(Font)                  OT1/cmr/bx/n --> OT1/cmss/b/n on input line 68.
\symnumbers=\mathgroup6
\sympureletters=\mathgroup7
LaTeX Font Info:    Overwriting math alphabet `\mathrm' in version `normal'
(Font)                  OT1/cmss/m/n --> T1/ptm/m/n on input line 68.
LaTeX Font Info:    Redeclaring math alphabet \mathbf on input line 68.
LaTeX Font Info:    Overwriting math alphabet `\mathbf' in version `normal'
(Font)                  OT1/cmr/bx/n --> T1/phv/b/n on input line 68.
LaTeX Font Info:    Overwriting math alphabet `\mathbf' in version `bold'
(Font)                  OT1/cmr/bx/n --> T1/phv/b/n on input line 68.
LaTeX Font Info:    Redeclaring math alphabet \mathsf on input line 68.
LaTeX Font Info:    Overwriting math alphabet `\mathsf' in version `normal'
(Font)                  OT1/cmss/m/n --> T1/phv/m/n on input line 68.
LaTeX Font Info:    Overwriting math alphabet `\mathsf' in version `bold'
(Font)                  OT1/cmss/bx/n --> T1/phv/m/n on input line 68.
LaTeX Font Info:    Redeclaring math alphabet \mathit on input line 68.
LaTeX Font Info:    Overwriting math alphabet `\mathit' in version `normal'
(Font)                  OT1/cmr/m/it --> T1/phv/m/it on input line 68.
LaTeX Font Info:    Overwriting math alphabet `\mathit' in version `bold'
(Font)                  OT1/cmr/bx/it --> T1/phv/m/it on input line 68.
LaTeX Font Info:    Redeclaring math alphabet \mathtt on input line 68.
LaTeX Font Info:    Overwriting math alphabet `\mathtt' in version `normal'
(Font)                  OT1/cmtt/m/n --> T1/pcr/m/n on input line 68.
LaTeX Font Info:    Overwriting math alphabet `\mathtt' in version `bold'
(Font)                  OT1/cmtt/m/n --> T1/pcr/m/n on input line 68.
LaTeX Font Info:    Overwriting symbol font `numbers' in version `bold'
(Font)                  T1/phv/m/n --> T1/phv/b/n on input line 68.
LaTeX Font Info:    Overwriting symbol font `pureletters' in version `bold'
(Font)                  T1/phv/m/it --> T1/phv/b/it on input line 68.
LaTeX Font Info:    Overwriting math alphabet `\mathrm' in version `bold'
(Font)                  OT1/cmss/b/n --> T1/ptm/b/n on input line 68.
LaTeX Font Info:    Overwriting math alphabet `\mathbf' in version `bold'
(Font)                  T1/phv/b/n --> T1/phv/b/n on input line 68.
LaTeX Font Info:    Overwriting math alphabet `\mathsf' in version `bold'
(Font)                  T1/phv/m/n --> T1/phv/b/n on input line 68.
LaTeX Font Info:    Overwriting math alphabet `\mathit' in version `bold'
(Font)                  T1/phv/m/it --> T1/phv/b/it on input line 68.
LaTeX Font Info:    Overwriting math alphabet `\mathtt' in version `bold'
(Font)                  T1/pcr/m/n --> T1/pcr/b/n on input line 68.

(/usr/local/texlive/2020/texmf-dist/tex/latex/translator/translator-basic-dicti
onary-English.dict
Dictionary: translator-basic-dictionary, Language: English 
)
(/usr/local/texlive/2020/texmf-dist/tex/latex/translator/translator-bibliograph
y-dictionary-English.dict
Dictionary: translator-bibliography-dictionary, Language: English 
)
(/usr/local/texlive/2020/texmf-dist/tex/latex/translator/translator-environment
-dictionary-English.dict
Dictionary: translator-environment-dictionary, Language: English 
)
(/usr/local/texlive/2020/texmf-dist/tex/latex/translator/translator-months-dict
ionary-English.dict
Dictionary: translator-months-dictionary, Language: English 
)
(/usr/local/texlive/2020/texmf-dist/tex/latex/translator/translator-numbers-dic
tionary-English.dict
Dictionary: translator-numbers-dictionary, Language: English 
)
(/usr/local/texlive/2020/texmf-dist/tex/latex/translator/translator-theorem-dic
tionary-English.dict
Dictionary: translator-theorem-dictionary, Language: English 
)
Package caption Info: Begin \AtBeginDocument code.
Package caption Info: End \AtBeginDocument code.
 (./epidemicModel&GA_CCA_slides.nav)
<logo_unito.png, id=115, 319.594pt x 126.874pt>
File: logo_unito.png Graphic file (type png)
<use logo_unito.png>
Package pdftex.def Info: logo_unito.png  used on input line 76.
(pdftex.def)             Requested size: 55.30992pt x 21.95741pt.
<CCA_Logo.png, id=117, 224.5188pt x 96.36pt>
File: CCA_Logo.png Graphic file (type png)
<use CCA_Logo.png>
Package pdftex.def Info: CCA_Logo.png  used on input line 76.
(pdftex.def)             Requested size: 46.0916pt x 19.78185pt.
LaTeX Font Info:    Trying to load font information for U+msa on input line 76.


(/usr/local/texlive/2020/texmf-dist/tex/latex/amsfonts/umsa.fd
File: umsa.fd 2013/01/14 v3.01 AMS symbols A
)
LaTeX Font Info:    Trying to load font information for U+msb on input line 76.


(/usr/local/texlive/2020/texmf-dist/tex/latex/amsfonts/umsb.fd
File: umsb.fd 2013/01/14 v3.01 AMS symbols B
)
LaTeX Font Info:    Font shape `T1/phv/m/it' in size <8> not available
(Font)              Font shape `T1/phv/m/sl' tried instead on input line 76.
LaTeX Font Info:    Font shape `T1/phv/m/it' in size <6> not available
(Font)              Font shape `T1/phv/m/sl' tried instead on input line 76.
LaTeX Font Info:    Font shape `T1/phv/m/it' in size <5> not available
(Font)              Font shape `T1/phv/m/sl' tried instead on input line 76.
 [1{/usr/local/texlive/2020/texmf-var/fonts/map/pdftex/updmap/pdftex.map}

 <./logo_unito.png> <./CCA_Logo.png>] (./epidemicModel&GA_CCA_slides.toc) [2

] [3

]
LaTeX Font Info:    Trying to load font information for T1+pcr on input line 12
1.

(/usr/local/texlive/2020/texmf-dist/tex/latex/psnfss/t1pcr.fd
File: t1pcr.fd 2001/06/04 font definitions for T1/pcr.
) [4

] [5

]
<interface2021.png, id=479, 2362.8275pt x 1126.2075pt>
File: interface2021.png Graphic file (type png)
<use interface2021.png>
Package pdftex.def Info: interface2021.png  used on input line 158.
(pdftex.def)             Requested size: 330.7936pt x 157.66797pt.

Overfull \hbox (23.50372pt too wide) in paragraph at lines 158--158
 [] 
 []

[6

 <./interface2021.png>]
<info1b.png, id=543, 620.3175pt x 657.45625pt>
File: info1b.png Graphic file (type png)
<use info1b.png>
Package pdftex.def Info: info1b.png  used on input line 171.
(pdftex.def)             Requested size: 142.67001pt x 151.21175pt.
<info2b.png, id=544, 610.28pt x 643.40375pt>
File: info2b.png Graphic file (type png)
<use info2b.png>
Package pdftex.def Info: info2b.png  used on input line 171.
(pdftex.def)             Requested size: 140.36143pt x 147.97974pt.
pdfTeX warning (ext4): destination with the same identifier (name{interface}) h
as been already used, duplicate ignored
<to be read again> 
                   \relax 
l.171 \end{frame}
                  [7

 <./info1b.png> <./info2b.png>]
<world.png, id=608, 521.95pt x 523.9575pt>
File: world.png Graphic file (type png)
<use world.png>
Package pdftex.def Info: world.png  used on input line 187.
(pdftex.def)             Requested size: 182.68523pt x 183.38786pt.
 [8

 <./world.png>]
<world3D.png, id=672, 590.205pt x 351.3125pt>
File: world3D.png Graphic file (type png)
<use world3D.png>
Package pdftex.def Info: world3D.png  used on input line 200.
(pdftex.def)             Requested size: 324.61375pt x 193.22246pt.

Overfull \hbox (17.32388pt too wide) in paragraph at lines 200--200
 [] 
 []


Overfull \vbox (2.80846pt too high) detected at line 200
 []

[9

 <./world3D.png>]
<person1.png, id=736, 342.27875pt x 829.0975pt>
File: person1.png Graphic file (type png)
<use person1.png>
Package pdftex.def Info: person1.png  used on input line 213.
(pdftex.def)             Requested size: 78.72244pt x 190.68842pt.
<person2.png, id=737, 342.27875pt x 829.0975pt>
File: person2.png Graphic file (type png)
<use person2.png>
Package pdftex.def Info: person2.png  used on input line 213.
(pdftex.def)             Requested size: 78.72244pt x 190.68842pt.
 [10

 <./person1.png> <./person2.png>] [11

]
<with8b40.png, id=862, 961.5925pt x 552.0625pt>
File: with8b40.png Graphic file (type png)
<use with8b40.png>
Package pdftex.def Info: with8b40.png  used on input line 253.
(pdftex.def)             Requested size: 276.559pt x 158.7799pt.
 [12

 <./with8b40.png>]
<with8a.png, id=925, 984.67876pt x 552.0625pt>
File: with8a.png Graphic file (type png)
<use with8a.png>
Package pdftex.def Info: with8a.png  used on input line 266.
(pdftex.def)             Requested size: 276.559pt x 155.0566pt.
pdfTeX warning (ext4): destination with the same identifier (name{workplacesNur
singHomes}) has been already used, duplicate ignored
<to be read again> 
                   \relax 
l.266 \end{frame}
                  [13

 <./with8a.png>]
<no4b.png, id=989, 972.63374pt x 552.0625pt>
File: no4b.png Graphic file (type png)
<use no4b.png>
Package pdftex.def Info: no4b.png  used on input line 281.
(pdftex.def)             Requested size: 116.71101pt x 66.24463pt.
<with7b.png, id=990, 972.63374pt x 552.0625pt>
File: with7b.png Graphic file (type png)
<use with7b.png>
Package pdftex.def Info: with7b.png  used on input line 281.
(pdftex.def)             Requested size: 116.71101pt x 66.24463pt.
<no4a.png, id=991, 982.67125pt x 552.0625pt>
File: no4a.png Graphic file (type png)
<use no4a.png>
Package pdftex.def Info: no4a.png  used on input line 281.
(pdftex.def)             Requested size: 117.91545pt x 66.24463pt.
<with7a.png, id=992, 982.67125pt x 552.0625pt>
File: with7a.png Graphic file (type png)
<use with7a.png>
Package pdftex.def Info: with7a.png  used on input line 281.
(pdftex.def)             Requested size: 117.91545pt x 66.24463pt.
 [14

 <./no4b.png> <./with7b.png> <./no4a.png> <./with7a.png>]
<withShort1.png, id=1060, 986.68625pt x 552.0625pt>
File: withShort1.png Graphic file (type png)
<use withShort1.png>
Package pdftex.def Info: withShort1.png  used on input line 302.
(pdftex.def)             Requested size: 103.59758pt x 57.96405pt.
<withShort1A.png, id=1061, 972.63374pt x 552.0625pt>
File: withShort1A.png Graphic file (type png)
<use withShort1A.png>
Package pdftex.def Info: withShort1A.png  used on input line 302.
(pdftex.def)             Requested size: 102.12213pt x 57.96405pt.
<withShort1A200.png, id=1062, 972.63374pt x 552.0625pt>
File: withShort1A200.png Graphic file (type png)
<use withShort1A200.png>
Package pdftex.def Info: withShort1A200.png  used on input line 302.
(pdftex.def)             Requested size: 102.12213pt x 57.96405pt.
<withShort1B.png, id=1063, 977.6525pt x 552.0625pt>
File: withShort1B.png Graphic file (type png)
<use withShort1B.png>
Package pdftex.def Info: withShort1B.png  used on input line 302.
(pdftex.def)             Requested size: 102.64908pt x 57.96405pt.
 [15

 <./withShort1.png> <./withShort1A.png> <./withShort1A200.png> <./withShort1B.p
ng>] [16

]
<10kNoControl.png, id=1190, 1069.9975pt x 633.36626pt>
File: 10kNoControl.png Graphic file (type png)
<use 10kNoControl.png>
Package pdftex.def Info: 10kNoControl.png  used on input line 369.
(pdftex.def)             Requested size: 235.40018pt x 139.341pt.
 [17

 <./10kNoControl.png>]
<10kBasicC.png, id=1254, 1069.9975pt x 633.36626pt>
File: 10kBasicC.png Graphic file (type png)
<use 10kBasicC.png>
Package pdftex.def Info: 10kBasicC.png  used on input line 402.
(pdftex.def)             Requested size: 235.40018pt x 139.341pt.
 [18

 <./10kBasicC.png>]
<andamento900annotato.jpg, id=1319, 1043.9pt x 642.4pt>
File: andamento900annotato.jpg Graphic file (type jpg)
<use andamento900annotato.jpg>
Package pdftex.def Info: andamento900annotato.jpg  used on input line 419.
(pdftex.def)             Requested size: 260.97435pt x 160.59961pt.
 [19

 <./andamento900annotato.jpg>]
<10kSpontWave2.png, id=1384, 1084.05pt x 633.36626pt>
File: 10kSpontWave2.png Graphic file (type png)
<use 10kSpontWave2.png>
Package pdftex.def Info: 10kSpontWave2.png  used on input line 462.
(pdftex.def)             Requested size: 184.28606pt x 107.67084pt.

Overfull \hbox (5.91393pt too wide) in paragraph at lines 462--462
[]\T1/phv/m/n/5 (1000)| 
 []


Overfull \hbox (11.27386pt too wide) in paragraph at lines 462--462
[]\T1/phv/m/n/5 Jun 1, 20| 
 []


Overfull \hbox (12.2088pt too wide) in paragraph at lines 462--462
[]\T1/phv/m/n/5 Sep 9, 20| 
 []


Overfull \hbox (14.98383pt too wide) in paragraph at lines 462--462
[]\T1/phv/m/n/5 Dec 15, 20| 
 []


Overfull \hbox (11.77885pt too wide) in paragraph at lines 462--462
[]\T1/phv/m/n/5 Feb 1, 21| 
 []


Overfull \hbox (12.60887pt too wide) in paragraph at lines 462--462
[]\T1/phv/m/n/5 May 1, 21| 
 []


Overfull \hbox (33.85353pt too wide) in paragraph at lines 462--462
[]\T1/phv/m/n/5 Dec 15, 20   to   end| 
 []


Overfull \hbox (2.01901pt too wide) in paragraph at lines 462--462
[]\T1/phv/m/n/5 sym.| 
 []


Overfull \hbox (6.18892pt too wide) in paragraph at lines 462--462
[]\T1/phv/m/n/5 sympt.| 
 []


Overfull \hbox (7.7137pt too wide) in paragraph at lines 462--462
[]\T1/phv/m/n/5 totalInf.| 
 []


Overfull \hbox (6.18892pt too wide) in paragraph at lines 462--462
[]\T1/phv/m/n/5 sympt.| 
 []


Overfull \hbox (7.7137pt too wide) in paragraph at lines 462--462
[]\T1/phv/m/n/5 totalInf.| 
 []


Overfull \hbox (6.18892pt too wide) in paragraph at lines 462--462
[]\T1/phv/m/n/5 sympt.| 
 []


Overfull \hbox (7.7137pt too wide) in paragraph at lines 462--462
[]\T1/phv/m/n/5 totalInf.| 
 []


Overfull \hbox (6.18892pt too wide) in paragraph at lines 462--462
[]\T1/phv/m/n/5 sympt.| 
 []


Overfull \hbox (7.7137pt too wide) in paragraph at lines 462--462
[]\T1/phv/m/n/5 totalInf.| 
 []


Overfull \hbox (6.18892pt too wide) in paragraph at lines 462--462
[]\T1/phv/m/n/5 sympt.| 
 []


Overfull \hbox (7.7137pt too wide) in paragraph at lines 462--462
[]\T1/phv/m/n/5 totalInf.| 
 []


Overfull \hbox (3.69394pt too wide) in paragraph at lines 462--462
[]\T1/phv/m/n/5 count| 
 []


Overfull \hbox (3.9739pt too wide) in paragraph at lines 462--462
[]\T1/phv/m/n/5 170.0| 
 []


Overfull \hbox (3.9739pt too wide) in paragraph at lines 462--462
[]\T1/phv/m/n/5 170.0| 
 []


Overfull \hbox (3.9739pt too wide) in paragraph at lines 462--462
[]\T1/phv/m/n/5 170.0| 
 []


Overfull \hbox (3.9739pt too wide) in paragraph at lines 462--462
[]\T1/phv/m/n/5 170.0| 
 []


Overfull \hbox (3.9739pt too wide) in paragraph at lines 462--462
[]\T1/phv/m/n/5 140.0| 
 []


Overfull \hbox (3.9739pt too wide) in paragraph at lines 462--462
[]\T1/phv/m/n/5 140.0| 
 []


Overfull \hbox (3.9739pt too wide) in paragraph at lines 462--462
[]\T1/phv/m/n/5 131.0| 
 []


Overfull \hbox (3.9739pt too wide) in paragraph at lines 462--462
[]\T1/phv/m/n/5 131.0| 
 []


Overfull \hbox (3.9739pt too wide) in paragraph at lines 462--462
[]\T1/phv/m/n/5 128.0| 
 []


Overfull \hbox (3.9739pt too wide) in paragraph at lines 462--462
[]\T1/phv/m/n/5 128.0| 
 []


Overfull \hbox (3.9739pt too wide) in paragraph at lines 462--462
[]\T1/phv/m/n/5 140.0| 
 []


Overfull \hbox (3.9739pt too wide) in paragraph at lines 462--462
[]\T1/phv/m/n/5 140.0| 
 []


Overfull \hbox (1.12889pt too wide) in paragraph at lines 462--462
[]\T1/phv/m/n/5 140.0| 
 []


Overfull \hbox (3.96898pt too wide) in paragraph at lines 462--462
[]\T1/phv/m/n/5 mean| 
 []


Overfull \hbox (1.19394pt too wide) in paragraph at lines 462--462
[]\T1/phv/m/n/5 37.9| 
 []


Overfull \hbox (3.9739pt too wide) in paragraph at lines 462--462
[]\T1/phv/m/n/5 100.2| 
 []


Overfull \hbox (1.19394pt too wide) in paragraph at lines 462--462
[]\T1/phv/m/n/5 60.4| 
 []


Overfull \hbox (3.9739pt too wide) in paragraph at lines 462--462
[]\T1/phv/m/n/5 159.3| 
 []


Overfull \hbox (3.9739pt too wide) in paragraph at lines 462--462
[]\T1/phv/b/n/5 248.4| 
 []


Overfull \hbox (3.9739pt too wide) in paragraph at lines 462--462
[]\T1/phv/b/n/5 648.7| 
 []


Overfull \hbox (3.9739pt too wide) in paragraph at lines 462--462
[]\T1/phv/b/n/5 432.2| 
 []


Overfull \hbox (6.75388pt too wide) in paragraph at lines 462--462
[]\T1/phv/b/n/5 1109.5| 
 []


Overfull \hbox (3.9739pt too wide) in paragraph at lines 462--462
[]\T1/phv/b/n/5 656.3| 
 []


Overfull \hbox (6.75388pt too wide) in paragraph at lines 462--462
[]\T1/phv/b/n/5 1655.5| 
 []


Overfull \hbox (3.9739pt too wide) in paragraph at lines 462--462
[]\T1/phv/m/n/5 701.1| 
 []


Overfull \hbox (6.75388pt too wide) in paragraph at lines 462--462
[]\T1/phv/m/n/5 1757.9| 
 []


Overfull \hbox (1.12889pt too wide) in paragraph at lines 462--462
[]\T1/phv/m/n/5 594.2| 
 []


Overfull \hbox (1.19394pt too wide) in paragraph at lines 462--462
[]\T1/phv/m/n/5 16.4| 
 []


Overfull \hbox (1.19394pt too wide) in paragraph at lines 462--462
[]\T1/phv/m/n/5 61.0| 
 []


Overfull \hbox (1.19394pt too wide) in paragraph at lines 462--462
[]\T1/phv/m/n/5 19.6| 
 []


Overfull \hbox (1.19394pt too wide) in paragraph at lines 462--462
[]\T1/phv/m/n/5 71.7| 
 []


Overfull \hbox (3.9739pt too wide) in paragraph at lines 462--462
[]\T1/phv/m/n/5 167.4| 
 []


Overfull \hbox (3.9739pt too wide) in paragraph at lines 462--462
[]\T1/phv/m/n/5 424.3| 
 []


Overfull \hbox (3.9739pt too wide) in paragraph at lines 462--462
[]\T1/phv/m/n/5 220.4| 
 []


Overfull \hbox (3.9739pt too wide) in paragraph at lines 462--462
[]\T1/phv/m/n/5 538.4| 
 []


Overfull \hbox (3.9739pt too wide) in paragraph at lines 462--462
[]\T1/phv/m/n/5 215.4| 
 []


Overfull \hbox (3.9739pt too wide) in paragraph at lines 462--462
[]\T1/phv/m/n/5 513.3| 
 []


Overfull \hbox (3.9739pt too wide) in paragraph at lines 462--462
[]\T1/phv/m/n/5 246.4| 
 []


Overfull \hbox (3.9739pt too wide) in paragraph at lines 462--462
[]\T1/phv/m/n/5 599.7| 
 []


Overfull \hbox (1.12889pt too wide) in paragraph at lines 462--462
[]\T1/phv/m/n/5 118.9| 
 []

[20

 <./10kSpontWave2.png>]
<10kForceWave2.png, id=1449, 1069.9975pt x 633.36626pt>
File: 10kForceWave2.png Graphic file (type png)
<use 10kForceWave2.png>
Package pdftex.def Info: 10kForceWave2.png  used on input line 500.
(pdftex.def)             Requested size: 181.89717pt x 107.67084pt.

Overfull \hbox (5.91393pt too wide) in paragraph at lines 500--500
[]\T1/phv/m/n/5 (1000)| 
 []


Overfull \hbox (11.27386pt too wide) in paragraph at lines 500--500
[]\T1/phv/m/n/5 Jun 1, 20| 
 []


Overfull \hbox (12.2088pt too wide) in paragraph at lines 500--500
[]\T1/phv/m/n/5 Sep 9, 20| 
 []


Overfull \hbox (14.98383pt too wide) in paragraph at lines 500--500
[]\T1/phv/m/n/5 Dec 15, 20| 
 []


Overfull \hbox (11.77885pt too wide) in paragraph at lines 500--500
[]\T1/phv/m/n/5 Feb 1, 21| 
 []


Overfull \hbox (12.60887pt too wide) in paragraph at lines 500--500
[]\T1/phv/m/n/5 May 1, 21| 
 []


Overfull \hbox (33.85353pt too wide) in paragraph at lines 500--500
[]\T1/phv/m/n/5 Dec 15, 20   to   end| 
 []


Overfull \hbox (2.01901pt too wide) in paragraph at lines 500--500
[]\T1/phv/m/n/5 sym.| 
 []


Overfull \hbox (6.18892pt too wide) in paragraph at lines 500--500
[]\T1/phv/m/n/5 sympt.| 
 []


Overfull \hbox (7.7137pt too wide) in paragraph at lines 500--500
[]\T1/phv/m/n/5 totalInf.| 
 []


Overfull \hbox (6.18892pt too wide) in paragraph at lines 500--500
[]\T1/phv/m/n/5 sympt.| 
 []


Overfull \hbox (7.7137pt too wide) in paragraph at lines 500--500
[]\T1/phv/m/n/5 totalInf.| 
 []


Overfull \hbox (6.18892pt too wide) in paragraph at lines 500--500
[]\T1/phv/m/n/5 sympt.| 
 []


Overfull \hbox (7.7137pt too wide) in paragraph at lines 500--500
[]\T1/phv/m/n/5 totalInf.| 
 []


Overfull \hbox (6.18892pt too wide) in paragraph at lines 500--500
[]\T1/phv/m/n/5 sympt.| 
 []


Overfull \hbox (7.7137pt too wide) in paragraph at lines 500--500
[]\T1/phv/m/n/5 totalInf.| 
 []


Overfull \hbox (6.18892pt too wide) in paragraph at lines 500--500
[]\T1/phv/m/n/5 sympt.| 
 []


Overfull \hbox (7.7137pt too wide) in paragraph at lines 500--500
[]\T1/phv/m/n/5 totalInf.| 
 []


Overfull \hbox (3.69394pt too wide) in paragraph at lines 500--500
[]\T1/phv/m/n/5 count| 
 []


Overfull \hbox (6.75388pt too wide) in paragraph at lines 500--500
[]\T1/phv/m/n/5 1407.0| 
 []


Overfull \hbox (6.75388pt too wide) in paragraph at lines 500--500
[]\T1/phv/m/n/5 1407.0| 
 []


Overfull \hbox (6.75388pt too wide) in paragraph at lines 500--500
[]\T1/phv/m/n/5 1407.0| 
 []


Overfull \hbox (6.75388pt too wide) in paragraph at lines 500--500
[]\T1/phv/m/n/5 1407.0| 
 []


Overfull \hbox (6.75388pt too wide) in paragraph at lines 500--500
[]\T1/phv/m/n/5 1044.0| 
 []


Overfull \hbox (6.75388pt too wide) in paragraph at lines 500--500
[]\T1/phv/m/n/5 1044.0| 
 []


Overfull \hbox (6.75388pt too wide) in paragraph at lines 500--500
[]\T1/phv/m/n/5 1005.0| 
 []


Overfull \hbox (6.75388pt too wide) in paragraph at lines 500--500
[]\T1/phv/m/n/5 1005.0| 
 []


Overfull \hbox (3.9739pt too wide) in paragraph at lines 500--500
[]\T1/phv/m/n/5 980.0| 
 []


Overfull \hbox (3.9739pt too wide) in paragraph at lines 500--500
[]\T1/phv/m/n/5 980.0| 
 []


Overfull \hbox (6.75388pt too wide) in paragraph at lines 500--500
[]\T1/phv/m/n/5 1044.0| 
 []


Overfull \hbox (6.75388pt too wide) in paragraph at lines 500--500
[]\T1/phv/m/n/5 1044.0| 
 []


Overfull \hbox (3.90886pt too wide) in paragraph at lines 500--500
[]\T1/phv/m/n/5 1044.0| 
 []


Overfull \hbox (3.96898pt too wide) in paragraph at lines 500--500
[]\T1/phv/m/n/5 mean| 
 []


Overfull \hbox (1.19394pt too wide) in paragraph at lines 500--500
[]\T1/phv/m/n/5 35.6| 
 []


Overfull \hbox (1.19394pt too wide) in paragraph at lines 500--500
[]\T1/phv/m/n/5 72.7| 
 []


Overfull \hbox (1.19394pt too wide) in paragraph at lines 500--500
[]\T1/phv/m/n/5 40.0| 
 []


Overfull \hbox (1.19394pt too wide) in paragraph at lines 500--500
[]\T1/phv/m/n/5 84.1| 
 []


Overfull \hbox (3.9739pt too wide) in paragraph at lines 500--500
[]\T1/phv/b/n/5 180.4| 
 []


Overfull \hbox (3.9739pt too wide) in paragraph at lines 500--500
[]\T1/phv/b/n/5 462.1| 
 []


Overfull \hbox (3.9739pt too wide) in paragraph at lines 500--500
[]\T1/phv/b/n/5 354.1| 
 []


Overfull \hbox (3.9739pt too wide) in paragraph at lines 500--500
[]\T1/phv/b/n/5 900.4| 
 []


Overfull \hbox (3.9739pt too wide) in paragraph at lines 500--500
[]\T1/phv/b/n/5 623.8| 
 []


Overfull \hbox (6.75388pt too wide) in paragraph at lines 500--500
[]\T1/phv/b/n/5 1563.3| 
 []


Overfull \hbox (3.9739pt too wide) in paragraph at lines 500--500
[]\T1/phv/m/n/5 726.6| 
 []


Overfull \hbox (6.75388pt too wide) in paragraph at lines 500--500
[]\T1/phv/m/n/5 1810.9| 
 []


Overfull \hbox (1.12889pt too wide) in paragraph at lines 500--500
[]\T1/phv/m/n/5 620.9| 
 []


Overfull \hbox (1.19394pt too wide) in paragraph at lines 500--500
[]\T1/phv/m/n/5 14.1| 
 []


Overfull \hbox (1.19394pt too wide) in paragraph at lines 500--500
[]\T1/phv/m/n/5 42.6| 
 []


Overfull \hbox (1.19394pt too wide) in paragraph at lines 500--500
[]\T1/phv/m/n/5 16.7| 
 []


Overfull \hbox (1.19394pt too wide) in paragraph at lines 500--500
[]\T1/phv/m/n/5 52.8| 
 []


Overfull \hbox (3.9739pt too wide) in paragraph at lines 500--500
[]\T1/phv/m/n/5 134.6| 
 []


Overfull \hbox (3.9739pt too wide) in paragraph at lines 500--500
[]\T1/phv/m/n/5 354.6| 
 []


Overfull \hbox (3.9739pt too wide) in paragraph at lines 500--500
[]\T1/phv/m/n/5 213.8| 
 []


Overfull \hbox (3.9739pt too wide) in paragraph at lines 500--500
[]\T1/phv/m/n/5 535.4| 
 []


Overfull \hbox (3.9739pt too wide) in paragraph at lines 500--500
[]\T1/phv/m/n/5 217.9| 
 []


Overfull \hbox (3.9739pt too wide) in paragraph at lines 500--500
[]\T1/phv/m/n/5 527.0| 
 []


Overfull \hbox (3.9739pt too wide) in paragraph at lines 500--500
[]\T1/phv/m/n/5 221.9| 
 []


Overfull \hbox (3.9739pt too wide) in paragraph at lines 500--500
[]\T1/phv/m/n/5 544.0| 
 []


Overfull \hbox (1.12889pt too wide) in paragraph at lines 500--500
[]\T1/phv/m/n/5 110.8| 
 []

[21

 <./10kForceWave2.png>]
<10kForceWave2Contr2.png, id=1514, 1069.9975pt x 633.36626pt>
File: 10kForceWave2Contr2.png Graphic file (type png)
<use 10kForceWave2Contr2.png>
Package pdftex.def Info: 10kForceWave2Contr2.png  used on input line 538.
(pdftex.def)             Requested size: 181.89717pt x 107.67084pt.

Overfull \hbox (5.91393pt too wide) in paragraph at lines 538--538
[]\T1/phv/m/n/5 (1000)| 
 []


Overfull \hbox (11.27386pt too wide) in paragraph at lines 538--538
[]\T1/phv/m/n/5 Jun 1, 20| 
 []


Overfull \hbox (12.2088pt too wide) in paragraph at lines 538--538
[]\T1/phv/m/n/5 Sep 9, 20| 
 []


Overfull \hbox (14.98383pt too wide) in paragraph at lines 538--538
[]\T1/phv/m/n/5 Dec 15, 20| 
 []


Overfull \hbox (11.77885pt too wide) in paragraph at lines 538--538
[]\T1/phv/m/n/5 Feb 1, 21| 
 []


Overfull \hbox (12.60887pt too wide) in paragraph at lines 538--538
[]\T1/phv/m/n/5 May 1, 21| 
 []


Overfull \hbox (33.85353pt too wide) in paragraph at lines 538--538
[]\T1/phv/m/n/5 Dec 15, 20   to   end| 
 []


Overfull \hbox (2.01901pt too wide) in paragraph at lines 538--538
[]\T1/phv/m/n/5 sym.| 
 []


Overfull \hbox (6.18892pt too wide) in paragraph at lines 538--538
[]\T1/phv/m/n/5 sympt.| 
 []


Overfull \hbox (7.7137pt too wide) in paragraph at lines 538--538
[]\T1/phv/m/n/5 totalInf.| 
 []


Overfull \hbox (6.18892pt too wide) in paragraph at lines 538--538
[]\T1/phv/m/n/5 sympt.| 
 []


Overfull \hbox (7.7137pt too wide) in paragraph at lines 538--538
[]\T1/phv/m/n/5 totalInf.| 
 []


Overfull \hbox (6.18892pt too wide) in paragraph at lines 538--538
[]\T1/phv/m/n/5 sympt.| 
 []


Overfull \hbox (7.7137pt too wide) in paragraph at lines 538--538
[]\T1/phv/m/n/5 totalInf.| 
 []


Overfull \hbox (6.18892pt too wide) in paragraph at lines 538--538
[]\T1/phv/m/n/5 sympt.| 
 []


Overfull \hbox (7.7137pt too wide) in paragraph at lines 538--538
[]\T1/phv/m/n/5 totalInf.| 
 []


Overfull \hbox (6.18892pt too wide) in paragraph at lines 538--538
[]\T1/phv/m/n/5 sympt.| 
 []


Overfull \hbox (7.7137pt too wide) in paragraph at lines 538--538
[]\T1/phv/m/n/5 totalInf.| 
 []


Overfull \hbox (3.69394pt too wide) in paragraph at lines 538--538
[]\T1/phv/m/n/5 count| 
 []


Overfull \hbox (6.75388pt too wide) in paragraph at lines 538--538
[]\T1/phv/m/n/5 1407.0| 
 []


Overfull \hbox (6.75388pt too wide) in paragraph at lines 538--538
[]\T1/phv/m/n/5 1407.0| 
 []


Overfull \hbox (6.75388pt too wide) in paragraph at lines 538--538
[]\T1/phv/m/n/5 1407.0| 
 []


Overfull \hbox (6.75388pt too wide) in paragraph at lines 538--538
[]\T1/phv/m/n/5 1407.0| 
 []


Overfull \hbox (3.9739pt too wide) in paragraph at lines 538--538
[]\T1/phv/m/n/5 874.0| 
 []


Overfull \hbox (3.9739pt too wide) in paragraph at lines 538--538
[]\T1/phv/m/n/5 874.0| 
 []


Overfull \hbox (3.9739pt too wide) in paragraph at lines 538--538
[]\T1/phv/m/n/5 719.0| 
 []


Overfull \hbox (3.9739pt too wide) in paragraph at lines 538--538
[]\T1/phv/m/n/5 719.0| 
 []


Overfull \hbox (3.9739pt too wide) in paragraph at lines 538--538
[]\T1/phv/m/n/5 523.0| 
 []


Overfull \hbox (3.9739pt too wide) in paragraph at lines 538--538
[]\T1/phv/m/n/5 523.0| 
 []


Overfull \hbox (3.9739pt too wide) in paragraph at lines 538--538
[]\T1/phv/m/n/5 874.0| 
 []


Overfull \hbox (3.9739pt too wide) in paragraph at lines 538--538
[]\T1/phv/m/n/5 874.0| 
 []


Overfull \hbox (1.12889pt too wide) in paragraph at lines 538--538
[]\T1/phv/m/n/5 874.0| 
 []


Overfull \hbox (3.96898pt too wide) in paragraph at lines 538--538
[]\T1/phv/m/n/5 mean| 
 []


Overfull \hbox (1.19394pt too wide) in paragraph at lines 538--538
[]\T1/phv/m/n/5 35.6| 
 []


Overfull \hbox (1.19394pt too wide) in paragraph at lines 538--538
[]\T1/phv/m/n/5 72.7| 
 []


Overfull \hbox (1.19394pt too wide) in paragraph at lines 538--538
[]\T1/phv/m/n/5 40.0| 
 []


Overfull \hbox (1.19394pt too wide) in paragraph at lines 538--538
[]\T1/phv/m/n/5 84.1| 
 []


Overfull \hbox (3.9739pt too wide) in paragraph at lines 538--538
[]\T1/phv/b/n/5 130.0| 
 []


Overfull \hbox (3.9739pt too wide) in paragraph at lines 538--538
[]\T1/phv/b/n/5 340\T1/phv/m/n/5 .6| 
 []


Overfull \hbox (3.9739pt too wide) in paragraph at lines 538--538
[]\T1/phv/b/n/5 194.4| 
 []


Overfull \hbox (3.9739pt too wide) in paragraph at lines 538--538
[]\T1/phv/b/n/5 512.8| 
 []


Overfull \hbox (3.9739pt too wide) in paragraph at lines 538--538
[]\T1/phv/b/n/5 295.7| 
 []


Overfull \hbox (3.9739pt too wide) in paragraph at lines 538--538
[]\T1/phv/b/n/5 791.2| 
 []


Overfull \hbox (3.9739pt too wide) in paragraph at lines 538--538
[]\T1/phv/m/n/5 252.7| 
 []


Overfull \hbox (3.9739pt too wide) in paragraph at lines 538--538
[]\T1/phv/m/n/5 666.4| 
 []


Overfull \hbox (1.12889pt too wide) in paragraph at lines 538--538
[]\T1/phv/m/n/5 494.1| 
 []


Overfull \hbox (1.19394pt too wide) in paragraph at lines 538--538
[]\T1/phv/m/n/5 14.1| 
 []


Overfull \hbox (1.19394pt too wide) in paragraph at lines 538--538
[]\T1/phv/m/n/5 42.6| 
 []


Overfull \hbox (1.19394pt too wide) in paragraph at lines 538--538
[]\T1/phv/m/n/5 16.7| 
 []


Overfull \hbox (1.19394pt too wide) in paragraph at lines 538--538
[]\T1/phv/m/n/5 52.8| 
 []


Overfull \hbox (1.19394pt too wide) in paragraph at lines 538--538
[]\T1/phv/m/n/5 83.9| 
 []


Overfull \hbox (3.9739pt too wide) in paragraph at lines 538--538
[]\T1/phv/m/n/5 232.6| 
 []


Overfull \hbox (3.9739pt too wide) in paragraph at lines 538--538
[]\T1/phv/m/n/5 104.1| 
 []


Overfull \hbox (3.9739pt too wide) in paragraph at lines 538--538
[]\T1/phv/m/n/5 276.9| 
 []


Overfull \hbox (3.9739pt too wide) in paragraph at lines 538--538
[]\T1/phv/m/n/5 119.1| 
 []


Overfull \hbox (3.9739pt too wide) in paragraph at lines 538--538
[]\T1/phv/m/n/5 300.6| 
 []


Overfull \hbox (3.9739pt too wide) in paragraph at lines 538--538
[]\T1/phv/m/n/5 156.8| 
 []


Overfull \hbox (3.9739pt too wide) in paragraph at lines 538--538
[]\T1/phv/m/n/5 416.4| 
 []


Overfull \hbox (1.12889pt too wide) in paragraph at lines 538--538
[]\T1/phv/m/n/5 122.7| 
 []

[22

 <./10kForceWave2Contr2.png>]
<10kForceWave2Contr2M-20.png, id=1579, 1069.9975pt x 633.36626pt>
File: 10kForceWave2Contr2M-20.png Graphic file (type png)
<use 10kForceWave2Contr2M-20.png>
Package pdftex.def Info: 10kForceWave2Contr2M-20.png  used on input line 576.
(pdftex.def)             Requested size: 181.89717pt x 107.67084pt.

Overfull \hbox (5.91393pt too wide) in paragraph at lines 576--576
[]\T1/phv/m/n/5 (1000)| 
 []


Overfull \hbox (11.27386pt too wide) in paragraph at lines 576--576
[]\T1/phv/m/n/5 Jun 1, 20| 
 []


Overfull \hbox (12.2088pt too wide) in paragraph at lines 576--576
[]\T1/phv/m/n/5 Sep 9, 20| 
 []


Overfull \hbox (14.98383pt too wide) in paragraph at lines 576--576
[]\T1/phv/m/n/5 Dec 15, 20| 
 []


Overfull \hbox (11.77885pt too wide) in paragraph at lines 576--576
[]\T1/phv/m/n/5 Feb 1, 21| 
 []


Overfull \hbox (12.60887pt too wide) in paragraph at lines 576--576
[]\T1/phv/m/n/5 May 1, 21| 
 []


Overfull \hbox (33.85353pt too wide) in paragraph at lines 576--576
[]\T1/phv/m/n/5 Dec 15, 20   to   end| 
 []


Overfull \hbox (2.01901pt too wide) in paragraph at lines 576--576
[]\T1/phv/m/n/5 sym.| 
 []


Overfull \hbox (6.18892pt too wide) in paragraph at lines 576--576
[]\T1/phv/m/n/5 sympt.| 
 []


Overfull \hbox (7.7137pt too wide) in paragraph at lines 576--576
[]\T1/phv/m/n/5 totalInf.| 
 []


Overfull \hbox (6.18892pt too wide) in paragraph at lines 576--576
[]\T1/phv/m/n/5 sympt.| 
 []


Overfull \hbox (7.7137pt too wide) in paragraph at lines 576--576
[]\T1/phv/m/n/5 totalInf.| 
 []


Overfull \hbox (6.18892pt too wide) in paragraph at lines 576--576
[]\T1/phv/m/n/5 sympt.| 
 []


Overfull \hbox (7.7137pt too wide) in paragraph at lines 576--576
[]\T1/phv/m/n/5 totalInf.| 
 []


Overfull \hbox (6.18892pt too wide) in paragraph at lines 576--576
[]\T1/phv/m/n/5 sympt.| 
 []


Overfull \hbox (7.7137pt too wide) in paragraph at lines 576--576
[]\T1/phv/m/n/5 totalInf.| 
 []


Overfull \hbox (6.18892pt too wide) in paragraph at lines 576--576
[]\T1/phv/m/n/5 sympt.| 
 []


Overfull \hbox (7.7137pt too wide) in paragraph at lines 576--576
[]\T1/phv/m/n/5 totalInf.| 
 []


Overfull \hbox (3.69394pt too wide) in paragraph at lines 576--576
[]\T1/phv/m/n/5 count| 
 []


Overfull \hbox (6.75388pt too wide) in paragraph at lines 576--576
[]\T1/phv/m/n/5 1407.0| 
 []


Overfull \hbox (6.75388pt too wide) in paragraph at lines 576--576
[]\T1/phv/m/n/5 1407.0| 
 []


Overfull \hbox (6.75388pt too wide) in paragraph at lines 576--576
[]\T1/phv/m/n/5 1407.0| 
 []


Overfull \hbox (6.75388pt too wide) in paragraph at lines 576--576
[]\T1/phv/m/n/5 1407.0| 
 []


Overfull \hbox (3.9739pt too wide) in paragraph at lines 576--576
[]\T1/phv/m/n/5 769.0| 
 []


Overfull \hbox (3.9739pt too wide) in paragraph at lines 576--576
[]\T1/phv/m/n/5 769.0| 
 []


Overfull \hbox (3.9739pt too wide) in paragraph at lines 576--576
[]\T1/phv/m/n/5 637.0| 
 []


Overfull \hbox (3.9739pt too wide) in paragraph at lines 576--576
[]\T1/phv/m/n/5 637.0| 
 []


Overfull \hbox (3.9739pt too wide) in paragraph at lines 576--576
[]\T1/phv/m/n/5 471.0| 
 []


Overfull \hbox (3.9739pt too wide) in paragraph at lines 576--576
[]\T1/phv/m/n/5 471.0| 
 []


Overfull \hbox (3.9739pt too wide) in paragraph at lines 576--576
[]\T1/phv/m/n/5 769.0| 
 []


Overfull \hbox (3.9739pt too wide) in paragraph at lines 576--576
[]\T1/phv/m/n/5 769.0| 
 []


Overfull \hbox (1.12889pt too wide) in paragraph at lines 576--576
[]\T1/phv/m/n/5 769.0| 
 []


Overfull \hbox (3.96898pt too wide) in paragraph at lines 576--576
[]\T1/phv/m/n/5 mean| 
 []


Overfull \hbox (1.19394pt too wide) in paragraph at lines 576--576
[]\T1/phv/m/n/5 35.6| 
 []


Overfull \hbox (1.19394pt too wide) in paragraph at lines 576--576
[]\T1/phv/m/n/5 72.7| 
 []


Overfull \hbox (1.19394pt too wide) in paragraph at lines 576--576
[]\T1/phv/m/n/5 40.0| 
 []


Overfull \hbox (1.19394pt too wide) in paragraph at lines 576--576
[]\T1/phv/m/n/5 84.1| 
 []


Overfull \hbox (3.9739pt too wide) in paragraph at lines 576--576
[][]\T1/phv/b/n/5 112.2[]| 
 []


Overfull \hbox (3.9739pt too wide) in paragraph at lines 576--576
[][]\T1/phv/b/n/5 294.2[]| 
 []


Overfull \hbox (3.9739pt too wide) in paragraph at lines 576--576
[]\T1/phv/b/n/5 172.0| 
 []


Overfull \hbox (3.9739pt too wide) in paragraph at lines 576--576
[]\T1/phv/b/n/5 467.9| 
 []


Overfull \hbox (3.9739pt too wide) in paragraph at lines 576--576
[]\T1/phv/b/n/5 276.5| 
 []


Overfull \hbox (3.9739pt too wide) in paragraph at lines 576--576
[]\T1/phv/b/n/5 748.6| 
 []


Overfull \hbox (3.9739pt too wide) in paragraph at lines 576--576
[]\T1/phv/m/n/5 248.9| 
 []


Overfull \hbox (3.9739pt too wide) in paragraph at lines 576--576
[]\T1/phv/m/n/5 663.4| 
 []


Overfull \hbox (1.12889pt too wide) in paragraph at lines 576--576
[]\T1/phv/m/n/5 499.3| 
 []


Overfull \hbox (1.19394pt too wide) in paragraph at lines 576--576
[]\T1/phv/m/n/5 14.1| 
 []


Overfull \hbox (1.19394pt too wide) in paragraph at lines 576--576
[]\T1/phv/m/n/5 42.6| 
 []


Overfull \hbox (1.19394pt too wide) in paragraph at lines 576--576
[]\T1/phv/m/n/5 16.7| 
 []


Overfull \hbox (1.19394pt too wide) in paragraph at lines 576--576
[]\T1/phv/m/n/5 52.8| 
 []


Overfull \hbox (1.19394pt too wide) in paragraph at lines 576--576
[]\T1/phv/m/n/5 66.8| 
 []


Overfull \hbox (3.9739pt too wide) in paragraph at lines 576--576
[]\T1/phv/m/n/5 188.4| 
 []


Overfull \hbox (1.19394pt too wide) in paragraph at lines 576--576
[]\T1/phv/m/n/5 91.5| 
 []


Overfull \hbox (3.9739pt too wide) in paragraph at lines 576--576
[]\T1/phv/m/n/5 251.3| 
 []


Overfull \hbox (3.9739pt too wide) in paragraph at lines 576--576
[]\T1/phv/m/n/5 112.9| 
 []


Overfull \hbox (3.9739pt too wide) in paragraph at lines 576--576
[]\T1/phv/m/n/5 286.9| 
 []


Overfull \hbox (3.9739pt too wide) in paragraph at lines 576--576
[]\T1/phv/m/n/5 158.0| 
 []


Overfull \hbox (3.9739pt too wide) in paragraph at lines 576--576
[]\T1/phv/m/n/5 417.5| 
 []


Overfull \hbox (1.12889pt too wide) in paragraph at lines 576--576
[]\T1/phv/m/n/5 124.1| 
 []

LaTeX Font Info:    Font shape `T1/phv/m/it' in size <10.95> not available
(Font)              Font shape `T1/phv/m/sl' tried instead on input line 576.
[23

 <./10kForceWave2Contr2M-20.png>]

LaTeX Warning: File `10kForceWave2NoFragOct5for50d.png' not found on input line
 615.


./epidemicModel&GA_CCA_slides.tex:615: Package pdftex.def Error: File `10kForce
Wave2NoFragOct5for50d.png' not found: using draft setting.

See the pdftex.def package documentation for explanation.
Type  H <return>  for immediate help.
 ...                                              
                                                  
l.615 \end{frame}
                 
? 

Overfull \hbox (5.91393pt too wide) in paragraph at lines 615--615
[]\T1/phv/m/n/5 (1000)| 
 []


Overfull \hbox (11.27386pt too wide) in paragraph at lines 615--615
[]\T1/phv/m/n/5 Jun 1, 20| 
 []


Overfull \hbox (12.2088pt too wide) in paragraph at lines 615--615
[]\T1/phv/m/n/5 Sep 9, 20| 
 []


Overfull \hbox (14.98383pt too wide) in paragraph at lines 615--615
[]\T1/phv/m/n/5 Dec 15, 20| 
 []


Overfull \hbox (11.77885pt too wide) in paragraph at lines 615--615
[]\T1/phv/m/n/5 Feb 1, 21| 
 []


Overfull \hbox (12.60887pt too wide) in paragraph at lines 615--615
[]\T1/phv/m/n/5 May 1, 21| 
 []


Overfull \hbox (33.85353pt too wide) in paragraph at lines 615--615
[]\T1/phv/m/n/5 Dec 15, 20   to   end| 
 []


Overfull \hbox (2.01901pt too wide) in paragraph at lines 615--615
[]\T1/phv/m/n/5 sym.| 
 []


Overfull \hbox (6.18892pt too wide) in paragraph at lines 615--615
[]\T1/phv/m/n/5 sympt.| 
 []


Overfull \hbox (7.7137pt too wide) in paragraph at lines 615--615
[]\T1/phv/m/n/5 totalInf.| 
 []


Overfull \hbox (6.18892pt too wide) in paragraph at lines 615--615
[]\T1/phv/m/n/5 sympt.| 
 []


Overfull \hbox (7.7137pt too wide) in paragraph at lines 615--615
[]\T1/phv/m/n/5 totalInf.| 
 []


Overfull \hbox (6.18892pt too wide) in paragraph at lines 615--615
[]\T1/phv/m/n/5 sympt.| 
 []


Overfull \hbox (7.7137pt too wide) in paragraph at lines 615--615
[]\T1/phv/m/n/5 totalInf.| 
 []


Overfull \hbox (6.18892pt too wide) in paragraph at lines 615--615
[]\T1/phv/m/n/5 sympt.| 
 []


Overfull \hbox (7.7137pt too wide) in paragraph at lines 615--615
[]\T1/phv/m/n/5 totalInf.| 
 []


Overfull \hbox (6.18892pt too wide) in paragraph at lines 615--615
[]\T1/phv/m/n/5 sympt.| 
 []


Overfull \hbox (7.7137pt too wide) in paragraph at lines 615--615
[]\T1/phv/m/n/5 totalInf.| 
 []


Overfull \hbox (3.69394pt too wide) in paragraph at lines 615--615
[]\T1/phv/m/n/5 count| 
 []


Overfull \hbox (6.75388pt too wide) in paragraph at lines 615--615
[]\T1/phv/m/n/5 1407.0| 
 []


Overfull \hbox (6.75388pt too wide) in paragraph at lines 615--615
[]\T1/phv/m/n/5 1407.0| 
 []


Overfull \hbox (6.75388pt too wide) in paragraph at lines 615--615
[]\T1/phv/m/n/5 1407.0| 
 []


Overfull \hbox (6.75388pt too wide) in paragraph at lines 615--615
[]\T1/phv/m/n/5 1407.0| 
 []


Overfull \hbox (3.9739pt too wide) in paragraph at lines 615--615
[]\T1/phv/m/n/5 934.0| 
 []


Overfull \hbox (3.9739pt too wide) in paragraph at lines 615--615
[]\T1/phv/m/n/5 934.0| 
 []


Overfull \hbox (3.9739pt too wide) in paragraph at lines 615--615
[]\T1/phv/m/n/5 812.0| 
 []


Overfull \hbox (3.9739pt too wide) in paragraph at lines 615--615
[]\T1/phv/m/n/5 812.0| 
 []


Overfull \hbox (3.9739pt too wide) in paragraph at lines 615--615
[]\T1/phv/m/n/5 667.0| 
 []


Overfull \hbox (3.9739pt too wide) in paragraph at lines 615--615
[]\T1/phv/m/n/5 667.0| 
 []


Overfull \hbox (3.9739pt too wide) in paragraph at lines 615--615
[]\T1/phv/m/n/5 934.0| 
 []


Overfull \hbox (3.9739pt too wide) in paragraph at lines 615--615
[]\T1/phv/m/n/5 934.0| 
 []


Overfull \hbox (1.12889pt too wide) in paragraph at lines 615--615
[]\T1/phv/m/n/5 934.0| 
 []


Overfull \hbox (3.96898pt too wide) in paragraph at lines 615--615
[]\T1/phv/m/n/5 mean| 
 []


Overfull \hbox (1.19394pt too wide) in paragraph at lines 615--615
[]\T1/phv/m/n/5 35.6| 
 []


Overfull \hbox (1.19394pt too wide) in paragraph at lines 615--615
[]\T1/phv/m/n/5 72.7| 
 []


Overfull \hbox (1.19394pt too wide) in paragraph at lines 615--615
[]\T1/phv/m/n/5 40.0| 
 []


Overfull \hbox (1.19394pt too wide) in paragraph at lines 615--615
[]\T1/phv/m/n/5 84.1| 
 []


Overfull \hbox (3.9739pt too wide) in paragraph at lines 615--615
[][]\T1/phv/b/n/5 141.3[]| 
 []


Overfull \hbox (3.9739pt too wide) in paragraph at lines 615--615
[][]\T1/phv/b/n/5 372.6[]| 
 []


Overfull \hbox (3.9739pt too wide) in paragraph at lines 615--615
[]\T1/phv/b/n/5 227.4| 
 []


Overfull \hbox (3.9739pt too wide) in paragraph at lines 615--615
[]\T1/phv/b/n/5 609.1| 
 []


Overfull \hbox (3.9739pt too wide) in paragraph at lines 615--615
[]\T1/phv/b/n/5 337.8| 
 []


Overfull \hbox (3.9739pt too wide) in paragraph at lines 615--615
[]\T1/phv/b/n/5 904.0| 
 []


Overfull \hbox (3.9739pt too wide) in paragraph at lines 615--615
[]\T1/phv/m/n/5 319.3| 
 []


Overfull \hbox (3.9739pt too wide) in paragraph at lines 615--615
[]\T1/phv/m/n/5 840.8| 
 []


Overfull \hbox (1.12889pt too wide) in paragraph at lines 615--615
[]\T1/phv/m/n/5 519.9| 
 []


Overfull \hbox (1.19394pt too wide) in paragraph at lines 615--615
[]\T1/phv/m/n/5 14.1| 
 []


Overfull \hbox (1.19394pt too wide) in paragraph at lines 615--615
[]\T1/phv/m/n/5 42.6| 
 []


Overfull \hbox (1.19394pt too wide) in paragraph at lines 615--615
[]\T1/phv/m/n/5 16.7| 
 []


Overfull \hbox (1.19394pt too wide) in paragraph at lines 615--615
[]\T1/phv/m/n/5 52.8| 
 []


Overfull \hbox (1.19394pt too wide) in paragraph at lines 615--615
[]\T1/phv/m/n/5 96.6| 
 []


Overfull \hbox (3.9739pt too wide) in paragraph at lines 615--615
[]\T1/phv/m/n/5 265.6| 
 []


Overfull \hbox (3.9739pt too wide) in paragraph at lines 615--615
[]\T1/phv/m/n/5 124.6| 
 []


Overfull \hbox (3.9739pt too wide) in paragraph at lines 615--615
[]\T1/phv/m/n/5 331.0| 
 []


Overfull \hbox (3.9739pt too wide) in paragraph at lines 615--615
[]\T1/phv/m/n/5 131.8| 
 []


Overfull \hbox (3.9739pt too wide) in paragraph at lines 615--615
[]\T1/phv/m/n/5 330.4| 
 []


Overfull \hbox (3.9739pt too wide) in paragraph at lines 615--615
[]\T1/phv/m/n/5 177.7| 
 []


Overfull \hbox (3.9739pt too wide) in paragraph at lines 615--615
[]\T1/phv/m/n/5 462.3| 
 []


Overfull \hbox (1.12889pt too wide) in paragraph at lines 615--615
[]\T1/phv/m/n/5 117.2| 
 []

[24

] [25

] [26

]
<Piem1.png, id=1829, 488.82625pt x 474.77374pt>
File: Piem1.png Graphic file (type png)
<use Piem1.png>
Package pdftex.def Info: Piem1.png  used on input line 695.
(pdftex.def)             Requested size: 122.20625pt x 118.69315pt.
<Piem2.png, id=1830, 668.4975pt x 582.175pt>
File: Piem2.png Graphic file (type png)
<use Piem2.png>
Package pdftex.def Info: Piem2.png  used on input line 695.
(pdftex.def)             Requested size: 167.12396pt x 145.5434pt.
 [27

 <./Piem1.png> <./Piem2.png>] [28

]
<SLAPP.png, id=1957, 973.6375pt x 597.23125pt>
File: SLAPP.png Graphic file (type png)
<use SLAPP.png>
Package pdftex.def Info: SLAPP.png  used on input line 732.
(pdftex.def)             Requested size: 253.13977pt x 155.27646pt.
 [29

 <./SLAPP.png>]
[30

]
<mappaEpidemieNelleNuvole.jpeg, id=2085, 2500.34125pt x 1875.005pt>
File: mappaEpidemieNelleNuvole.jpeg Graphic file (type jpg)
<use mappaEpidemieNelleNuvole.jpeg>
Package pdftex.def Info: mappaEpidemieNelleNuvole.jpeg  used on input line 777.

(pdftex.def)             Requested size: 225.021pt x 168.74316pt.


Package caption Warning: \label without proper reference on input line 369.
See the caption package documentation for explanation.


LaTeX Warning: Reference `noCTab' on page 31 undefined on input line 777.

[31

 <./mappaEpidemieNelleNuvole.jpeg>]
\tf@nav=\write6
\openout6 = `epidemicModel&GA_CCA_slides.nav'.

\tf@toc=\write7
\openout7 = `epidemicModel&GA_CCA_slides.toc'.

\tf@snm=\write8
\openout8 = `epidemicModel&GA_CCA_slides.snm'.

Package atveryend Info: Empty hook `BeforeClearDocument' on input line 779.
Package atveryend Info: Empty hook `AfterLastShipout' on input line 779.
 (./epidemicModel&GA_CCA_slides.aux)
Package atveryend Info: Executing hook `AtVeryEndDocument' on input line 779.
Package atveryend Info: Executing hook `AtEndAfterFileList' on input line 779.
Package rerunfilecheck Info: File `epidemicModel&GA_CCA_slides.out' has not cha
nged.
(rerunfilecheck)             Checksum: 6666B5D0FBB37E86E3CDB30F8432BD51;952.


LaTeX Warning: There were undefined references.


LaTeX Warning: There were multiply-defined labels.

 ) 
Here is how much of TeX's memory you used:
 20509 strings out of 480608
 386064 string characters out of 5903631
 680035 words of memory out of 5000000
 35750 multiletter control sequences out of 15000+600000
 567242 words of font info for 68 fonts, out of 8000000 for 9000
 1141 hyphenation exceptions out of 8191
 58i,19n,67p,794b,783s stack positions out of 5000i,500n,10000p,200000b,80000s
{/usr/local/texlive/2020/texmf-dist/fonts/enc/dvips/base/8r.enc}</usr/local/t
exlive/2020/texmf-dist/fonts/type1/public/amsfonts/cm/cmss8.pfb></usr/local/tex
live/2020/texmf-dist/fonts/type1/public/amsfonts/cm/cmsy8.pfb></usr/local/texli
ve/2020/texmf-dist/fonts/type1/urw/courier/ucrr8a.pfb></usr/local/texlive/2020/
texmf-dist/fonts/type1/urw/helvetic/uhvb8a.pfb></usr/local/texlive/2020/texmf-d
ist/fonts/type1/urw/helvetic/uhvr8a.pfb></usr/local/texlive/2020/texmf-dist/fon
ts/type1/urw/helvetic/uhvro8a.pfb>
Output written on epidemicModel&GA_CCA_slides.pdf (31 pages, 3280607 bytes).
PDF statistics:
 2195 PDF objects out of 2487 (max. 8388607)
 2033 compressed objects within 21 object streams
 104 named destinations out of 1000 (max. 500000)
 327 words of extra memory for PDF output out of 10000 (max. 10000000)

