This is pdfTeX, Version 3.14159265-2.6-1.40.21 (TeX Live 2020) (preloaded format=pdflatex 2020.9.4)  16 JUN 2021 16:12
entering extended mode
 restricted \write18 enabled.
 file:line:error style messages enabled.
 %&-line parsing enabled.
**PietroTerna_iGSS20210608article.tex
(./PietroTerna_iGSS20210608article.tex
LaTeX2e <2020-02-02> patch level 5
L3 programming layer <2020-03-06>
(/usr/local/texlive/2020/texmf-dist/tex/latex/base/article.cls
Document Class: article 2019/12/20 v1.4l Standard LaTeX document class
(/usr/local/texlive/2020/texmf-dist/tex/latex/base/size12.clo
File: size12.clo 2019/12/20 v1.4l Standard LaTeX file (size option)
)
\c@part=\count167
\c@section=\count168
\c@subsection=\count169
\c@subsubsection=\count170
\c@paragraph=\count171
\c@subparagraph=\count172
\c@figure=\count173
\c@table=\count174
\abovecaptionskip=\skip47
\belowcaptionskip=\skip48
\bibindent=\dimen134
)
(/usr/local/texlive/2020/texmf-dist/tex/latex/beamer/beamerarticle.sty
Package: beamerarticle 2019/09/29 v3.57 beamer input in article mode

(/usr/local/texlive/2020/texmf-dist/tex/latex/beamer/beamerbasemodes.sty
(/usr/local/texlive/2020/texmf-dist/tex/latex/etoolbox/etoolbox.sty
Package: etoolbox 2019/09/21 v2.5h e-TeX tools for LaTeX (JAW)
\etb@tempcnta=\count175
)
\beamer@tempbox=\box45
\beamer@tempcount=\count176
\c@beamerpauses=\count177

(/usr/local/texlive/2020/texmf-dist/tex/latex/beamer/beamerbasedecode.sty
\beamer@slideinframe=\count178
\beamer@minimum=\count179
\beamer@decode@box=\box46
)
\beamer@commentbox=\box47
\beamer@modecount=\count180
))
(/usr/local/texlive/2020/texmf-dist/tex/latex/beamer/beamerbasearticle.sty
(/usr/local/texlive/2020/texmf-dist/tex/latex/beamer/beamerbaseoptions.sty
(/usr/local/texlive/2020/texmf-dist/tex/latex/graphics/keyval.sty
Package: keyval 2014/10/28 v1.15 key=value parser (DPC)
\KV@toks@=\toks15
))
(/usr/local/texlive/2020/texmf-dist/tex/latex/beamer/beamerbaserequires.sty
(/usr/local/texlive/2020/texmf-dist/tex/latex/beamer/beamerbasecompatibility.st
y) (/usr/local/texlive/2020/texmf-dist/tex/latex/beamer/beamerbasefont.sty
(/usr/local/texlive/2020/texmf-dist/tex/latex/amsfonts/amssymb.sty
Package: amssymb 2013/01/14 v3.01 AMS font symbols

(/usr/local/texlive/2020/texmf-dist/tex/latex/amsfonts/amsfonts.sty
Package: amsfonts 2013/01/14 v3.01 Basic AMSFonts support
\@emptytoks=\toks16
\symAMSa=\mathgroup4
\symAMSb=\mathgroup5
LaTeX Font Info:    Redeclaring math symbol \hbar on input line 98.
LaTeX Font Info:    Overwriting math alphabet `\mathfrak' in version `bold'
(Font)                  U/euf/m/n --> U/euf/b/n on input line 106.
)))
(/usr/local/texlive/2020/texmf-dist/tex/latex/beamer/beamerbasetranslator.sty
(/usr/local/texlive/2020/texmf-dist/tex/latex/translator/translator.sty
Package: translator 2019-05-31 v1.12a Easy translation of strings in LaTeX
))
(/usr/local/texlive/2020/texmf-dist/tex/latex/beamer/beamerbasemisc.sty)
(/usr/local/texlive/2020/texmf-dist/tex/latex/beamer/beamerbasetwoscreens.sty)
(/usr/local/texlive/2020/texmf-dist/tex/latex/beamer/beamerbaseoverlay.sty
\beamer@argscount=\count181
)
(/usr/local/texlive/2020/texmf-dist/tex/latex/beamer/beamerbasetitle.sty)
(/usr/local/texlive/2020/texmf-dist/tex/latex/beamer/beamerbasesection.sty)
(/usr/local/texlive/2020/texmf-dist/tex/latex/beamer/beamerbaseframe.sty
\c@framenumber=\count182
LaTeX Info: Redefining \\ on input line 766.
)
(/usr/local/texlive/2020/texmf-dist/tex/latex/beamer/beamerbaseverbatim.sty)
(/usr/local/texlive/2020/texmf-dist/tex/latex/beamer/beamerbaseframesize.sty)
(/usr/local/texlive/2020/texmf-dist/tex/latex/beamer/beamerbaseframecomponents.
sty) (/usr/local/texlive/2020/texmf-dist/tex/latex/beamer/beamerbasecolor.sty)
(/usr/local/texlive/2020/texmf-dist/tex/latex/beamer/beamerbasenotes.sty)
(/usr/local/texlive/2020/texmf-dist/tex/latex/beamer/beamerbasetoc.sty)
(/usr/local/texlive/2020/texmf-dist/tex/latex/beamer/beamerbasetemplates.sty
\beamer@sbttoks=\toks17

(/usr/local/texlive/2020/texmf-dist/tex/latex/beamer/beamerbaseauxtemplates.sty
))
(/usr/local/texlive/2020/texmf-dist/tex/latex/beamer/beamerbaselocalstructure.s
ty (/usr/local/texlive/2020/texmf-dist/tex/latex/tools/enumerate.sty
Package: enumerate 2015/07/23 v3.00 enumerate extensions (DPC)
\@enLab=\toks18
))
(/usr/local/texlive/2020/texmf-dist/tex/latex/beamer/beamerbasenavigation.sty)
(/usr/local/texlive/2020/texmf-dist/tex/latex/beamer/beamerbasetheorems.sty
(/usr/local/texlive/2020/texmf-dist/tex/latex/amsmath/amsmath.sty
Package: amsmath 2020/01/20 v2.17e AMS math features
\@mathmargin=\skip49

For additional information on amsmath, use the `?' option.
(/usr/local/texlive/2020/texmf-dist/tex/latex/amsmath/amstext.sty
Package: amstext 2000/06/29 v2.01 AMS text

(/usr/local/texlive/2020/texmf-dist/tex/latex/amsmath/amsgen.sty
File: amsgen.sty 1999/11/30 v2.0 generic functions
\@emptytoks=\toks19
\ex@=\dimen135
))
(/usr/local/texlive/2020/texmf-dist/tex/latex/amsmath/amsbsy.sty
Package: amsbsy 1999/11/29 v1.2d Bold Symbols
\pmbraise@=\dimen136
)
(/usr/local/texlive/2020/texmf-dist/tex/latex/amsmath/amsopn.sty
Package: amsopn 2016/03/08 v2.02 operator names
)
\inf@bad=\count183
LaTeX Info: Redefining \frac on input line 227.
\uproot@=\count184
\leftroot@=\count185
LaTeX Info: Redefining \overline on input line 389.
\classnum@=\count186
\DOTSCASE@=\count187
LaTeX Info: Redefining \ldots on input line 486.
LaTeX Info: Redefining \dots on input line 489.
LaTeX Info: Redefining \cdots on input line 610.
\Mathstrutbox@=\box48
\strutbox@=\box49
\big@size=\dimen137
LaTeX Font Info:    Redeclaring font encoding OML on input line 733.
LaTeX Font Info:    Redeclaring font encoding OMS on input line 734.
\macc@depth=\count188
\c@MaxMatrixCols=\count189
\dotsspace@=\muskip16
\c@parentequation=\count190
\dspbrk@lvl=\count191
\tag@help=\toks20
\row@=\count192
\column@=\count193
\maxfields@=\count194
\andhelp@=\toks21
\eqnshift@=\dimen138
\alignsep@=\dimen139
\tagshift@=\dimen140
\tagwidth@=\dimen141
\totwidth@=\dimen142
\lineht@=\dimen143
\@envbody=\toks22
\multlinegap=\skip50
\multlinetaggap=\skip51
\mathdisplay@stack=\toks23
LaTeX Info: Redefining \[ on input line 2859.
LaTeX Info: Redefining \] on input line 2860.
)
(/usr/local/texlive/2020/texmf-dist/tex/latex/amscls/amsthm.sty
Package: amsthm 2017/10/31 v2.20.4
\thm@style=\toks24
\thm@bodyfont=\toks25
\thm@headfont=\toks26
\thm@notefont=\toks27
\thm@headpunct=\toks28
\thm@preskip=\skip52
\thm@postskip=\skip53
\thm@headsep=\skip54
\dth@everypar=\toks29
)
\c@theorem=\count195
)
(/usr/local/texlive/2020/texmf-dist/tex/latex/beamer/beamerbasethemes.sty)))
(/usr/local/texlive/2020/texmf-dist/tex/latex/booktabs/booktabs.sty
Package: booktabs 2020/01/12 v1.61803398 Publication quality tables
\heavyrulewidth=\dimen144
\lightrulewidth=\dimen145
\cmidrulewidth=\dimen146
\belowrulesep=\dimen147
\belowbottomsep=\dimen148
\aboverulesep=\dimen149
\abovetopsep=\dimen150
\cmidrulesep=\dimen151
\cmidrulekern=\dimen152
\defaultaddspace=\dimen153
\@cmidla=\count196
\@cmidlb=\count197
\@aboverulesep=\dimen154
\@belowrulesep=\dimen155
\@thisruleclass=\count198
\@lastruleclass=\count199
\@thisrulewidth=\dimen156
)
(/usr/local/texlive/2020/texmf-dist/tex/latex/graphics/color.sty
Package: color 2019/11/23 v1.2a Standard LaTeX Color (DPC)

(/usr/local/texlive/2020/texmf-dist/tex/latex/graphics-cfg/color.cfg
File: color.cfg 2016/01/02 v1.6 sample color configuration
)
Package color Info: Driver file: pdftex.def on input line 147.

(/usr/local/texlive/2020/texmf-dist/tex/latex/graphics-def/pdftex.def
File: pdftex.def 2018/01/08 v1.0l Graphics/color driver for pdftex
))
(/usr/local/texlive/2020/texmf-dist/tex/generic/babel/babel.sty
Package: babel 2020/03/22 3.42 The Babel package

(/usr/local/texlive/2020/texmf-dist/tex/generic/babel/switch.def
File: switch.def 2020/03/22 3.42 Babel switching mechanism
)
(/usr/local/texlive/2020/texmf-dist/tex/generic/babel-english/english.ldf
Language: english 2017/06/06 v3.3r English support from the babel system

(/usr/local/texlive/2020/texmf-dist/tex/generic/babel/babel.def
File: babel.def 2020/03/22 3.42 Babel common definitions
\babel@savecnt=\count266
\U@D=\dimen157

(/usr/local/texlive/2020/texmf-dist/tex/generic/babel/txtbabel.def)
\bbl@readstream=\read2
\bbl@dirlevel=\count267
)
Package babel Info: \l@canadian = using hyphenrules for english
(babel)             (\language0) on input line 102.
Package babel Info: \l@australian = using hyphenrules for ukenglish
(babel)             (\language21) on input line 105.
Package babel Info: \l@newzealand = using hyphenrules for ukenglish
(babel)             (\language21) on input line 108.
))
(/usr/local/texlive/2020/texmf-dist/tex/latex/base/inputenc.sty
Package: inputenc 2018/08/11 v1.3c Input encoding file
\inpenc@prehook=\toks30
\inpenc@posthook=\toks31

(/usr/local/texlive/2020/texmf-dist/tex/latex/base/latin1.def
File: latin1.def 2018/08/11 v1.3c Input encoding file
))
(/usr/local/texlive/2020/texmf-dist/tex/latex/psnfss/times.sty
Package: times 2005/04/12 PSNFSS-v9.2a (SPQR) 
)
(/usr/local/texlive/2020/texmf-dist/tex/latex/base/fontenc.sty
Package: fontenc 2020/02/11 v2.0o Standard LaTeX package
LaTeX Font Info:    Trying to load font information for T1+ptm on input line 11
2.

(/usr/local/texlive/2020/texmf-dist/tex/latex/psnfss/t1ptm.fd
File: t1ptm.fd 2001/06/04 font definitions for T1/ptm.
))
(/usr/local/texlive/2020/texmf-dist/tex/generic/nth/nth.sty
Package: nth 2002/02/27
)
(/usr/local/texlive/2020/texmf-dist/tex/latex/xcolor/xcolor.sty
Package: xcolor 2016/05/11 v2.12 LaTeX color extensions (UK)

(/usr/local/texlive/2020/texmf-dist/tex/latex/graphics-cfg/color.cfg
File: color.cfg 2016/01/02 v1.6 sample color configuration
)
Package xcolor Info: Driver file: pdftex.def on input line 225.
LaTeX Info: Redefining \color on input line 709.
Package xcolor Info: Model `cmy' substituted by `cmy0' on input line 1348.
Package xcolor Info: Model `hsb' substituted by `rgb' on input line 1352.
Package xcolor Info: Model `RGB' extended on input line 1364.
Package xcolor Info: Model `HTML' substituted by `rgb' on input line 1366.
Package xcolor Info: Model `Hsb' substituted by `hsb' on input line 1367.
Package xcolor Info: Model `tHsb' substituted by `hsb' on input line 1368.
Package xcolor Info: Model `HSB' substituted by `hsb' on input line 1369.
Package xcolor Info: Model `Gray' substituted by `gray' on input line 1370.
Package xcolor Info: Model `wave' substituted by `hsb' on input line 1371.
)
(/usr/local/texlive/2020/texmf-dist/tex/latex/relsize/relsize.sty
Package: relsize 2013/03/29 ver 4.1
)
(/usr/local/texlive/2020/texmf-dist/tex/latex/graphics/graphicx.sty
Package: graphicx 2019/11/30 v1.2a Enhanced LaTeX Graphics (DPC,SPQR)

(/usr/local/texlive/2020/texmf-dist/tex/latex/graphics/graphics.sty
Package: graphics 2019/11/30 v1.4a Standard LaTeX Graphics (DPC,SPQR)

(/usr/local/texlive/2020/texmf-dist/tex/latex/graphics/trig.sty
Package: trig 2016/01/03 v1.10 sin cos tan (DPC)
)
(/usr/local/texlive/2020/texmf-dist/tex/latex/graphics-cfg/graphics.cfg
File: graphics.cfg 2016/06/04 v1.11 sample graphics configuration
)
Package graphics Info: Driver file: pdftex.def on input line 105.
)
\Gin@req@height=\dimen158
\Gin@req@width=\dimen159
)
(/usr/local/texlive/2020/texmf-dist/tex/latex/hyperref/hyperref.sty
Package: hyperref 2020/01/14 v7.00d Hypertext links for LaTeX

(/usr/local/texlive/2020/texmf-dist/tex/generic/ltxcmds/ltxcmds.sty
Package: ltxcmds 2019/12/15 v1.24 LaTeX kernel commands for general use (HO)
)
(/usr/local/texlive/2020/texmf-dist/tex/generic/iftex/iftex.sty
Package: iftex 2020/03/06 v1.0d TeX engine tests
)
(/usr/local/texlive/2020/texmf-dist/tex/latex/pdftexcmds/pdftexcmds.sty
Package: pdftexcmds 2019/11/24 v0.31 Utility functions of pdfTeX for LuaTeX (HO
)

(/usr/local/texlive/2020/texmf-dist/tex/generic/infwarerr/infwarerr.sty
Package: infwarerr 2019/12/03 v1.5 Providing info/warning/error messages (HO)
)
Package pdftexcmds Info: \pdf@primitive is available.
Package pdftexcmds Info: \pdf@ifprimitive is available.
Package pdftexcmds Info: \pdfdraftmode found.
)
(/usr/local/texlive/2020/texmf-dist/tex/generic/kvsetkeys/kvsetkeys.sty
Package: kvsetkeys 2019/12/15 v1.18 Key value parser (HO)
)
(/usr/local/texlive/2020/texmf-dist/tex/generic/kvdefinekeys/kvdefinekeys.sty
Package: kvdefinekeys 2019-12-19 v1.6 Define keys (HO)
)
(/usr/local/texlive/2020/texmf-dist/tex/generic/pdfescape/pdfescape.sty
Package: pdfescape 2019/12/09 v1.15 Implements pdfTeX's escape features (HO)
)
(/usr/local/texlive/2020/texmf-dist/tex/latex/hycolor/hycolor.sty
Package: hycolor 2020-01-27 v1.10 Color options for hyperref/bookmark (HO)
)
(/usr/local/texlive/2020/texmf-dist/tex/latex/letltxmacro/letltxmacro.sty
Package: letltxmacro 2019/12/03 v1.6 Let assignment for LaTeX macros (HO)
)
(/usr/local/texlive/2020/texmf-dist/tex/latex/auxhook/auxhook.sty
Package: auxhook 2019-12-17 v1.6 Hooks for auxiliary files (HO)
)
(/usr/local/texlive/2020/texmf-dist/tex/latex/kvoptions/kvoptions.sty
Package: kvoptions 2019/11/29 v3.13 Key value format for package options (HO)
)
\@linkdim=\dimen160
\Hy@linkcounter=\count268
\Hy@pagecounter=\count269

(/usr/local/texlive/2020/texmf-dist/tex/latex/hyperref/pd1enc.def
File: pd1enc.def 2020/01/14 v7.00d Hyperref: PDFDocEncoding definition (HO)
Now handling font encoding PD1 ...
... no UTF-8 mapping file for font encoding PD1
)
(/usr/local/texlive/2020/texmf-dist/tex/generic/intcalc/intcalc.sty
Package: intcalc 2019/12/15 v1.3 Expandable calculations with integers (HO)
)
(/usr/local/texlive/2020/texmf-dist/tex/generic/etexcmds/etexcmds.sty
Package: etexcmds 2019/12/15 v1.7 Avoid name clashes with e-TeX commands (HO)
)
\Hy@SavedSpaceFactor=\count270
Package hyperref Info: Hyper figures OFF on input line 4547.
Package hyperref Info: Link nesting OFF on input line 4552.
Package hyperref Info: Hyper index ON on input line 4555.
Package hyperref Info: Plain pages OFF on input line 4562.
Package hyperref Info: Backreferencing OFF on input line 4567.
Package hyperref Info: Implicit mode ON; LaTeX internals redefined.
Package hyperref Info: Bookmarks ON on input line 4800.
\c@Hy@tempcnt=\count271

(/usr/local/texlive/2020/texmf-dist/tex/latex/url/url.sty
\Urlmuskip=\muskip17
Package: url 2013/09/16  ver 3.4  Verb mode for urls, etc.
)
LaTeX Info: Redefining \url on input line 5159.
\XeTeXLinkMargin=\dimen161

(/usr/local/texlive/2020/texmf-dist/tex/generic/bitset/bitset.sty
Package: bitset 2019/12/09 v1.3 Handle bit-vector datatype (HO)

(/usr/local/texlive/2020/texmf-dist/tex/generic/bigintcalc/bigintcalc.sty
Package: bigintcalc 2019/12/15 v1.5 Expandable calculations on big integers (HO
)
))
\Fld@menulength=\count272
\Field@Width=\dimen162
\Fld@charsize=\dimen163
Package hyperref Info: Hyper figures OFF on input line 6430.
Package hyperref Info: Link nesting OFF on input line 6435.
Package hyperref Info: Hyper index ON on input line 6438.
Package hyperref Info: backreferencing OFF on input line 6445.
Package hyperref Info: Link coloring OFF on input line 6450.
Package hyperref Info: Link coloring with OCG OFF on input line 6455.
Package hyperref Info: PDF/A mode OFF on input line 6460.
LaTeX Info: Redefining \ref on input line 6500.
LaTeX Info: Redefining \pageref on input line 6504.

(/usr/local/texlive/2020/texmf-dist/tex/generic/atbegshi/atbegshi.sty
Package: atbegshi 2019/12/05 v1.19 At begin shipout hook (HO)
)
\Hy@abspage=\count273
\c@Item=\count274
\c@Hfootnote=\count275
)
Package hyperref Info: Driver (autodetected): hpdftex.

(/usr/local/texlive/2020/texmf-dist/tex/latex/hyperref/hpdftex.def
File: hpdftex.def 2020/01/14 v7.00d Hyperref driver for pdfTeX

(/usr/local/texlive/2020/texmf-dist/tex/latex/atveryend/atveryend.sty
Package: atveryend 2019-12-11 v1.11 Hooks at the very end of document (HO)
)
\Fld@listcount=\count276
\c@bookmark@seq@number=\count277

(/usr/local/texlive/2020/texmf-dist/tex/latex/rerunfilecheck/rerunfilecheck.sty
Package: rerunfilecheck 2019/12/05 v1.9 Rerun checks for auxiliary files (HO)

(/usr/local/texlive/2020/texmf-dist/tex/generic/uniquecounter/uniquecounter.sty
Package: uniquecounter 2019/12/15 v1.4 Provide unlimited unique counter (HO)
)
Package uniquecounter Info: New unique counter `rerunfilecheck' on input line 2
86.
)
\Hy@SectionHShift=\skip55
)
Package hyperref Info: Option `colorlinks' set `true' on input line 38.
 (/usr/local/texlive/2020/texmf-dist/tex/latex/caption/caption.sty
Package: caption 2020/01/03 v3.4h Customizing captions (AR)

(/usr/local/texlive/2020/texmf-dist/tex/latex/caption/caption3.sty
Package: caption3 2020/01/03 v1.8h caption3 kernel (AR)
Package caption3 Info: TeX engine: e-TeX on input line 61.
\captionmargin=\dimen164
\captionmargin@=\dimen165
\captionwidth=\dimen166
\caption@tempdima=\dimen167
\caption@indent=\dimen168
\caption@parindent=\dimen169
\caption@hangindent=\dimen170
Package caption Info: Standard document class detected.
)
\c@caption@flags=\count278
\c@continuedfloat=\count279
Package caption Info: hyperref package is loaded.
)
(/usr/local/texlive/2020/texmf-dist/tex/latex/l3backend/l3backend-pdfmode.def
File: l3backend-pdfmode.def 2020-03-12 L3 backend support: PDF mode
\l__kernel_color_stack_int=\count280
\l__pdf_internal_box=\box50
)
(./PietroTerna_iGSS20210608article.aux)
\openout1 = `PietroTerna_iGSS20210608article.aux'.

LaTeX Font Info:    Checking defaults for OML/cmm/m/it on input line 78.
LaTeX Font Info:    ... okay on input line 78.
LaTeX Font Info:    Checking defaults for OMS/cmsy/m/n on input line 78.
LaTeX Font Info:    ... okay on input line 78.
LaTeX Font Info:    Checking defaults for OT1/cmr/m/n on input line 78.
LaTeX Font Info:    ... okay on input line 78.
LaTeX Font Info:    Checking defaults for T1/cmr/m/n on input line 78.
LaTeX Font Info:    ... okay on input line 78.
LaTeX Font Info:    Checking defaults for TS1/cmr/m/n on input line 78.
LaTeX Font Info:    ... okay on input line 78.
LaTeX Font Info:    Checking defaults for OMX/cmex/m/n on input line 78.
LaTeX Font Info:    ... okay on input line 78.
LaTeX Font Info:    Checking defaults for U/cmr/m/n on input line 78.
LaTeX Font Info:    ... okay on input line 78.
LaTeX Font Info:    Checking defaults for PD1/pdf/m/n on input line 78.
LaTeX Font Info:    ... okay on input line 78.

(/usr/local/texlive/2020/texmf-dist/tex/latex/translator/translator-basic-dicti
onary-English.dict
Dictionary: translator-basic-dictionary, Language: English 
)
(/usr/local/texlive/2020/texmf-dist/tex/latex/translator/translator-bibliograph
y-dictionary-English.dict
Dictionary: translator-bibliography-dictionary, Language: English 
)
(/usr/local/texlive/2020/texmf-dist/tex/latex/translator/translator-environment
-dictionary-English.dict
Dictionary: translator-environment-dictionary, Language: English 
)
(/usr/local/texlive/2020/texmf-dist/tex/latex/translator/translator-months-dict
ionary-English.dict
Dictionary: translator-months-dictionary, Language: English 
)
(/usr/local/texlive/2020/texmf-dist/tex/latex/translator/translator-numbers-dic
tionary-English.dict
Dictionary: translator-numbers-dictionary, Language: English 
)
(/usr/local/texlive/2020/texmf-dist/tex/latex/translator/translator-theorem-dic
tionary-English.dict
Dictionary: translator-theorem-dictionary, Language: English 
)
(/usr/local/texlive/2020/texmf-dist/tex/context/base/mkii/supp-pdf.mkii
[Loading MPS to PDF converter (version 2006.09.02).]
\scratchcounter=\count281
\scratchdimen=\dimen171
\scratchbox=\box51
\nofMPsegments=\count282
\nofMParguments=\count283
\everyMPshowfont=\toks32
\MPscratchCnt=\count284
\MPscratchDim=\dimen172
\MPnumerator=\count285
\makeMPintoPDFobject=\count286
\everyMPtoPDFconversion=\toks33
) (/usr/local/texlive/2020/texmf-dist/tex/latex/epstopdf-pkg/epstopdf-base.sty
Package: epstopdf-base 2020-01-24 v2.11 Base part for package epstopdf
Package epstopdf-base Info: Redefining graphics rule for `.eps' on input line 4
85.

(/usr/local/texlive/2020/texmf-dist/tex/latex/latexconfig/epstopdf-sys.cfg
File: epstopdf-sys.cfg 2010/07/13 v1.3 Configuration of (r)epstopdf for TeX Liv
e
))
\AtBeginShipoutBox=\box52
Package hyperref Info: Link coloring ON on input line 78.

(/usr/local/texlive/2020/texmf-dist/tex/latex/hyperref/nameref.sty
Package: nameref 2019/09/16 v2.46 Cross-referencing by name of section

(/usr/local/texlive/2020/texmf-dist/tex/latex/refcount/refcount.sty
Package: refcount 2019/12/15 v3.6 Data extraction from label references (HO)
)
(/usr/local/texlive/2020/texmf-dist/tex/generic/gettitlestring/gettitlestring.s
ty
Package: gettitlestring 2019/12/15 v1.6 Cleanup title references (HO)
)
\c@section@level=\count287
)
LaTeX Info: Redefining \ref on input line 78.
LaTeX Info: Redefining \pageref on input line 78.
LaTeX Info: Redefining \nameref on input line 78.
 (./PietroTerna_iGSS20210608article.out)
(./PietroTerna_iGSS20210608article.out)
\@outlinefile=\write3
\openout3 = `PietroTerna_iGSS20210608article.out'.

Package caption Info: Begin \AtBeginDocument code.
Package caption Info: End \AtBeginDocument code.
<logo_unito.png, id=4, 319.594pt x 126.874pt>
File: logo_unito.png Graphic file (type png)
<use logo_unito.png>
Package pdftex.def Info: logo_unito.png  used on input line 83.
(pdftex.def)             Requested size: 70.19714pt x 27.86783pt.
<CCA_Logo.png, id=6, 224.5188pt x 96.36pt>
File: CCA_Logo.png Graphic file (type png)
<use CCA_Logo.png>
Package pdftex.def Info: CCA_Logo.png  used on input line 83.
(pdftex.def)             Requested size: 58.49762pt x 25.10593pt.


Package hyperref Warning: old toc file detected, not used; run LaTeX again.

\tf@toc=\write4
\openout4 = `PietroTerna_iGSS20210608article.toc'.

LaTeX Font Info:    Trying to load font information for TS1+ptm on input line 1
07.
(/usr/local/texlive/2020/texmf-dist/tex/latex/psnfss/ts1ptm.fd
File: ts1ptm.fd 2001/06/04 font definitions for TS1/ptm.
) [1

{/usr/local/texlive/2020/texmf-var/fonts/map/pdftex/updmap/pdftex.map} <./logo_
unito.png> <./CCA_Logo.png>]
LaTeX Font Info:    Trying to load font information for T1+pcr on input line 17
2.
 (/usr/local/texlive/2020/texmf-dist/tex/latex/psnfss/t1pcr.fd
File: t1pcr.fd 2001/06/04 font definitions for T1/pcr.
)
LaTeX Font Info:    Trying to load font information for U+msa on input line 172
.

(/usr/local/texlive/2020/texmf-dist/tex/latex/amsfonts/umsa.fd
File: umsa.fd 2013/01/14 v3.01 AMS symbols A
)
LaTeX Font Info:    Trying to load font information for U+msb on input line 172
.

(/usr/local/texlive/2020/texmf-dist/tex/latex/amsfonts/umsb.fd
File: umsb.fd 2013/01/14 v3.01 AMS symbols B
)
Overfull \hbox (4.05397pt too wide) in paragraph at lines 172--173
[]\T1/ptm/m/n/12 We use Net-L-ogo, at [][]$\T1/pcr/m/n/12 https : / / ccl . nor
thwestern . edu / netlogo/$[][]\T1/ptm/m/n/12 . 
 []

[2]
<Piedmont.png, id=44, 853.1875pt x 721.69624pt>
File: Piedmont.png Graphic file (type png)
<use Piedmont.png>
Package pdftex.def Info: Piedmont.png  used on input line 191.
(pdftex.def)             Requested size: 213.29636pt x 180.42361pt.
<world3D.png, id=45, 590.205pt x 351.3125pt>
File: world3D.png Graphic file (type png)
<use world3D.png>
Package pdftex.def Info: world3D.png  used on input line 262.
(pdftex.def)             Requested size: 324.61375pt x 193.22246pt.
 [3 <./Piedmont.png>]
<SIsaR_outline.png, id=59, 2569.6pt x 1515.6625pt>
File: SIsaR_outline.png Graphic file (type png)
<use SIsaR_outline.png>
Package pdftex.def Info: SIsaR_outline.png  used on input line 294.
(pdftex.def)             Requested size: 308.3387pt x 181.87164pt.
 [4 <./world3D.png>]
<with8b40.png, id=76, 961.5925pt x 552.0625pt>
File: with8b40.png Graphic file (type png)
<use with8b40.png>
Package pdftex.def Info: with8b40.png  used on input line 332.
(pdftex.def)             Requested size: 350.99762pt x 201.51376pt.
<with8a.png, id=77, 984.67876pt x 552.0625pt>
File: with8a.png Graphic file (type png)
<use with8a.png>
Package pdftex.def Info: with8a.png  used on input line 343.
(pdftex.def)             Requested size: 350.99762pt x 196.78802pt.
 [5 <./SIsaR_outline.png>]
<10kNoControl.png, id=93, 1069.9975pt x 633.36626pt>
File: 10kNoControl.png Graphic file (type png)
<use 10kNoControl.png>
Package pdftex.def Info: 10kNoControl.png  used on input line 410.
(pdftex.def)             Requested size: 235.40018pt x 139.341pt.
 [6 <./with8b40.png>]
<10kBasicC.png, id=106, 1069.9975pt x 633.36626pt>
File: 10kBasicC.png Graphic file (type png)
<use 10kBasicC.png>
Package pdftex.def Info: 10kBasicC.png  used on input line 443.
(pdftex.def)             Requested size: 235.40018pt x 139.341pt.
<andamento900annotato.jpg, id=107, 1043.9pt x 642.4pt>
File: andamento900annotato.jpg Graphic file (type jpg)
<use andamento900annotato.jpg>
Package pdftex.def Info: andamento900annotato.jpg  used on input line 459.
(pdftex.def)             Requested size: 260.97435pt x 160.59961pt.

Overfull \hbox (86.81589pt too wide) in paragraph at lines 472--474
[]\T1/ptm/m/n/12 Following the Civil Pro-tec-tion De-part-ment web site [][]$\T
1/pcr/m/n/12 http : / / www . protezionecivile .
 []


Overfull \hbox (23.5058pt too wide) in paragraph at lines 472--474
\T1/pcr/m/n/12 it / web / guest / department$[][]\T1/ptm/m/n/12 , we find the r
epos-i-tory [][]$\T1/pcr/m/n/12 https : / / github .
 []

[7 <./with8a.png>]
<andamento_iGSS.jpg, id=127, 939.51pt x 578.16pt>
File: andamento_iGSS.jpg Graphic file (type jpg)
<use andamento_iGSS.jpg>
Package pdftex.def Info: andamento_iGSS.jpg  used on input line 493.
(pdftex.def)             Requested size: 328.83342pt x 202.35902pt.
<10kSpontWave2.png, id=128, 1084.05pt x 633.36626pt>
File: 10kSpontWave2.png Graphic file (type png)
<use 10kSpontWave2.png>
Package pdftex.def Info: 10kSpontWave2.png  used on input line 517.
(pdftex.def)             Requested size: 184.28606pt x 107.67084pt.

Overfull \hbox (4.61502pt too wide) in paragraph at lines 529--529
[]\T1/ptm/m/n/6 (1000)| 
 []


Overfull \hbox (12.57806pt too wide) in paragraph at lines 529--529
[]\T1/ptm/m/n/6 Jun 1, 20| 
 []


Overfull \hbox (13.24403pt too wide) in paragraph at lines 529--529
[]\T1/ptm/m/n/6 Sep 9, 20| 
 []


Overfull \hbox (16.904pt too wide) in paragraph at lines 529--529
[]\T1/ptm/m/n/6 Dec 15, 20| 
 []


Overfull \hbox (13.24403pt too wide) in paragraph at lines 529--529
[]\T1/ptm/m/n/6 Feb 1, 21| 
 []


Overfull \hbox (15.24202pt too wide) in paragraph at lines 529--529
[]\T1/ptm/m/n/6 May 1, 21| 
 []


Overfull \hbox (37.07599pt too wide) in paragraph at lines 529--530
[]\T1/ptm/m/n/6 Dec 15, 20   to   end| 
 []


Overfull \hbox (5.70103pt too wide) in paragraph at lines 530--530
[]\T1/ptm/m/n/6 cum. v.| 
 []


Overfull \hbox (2.96597pt too wide) in paragraph at lines 530--530
[]\T1/ptm/m/n/6 sym.| 
 []


Overfull \hbox (7.63391pt too wide) in paragraph at lines 530--530
[]\T1/ptm/m/n/6 sympt.| 
 []


Overfull \hbox (10.6278pt too wide) in paragraph at lines 530--530
[]\T1/ptm/m/n/6 totalInf.| 
 []


Overfull \hbox (7.63391pt too wide) in paragraph at lines 530--530
[]\T1/ptm/m/n/6 sympt.| 
 []


Overfull \hbox (10.6278pt too wide) in paragraph at lines 530--530
[]\T1/ptm/m/n/6 totalInf.| 
 []


Overfull \hbox (7.63391pt too wide) in paragraph at lines 530--530
[]\T1/ptm/m/n/6 sympt.| 
 []


Overfull \hbox (10.6278pt too wide) in paragraph at lines 530--530
[]\T1/ptm/m/n/6 totalInf.| 
 []


Overfull \hbox (7.63391pt too wide) in paragraph at lines 530--530
[]\T1/ptm/m/n/6 sympt.| 
 []


Overfull \hbox (10.6278pt too wide) in paragraph at lines 530--530
[]\T1/ptm/m/n/6 totalInf.| 
 []


Overfull \hbox (7.63391pt too wide) in paragraph at lines 530--530
[]\T1/ptm/m/n/6 sympt.| 
 []


Overfull \hbox (10.6278pt too wide) in paragraph at lines 530--530
[]\T1/ptm/m/n/6 totalInf.| 
 []


Overfull \hbox (1.95097pt too wide) in paragraph at lines 532--532
[]\T1/ptm/m/n/6 count| 
 []


Overfull \hbox (4.9641pt too wide) in paragraph at lines 532--532
[]\T1/ptm/m/n/6 170.0| 
 []


Overfull \hbox (4.9641pt too wide) in paragraph at lines 532--532
[]\T1/ptm/m/n/6 170.0| 
 []


Overfull \hbox (4.9641pt too wide) in paragraph at lines 532--532
[]\T1/ptm/m/n/6 170.0| 
 []


Overfull \hbox (4.9641pt too wide) in paragraph at lines 532--532
[]\T1/ptm/m/n/6 170.0| 
 []


Overfull \hbox (4.9641pt too wide) in paragraph at lines 532--532
[]\T1/ptm/m/n/6 140.0| 
 []


Overfull \hbox (4.9641pt too wide) in paragraph at lines 532--532
[]\T1/ptm/m/n/6 140.0| 
 []


Overfull \hbox (4.9641pt too wide) in paragraph at lines 532--532
[]\T1/ptm/m/n/6 131.0| 
 []


Overfull \hbox (4.9641pt too wide) in paragraph at lines 532--532
[]\T1/ptm/m/n/6 131.0| 
 []


Overfull \hbox (4.9641pt too wide) in paragraph at lines 532--532
[]\T1/ptm/m/n/6 128.0| 
 []


Overfull \hbox (4.9641pt too wide) in paragraph at lines 532--532
[]\T1/ptm/m/n/6 128.0| 
 []


Overfull \hbox (4.9641pt too wide) in paragraph at lines 532--532
[]\T1/ptm/m/n/6 140.0| 
 []


Overfull \hbox (4.9641pt too wide) in paragraph at lines 532--532
[]\T1/ptm/m/n/6 140.0| 
 []


Overfull \hbox (2.11908pt too wide) in paragraph at lines 532--533
[]\T1/ptm/m/n/6 140.0| 
 []


Overfull \hbox (1.61493pt too wide) in paragraph at lines 533--533
[]\T1/ptm/m/n/6 mean| 
 []


Overfull \hbox (1.9641pt too wide) in paragraph at lines 533--533
[]\T1/ptm/m/n/6 37.9| 
 []


Overfull \hbox (4.9641pt too wide) in paragraph at lines 533--533
[]\T1/ptm/m/n/6 100.2| 
 []


Overfull \hbox (1.9641pt too wide) in paragraph at lines 533--533
[]\T1/ptm/m/n/6 60.4| 
 []


Overfull \hbox (4.9641pt too wide) in paragraph at lines 533--533
[]\T1/ptm/m/n/6 159.3| 
 []


Overfull \hbox (4.9641pt too wide) in paragraph at lines 533--533
[]\T1/ptm/b/n/6 248.4| 
 []


Overfull \hbox (4.9641pt too wide) in paragraph at lines 533--533
[]\T1/ptm/b/n/6 648.7| 
 []


Overfull \hbox (4.9641pt too wide) in paragraph at lines 533--533
[]\T1/ptm/b/n/6 432.2| 
 []


Overfull \hbox (7.9641pt too wide) in paragraph at lines 533--533
[]\T1/ptm/b/n/6 1109.5| 
 []


Overfull \hbox (4.9641pt too wide) in paragraph at lines 533--533
[]\T1/ptm/b/n/6 656.3| 
 []


Overfull \hbox (7.9641pt too wide) in paragraph at lines 533--533
[]\T1/ptm/b/n/6 1655.5| 
 []


Overfull \hbox (4.9641pt too wide) in paragraph at lines 533--533
[]\T1/ptm/m/n/6 701.1| 
 []


Overfull \hbox (7.9641pt too wide) in paragraph at lines 533--533
[]\T1/ptm/m/n/6 1757.9| 
 []


Overfull \hbox (2.11908pt too wide) in paragraph at lines 533--534
[]\T1/ptm/m/n/6 594.2| 
 []


Overfull \hbox (1.9641pt too wide) in paragraph at lines 534--534
[]\T1/ptm/m/n/6 16.4| 
 []


Overfull \hbox (1.9641pt too wide) in paragraph at lines 534--534
[]\T1/ptm/m/n/6 61.0| 
 []


Overfull \hbox (1.9641pt too wide) in paragraph at lines 534--534
[]\T1/ptm/m/n/6 19.6| 
 []


Overfull \hbox (1.9641pt too wide) in paragraph at lines 534--534
[]\T1/ptm/m/n/6 71.7| 
 []


Overfull \hbox (4.9641pt too wide) in paragraph at lines 534--534
[]\T1/ptm/m/n/6 167.4| 
 []


Overfull \hbox (4.9641pt too wide) in paragraph at lines 534--534
[]\T1/ptm/m/n/6 424.3| 
 []


Overfull \hbox (4.9641pt too wide) in paragraph at lines 534--534
[]\T1/ptm/m/n/6 220.4| 
 []


Overfull \hbox (4.9641pt too wide) in paragraph at lines 534--534
[]\T1/ptm/m/n/6 538.4| 
 []


Overfull \hbox (4.9641pt too wide) in paragraph at lines 534--534
[]\T1/ptm/m/n/6 215.4| 
 []


Overfull \hbox (4.9641pt too wide) in paragraph at lines 534--534
[]\T1/ptm/m/n/6 513.3| 
 []


Overfull \hbox (4.9641pt too wide) in paragraph at lines 534--534
[]\T1/ptm/m/n/6 246.4| 
 []


Overfull \hbox (4.9641pt too wide) in paragraph at lines 534--534
[]\T1/ptm/m/n/6 599.7| 
 []


Overfull \hbox (2.11908pt too wide) in paragraph at lines 534--535
[]\T1/ptm/m/n/6 118.9| 
 []

[8 <./10kNoControl.png> <./10kBasicC.png>]
<10kForceWave2.png, id=144, 1069.9975pt x 633.36626pt>
File: 10kForceWave2.png Graphic file (type png)
<use 10kForceWave2.png>
Package pdftex.def Info: 10kForceWave2.png  used on input line 555.
(pdftex.def)             Requested size: 181.89717pt x 107.67084pt.

Overfull \hbox (4.61502pt too wide) in paragraph at lines 567--567
[]\T1/ptm/m/n/6 (1000)| 
 []


Overfull \hbox (12.57806pt too wide) in paragraph at lines 567--567
[]\T1/ptm/m/n/6 Jun 1, 20| 
 []


Overfull \hbox (13.24403pt too wide) in paragraph at lines 567--567
[]\T1/ptm/m/n/6 Sep 9, 20| 
 []


Overfull \hbox (16.904pt too wide) in paragraph at lines 567--567
[]\T1/ptm/m/n/6 Dec 15, 20| 
 []


Overfull \hbox (13.24403pt too wide) in paragraph at lines 567--567
[]\T1/ptm/m/n/6 Feb 1, 21| 
 []


Overfull \hbox (15.24202pt too wide) in paragraph at lines 567--567
[]\T1/ptm/m/n/6 May 1, 21| 
 []


Overfull \hbox (37.07599pt too wide) in paragraph at lines 567--568
[]\T1/ptm/m/n/6 Dec 15, 20   to   end| 
 []


Overfull \hbox (5.70103pt too wide) in paragraph at lines 568--568
[]\T1/ptm/m/n/6 cum. v.| 
 []


Overfull \hbox (2.96597pt too wide) in paragraph at lines 568--568
[]\T1/ptm/m/n/6 sym.| 
 []


Overfull \hbox (7.63391pt too wide) in paragraph at lines 568--568
[]\T1/ptm/m/n/6 sympt.| 
 []


Overfull \hbox (10.6278pt too wide) in paragraph at lines 568--568
[]\T1/ptm/m/n/6 totalInf.| 
 []


Overfull \hbox (7.63391pt too wide) in paragraph at lines 568--568
[]\T1/ptm/m/n/6 sympt.| 
 []


Overfull \hbox (10.6278pt too wide) in paragraph at lines 568--568
[]\T1/ptm/m/n/6 totalInf.| 
 []


Overfull \hbox (7.63391pt too wide) in paragraph at lines 568--568
[]\T1/ptm/m/n/6 sympt.| 
 []


Overfull \hbox (10.6278pt too wide) in paragraph at lines 568--568
[]\T1/ptm/m/n/6 totalInf.| 
 []


Overfull \hbox (7.63391pt too wide) in paragraph at lines 568--568
[]\T1/ptm/m/n/6 sympt.| 
 []


Overfull \hbox (10.6278pt too wide) in paragraph at lines 568--568
[]\T1/ptm/m/n/6 totalInf.| 
 []


Overfull \hbox (7.63391pt too wide) in paragraph at lines 568--568
[]\T1/ptm/m/n/6 sympt.| 
 []


Overfull \hbox (10.6278pt too wide) in paragraph at lines 568--568
[]\T1/ptm/m/n/6 totalInf.| 
 []


Overfull \hbox (1.95097pt too wide) in paragraph at lines 570--570
[]\T1/ptm/m/n/6 count| 
 []


Overfull \hbox (7.9641pt too wide) in paragraph at lines 570--570
[]\T1/ptm/m/n/6 1407.0| 
 []


Overfull \hbox (7.9641pt too wide) in paragraph at lines 570--570
[]\T1/ptm/m/n/6 1407.0| 
 []


Overfull \hbox (7.9641pt too wide) in paragraph at lines 570--570
[]\T1/ptm/m/n/6 1407.0| 
 []


Overfull \hbox (7.9641pt too wide) in paragraph at lines 570--570
[]\T1/ptm/m/n/6 1407.0| 
 []


Overfull \hbox (7.9641pt too wide) in paragraph at lines 570--570
[]\T1/ptm/m/n/6 1044.0| 
 []


Overfull \hbox (7.9641pt too wide) in paragraph at lines 570--570
[]\T1/ptm/m/n/6 1044.0| 
 []


Overfull \hbox (7.9641pt too wide) in paragraph at lines 570--570
[]\T1/ptm/m/n/6 1005.0| 
 []


Overfull \hbox (7.9641pt too wide) in paragraph at lines 570--570
[]\T1/ptm/m/n/6 1005.0| 
 []


Overfull \hbox (4.9641pt too wide) in paragraph at lines 570--570
[]\T1/ptm/m/n/6 980.0| 
 []


Overfull \hbox (4.9641pt too wide) in paragraph at lines 570--570
[]\T1/ptm/m/n/6 980.0| 
 []


Overfull \hbox (7.9641pt too wide) in paragraph at lines 570--570
[]\T1/ptm/m/n/6 1044.0| 
 []


Overfull \hbox (7.9641pt too wide) in paragraph at lines 570--570
[]\T1/ptm/m/n/6 1044.0| 
 []


Overfull \hbox (5.11908pt too wide) in paragraph at lines 570--571
[]\T1/ptm/m/n/6 1044.0| 
 []


Overfull \hbox (1.61493pt too wide) in paragraph at lines 571--571
[]\T1/ptm/m/n/6 mean| 
 []


Overfull \hbox (1.9641pt too wide) in paragraph at lines 571--571
[]\T1/ptm/m/n/6 35.6| 
 []


Overfull \hbox (1.9641pt too wide) in paragraph at lines 571--571
[]\T1/ptm/m/n/6 72.7| 
 []


Overfull \hbox (1.9641pt too wide) in paragraph at lines 571--571
[]\T1/ptm/m/n/6 40.0| 
 []


Overfull \hbox (1.9641pt too wide) in paragraph at lines 571--571
[]\T1/ptm/m/n/6 84.1| 
 []


Overfull \hbox (4.9641pt too wide) in paragraph at lines 571--571
[]\T1/ptm/b/n/6 180.4| 
 []


Overfull \hbox (4.9641pt too wide) in paragraph at lines 571--571
[]\T1/ptm/b/n/6 462.1| 
 []


Overfull \hbox (4.9641pt too wide) in paragraph at lines 571--571
[]\T1/ptm/b/n/6 354.1| 
 []


Overfull \hbox (4.9641pt too wide) in paragraph at lines 571--571
[]\T1/ptm/b/n/6 900.4| 
 []


Overfull \hbox (4.9641pt too wide) in paragraph at lines 571--571
[]\T1/ptm/b/n/6 623.8| 
 []


Overfull \hbox (7.9641pt too wide) in paragraph at lines 571--571
[]\T1/ptm/b/n/6 1563.3| 
 []


Overfull \hbox (4.9641pt too wide) in paragraph at lines 571--571
[]\T1/ptm/m/n/6 726.6| 
 []


Overfull \hbox (7.9641pt too wide) in paragraph at lines 571--571
[]\T1/ptm/m/n/6 1810.9| 
 []


Overfull \hbox (2.11908pt too wide) in paragraph at lines 571--572
[]\T1/ptm/m/n/6 620.9| 
 []


Overfull \hbox (1.9641pt too wide) in paragraph at lines 572--572
[]\T1/ptm/m/n/6 14.1| 
 []


Overfull \hbox (1.9641pt too wide) in paragraph at lines 572--572
[]\T1/ptm/m/n/6 42.6| 
 []


Overfull \hbox (1.9641pt too wide) in paragraph at lines 572--572
[]\T1/ptm/m/n/6 16.7| 
 []


Overfull \hbox (1.9641pt too wide) in paragraph at lines 572--572
[]\T1/ptm/m/n/6 52.8| 
 []


Overfull \hbox (4.9641pt too wide) in paragraph at lines 572--572
[]\T1/ptm/m/n/6 134.6| 
 []


Overfull \hbox (4.9641pt too wide) in paragraph at lines 572--572
[]\T1/ptm/m/n/6 354.6| 
 []


Overfull \hbox (4.9641pt too wide) in paragraph at lines 572--572
[]\T1/ptm/m/n/6 213.8| 
 []


Overfull \hbox (4.9641pt too wide) in paragraph at lines 572--572
[]\T1/ptm/m/n/6 535.4| 
 []


Overfull \hbox (4.9641pt too wide) in paragraph at lines 572--572
[]\T1/ptm/m/n/6 217.9| 
 []


Overfull \hbox (4.9641pt too wide) in paragraph at lines 572--572
[]\T1/ptm/m/n/6 527.0| 
 []


Overfull \hbox (4.9641pt too wide) in paragraph at lines 572--572
[]\T1/ptm/m/n/6 221.9| 
 []


Overfull \hbox (4.9641pt too wide) in paragraph at lines 572--572
[]\T1/ptm/m/n/6 544.0| 
 []


Overfull \hbox (2.11908pt too wide) in paragraph at lines 572--573
[]\T1/ptm/m/n/6 110.8| 
 []

<10kForceWave2Contr2.png, id=145, 1069.9975pt x 633.36626pt>
File: 10kForceWave2Contr2.png Graphic file (type png)
<use 10kForceWave2Contr2.png>
Package pdftex.def Info: 10kForceWave2Contr2.png  used on input line 593.
(pdftex.def)             Requested size: 181.89717pt x 107.67084pt.

Overfull \hbox (4.61502pt too wide) in paragraph at lines 605--605
[]\T1/ptm/m/n/6 (1000)| 
 []


Overfull \hbox (12.57806pt too wide) in paragraph at lines 605--605
[]\T1/ptm/m/n/6 Jun 1, 20| 
 []


Overfull \hbox (13.24403pt too wide) in paragraph at lines 605--605
[]\T1/ptm/m/n/6 Sep 9, 20| 
 []


Overfull \hbox (16.904pt too wide) in paragraph at lines 605--605
[]\T1/ptm/m/n/6 Dec 15, 20| 
 []


Overfull \hbox (13.24403pt too wide) in paragraph at lines 605--605
[]\T1/ptm/m/n/6 Feb 1, 21| 
 []


Overfull \hbox (15.24202pt too wide) in paragraph at lines 605--605
[]\T1/ptm/m/n/6 May 1, 21| 
 []


Overfull \hbox (37.07599pt too wide) in paragraph at lines 605--606
[]\T1/ptm/m/n/6 Dec 15, 20   to   end| 
 []


Overfull \hbox (5.70103pt too wide) in paragraph at lines 606--606
[]\T1/ptm/m/n/6 cum. v.| 
 []


Overfull \hbox (2.96597pt too wide) in paragraph at lines 606--606
[]\T1/ptm/m/n/6 sym.| 
 []


Overfull \hbox (7.63391pt too wide) in paragraph at lines 606--606
[]\T1/ptm/m/n/6 sympt.| 
 []


Overfull \hbox (10.6278pt too wide) in paragraph at lines 606--606
[]\T1/ptm/m/n/6 totalInf.| 
 []


Overfull \hbox (7.63391pt too wide) in paragraph at lines 606--606
[]\T1/ptm/m/n/6 sympt.| 
 []


Overfull \hbox (10.6278pt too wide) in paragraph at lines 606--606
[]\T1/ptm/m/n/6 totalInf.| 
 []


Overfull \hbox (7.63391pt too wide) in paragraph at lines 606--606
[]\T1/ptm/m/n/6 sympt.| 
 []


Overfull \hbox (10.6278pt too wide) in paragraph at lines 606--606
[]\T1/ptm/m/n/6 totalInf.| 
 []


Overfull \hbox (7.63391pt too wide) in paragraph at lines 606--606
[]\T1/ptm/m/n/6 sympt.| 
 []


Overfull \hbox (10.6278pt too wide) in paragraph at lines 606--606
[]\T1/ptm/m/n/6 totalInf.| 
 []


Overfull \hbox (7.63391pt too wide) in paragraph at lines 606--606
[]\T1/ptm/m/n/6 sympt.| 
 []


Overfull \hbox (10.6278pt too wide) in paragraph at lines 606--606
[]\T1/ptm/m/n/6 totalInf.| 
 []


Overfull \hbox (1.95097pt too wide) in paragraph at lines 608--608
[]\T1/ptm/m/n/6 count| 
 []


Overfull \hbox (7.9641pt too wide) in paragraph at lines 608--608
[]\T1/ptm/m/n/6 1407.0| 
 []


Overfull \hbox (7.9641pt too wide) in paragraph at lines 608--608
[]\T1/ptm/m/n/6 1407.0| 
 []


Overfull \hbox (7.9641pt too wide) in paragraph at lines 608--608
[]\T1/ptm/m/n/6 1407.0| 
 []


Overfull \hbox (7.9641pt too wide) in paragraph at lines 608--608
[]\T1/ptm/m/n/6 1407.0| 
 []


Overfull \hbox (4.9641pt too wide) in paragraph at lines 608--608
[]\T1/ptm/m/n/6 874.0| 
 []


Overfull \hbox (4.9641pt too wide) in paragraph at lines 608--608
[]\T1/ptm/m/n/6 874.0| 
 []


Overfull \hbox (4.9641pt too wide) in paragraph at lines 608--608
[]\T1/ptm/m/n/6 719.0| 
 []


Overfull \hbox (4.9641pt too wide) in paragraph at lines 608--608
[]\T1/ptm/m/n/6 719.0| 
 []


Overfull \hbox (4.9641pt too wide) in paragraph at lines 608--608
[]\T1/ptm/m/n/6 523.0| 
 []


Overfull \hbox (4.9641pt too wide) in paragraph at lines 608--608
[]\T1/ptm/m/n/6 523.0| 
 []


Overfull \hbox (4.9641pt too wide) in paragraph at lines 608--608
[]\T1/ptm/m/n/6 874.0| 
 []


Overfull \hbox (4.9641pt too wide) in paragraph at lines 608--608
[]\T1/ptm/m/n/6 874.0| 
 []


Overfull \hbox (2.11908pt too wide) in paragraph at lines 608--609
[]\T1/ptm/m/n/6 874.0| 
 []


Overfull \hbox (1.61493pt too wide) in paragraph at lines 609--609
[]\T1/ptm/m/n/6 mean| 
 []


Overfull \hbox (1.9641pt too wide) in paragraph at lines 609--609
[]\T1/ptm/m/n/6 35.6| 
 []


Overfull \hbox (1.9641pt too wide) in paragraph at lines 609--609
[]\T1/ptm/m/n/6 72.7| 
 []


Overfull \hbox (1.9641pt too wide) in paragraph at lines 609--609
[]\T1/ptm/m/n/6 40.0| 
 []


Overfull \hbox (1.9641pt too wide) in paragraph at lines 609--609
[]\T1/ptm/m/n/6 84.1| 
 []


Overfull \hbox (4.9641pt too wide) in paragraph at lines 609--609
[]\T1/ptm/b/n/6 130.0| 
 []


Overfull \hbox (4.9641pt too wide) in paragraph at lines 609--609
[]\T1/ptm/b/n/6 340\T1/ptm/m/n/6 .6| 
 []


Overfull \hbox (4.9641pt too wide) in paragraph at lines 609--609
[]\T1/ptm/b/n/6 194.4| 
 []


Overfull \hbox (4.9641pt too wide) in paragraph at lines 609--609
[]\T1/ptm/b/n/6 512.8| 
 []


Overfull \hbox (4.9641pt too wide) in paragraph at lines 609--609
[]\T1/ptm/b/n/6 295.7| 
 []


Overfull \hbox (4.9641pt too wide) in paragraph at lines 609--609
[]\T1/ptm/b/n/6 791.2| 
 []


Overfull \hbox (4.9641pt too wide) in paragraph at lines 609--609
[]\T1/ptm/m/n/6 252.7| 
 []


Overfull \hbox (4.9641pt too wide) in paragraph at lines 609--609
[]\T1/ptm/m/n/6 666.4| 
 []


Overfull \hbox (2.11908pt too wide) in paragraph at lines 609--610
[]\T1/ptm/m/n/6 494.1| 
 []


Overfull \hbox (1.9641pt too wide) in paragraph at lines 610--610
[]\T1/ptm/m/n/6 14.1| 
 []


Overfull \hbox (1.9641pt too wide) in paragraph at lines 610--610
[]\T1/ptm/m/n/6 42.6| 
 []


Overfull \hbox (1.9641pt too wide) in paragraph at lines 610--610
[]\T1/ptm/m/n/6 16.7| 
 []


Overfull \hbox (1.9641pt too wide) in paragraph at lines 610--610
[]\T1/ptm/m/n/6 52.8| 
 []


Overfull \hbox (1.9641pt too wide) in paragraph at lines 610--610
[]\T1/ptm/m/n/6 83.9| 
 []


Overfull \hbox (4.9641pt too wide) in paragraph at lines 610--610
[]\T1/ptm/m/n/6 232.6| 
 []


Overfull \hbox (4.9641pt too wide) in paragraph at lines 610--610
[]\T1/ptm/m/n/6 104.1| 
 []


Overfull \hbox (4.9641pt too wide) in paragraph at lines 610--610
[]\T1/ptm/m/n/6 276.9| 
 []


Overfull \hbox (4.9641pt too wide) in paragraph at lines 610--610
[]\T1/ptm/m/n/6 119.1| 
 []


Overfull \hbox (4.9641pt too wide) in paragraph at lines 610--610
[]\T1/ptm/m/n/6 300.6| 
 []


Overfull \hbox (4.9641pt too wide) in paragraph at lines 610--610
[]\T1/ptm/m/n/6 156.8| 
 []


Overfull \hbox (4.9641pt too wide) in paragraph at lines 610--610
[]\T1/ptm/m/n/6 416.4| 
 []


Overfull \hbox (2.11908pt too wide) in paragraph at lines 610--611
[]\T1/ptm/m/n/6 122.7| 
 []

<RtEstimation3.jpg, id=146, 1204.5pt x 602.25pt>
File: RtEstimation3.jpg Graphic file (type jpg)
<use RtEstimation3.jpg>
Package pdftex.def Info: RtEstimation3.jpg  used on input line 626.
(pdftex.def)             Requested size: 252.95247pt x 126.47623pt.
<10kForceWave2Contr2M-20.png, id=153, 1069.9975pt x 633.36626pt>
File: 10kForceWave2Contr2M-20.png Graphic file (type png)
<use 10kForceWave2Contr2M-20.png>
Package pdftex.def Info: 10kForceWave2Contr2M-20.png  used on input line 644.
(pdftex.def)             Requested size: 181.89717pt x 107.67084pt.

Overfull \hbox (4.61502pt too wide) in paragraph at lines 656--656
[]\T1/ptm/m/n/6 (1000)| 
 []


Overfull \hbox (12.57806pt too wide) in paragraph at lines 656--656
[]\T1/ptm/m/n/6 Jun 1, 20| 
 []


Overfull \hbox (13.24403pt too wide) in paragraph at lines 656--656
[]\T1/ptm/m/n/6 Sep 9, 20| 
 []


Overfull \hbox (16.904pt too wide) in paragraph at lines 656--656
[]\T1/ptm/m/n/6 Dec 15, 20| 
 []


Overfull \hbox (13.24403pt too wide) in paragraph at lines 656--656
[]\T1/ptm/m/n/6 Feb 1, 21| 
 []


Overfull \hbox (15.24202pt too wide) in paragraph at lines 656--656
[]\T1/ptm/m/n/6 May 1, 21| 
 []


Overfull \hbox (37.07599pt too wide) in paragraph at lines 656--657
[]\T1/ptm/m/n/6 Dec 15, 20   to   end| 
 []


Overfull \hbox (5.70103pt too wide) in paragraph at lines 657--657
[]\T1/ptm/m/n/6 cum. v.| 
 []


Overfull \hbox (2.96597pt too wide) in paragraph at lines 657--657
[]\T1/ptm/m/n/6 sym.| 
 []


Overfull \hbox (7.63391pt too wide) in paragraph at lines 657--657
[]\T1/ptm/m/n/6 sympt.| 
 []


Overfull \hbox (10.6278pt too wide) in paragraph at lines 657--657
[]\T1/ptm/m/n/6 totalInf.| 
 []


Overfull \hbox (7.63391pt too wide) in paragraph at lines 657--657
[]\T1/ptm/m/n/6 sympt.| 
 []


Overfull \hbox (10.6278pt too wide) in paragraph at lines 657--657
[]\T1/ptm/m/n/6 totalInf.| 
 []


Overfull \hbox (7.63391pt too wide) in paragraph at lines 657--657
[]\T1/ptm/m/n/6 sympt.| 
 []


Overfull \hbox (10.6278pt too wide) in paragraph at lines 657--657
[]\T1/ptm/m/n/6 totalInf.| 
 []


Overfull \hbox (7.63391pt too wide) in paragraph at lines 657--657
[]\T1/ptm/m/n/6 sympt.| 
 []


Overfull \hbox (10.6278pt too wide) in paragraph at lines 657--657
[]\T1/ptm/m/n/6 totalInf.| 
 []


Overfull \hbox (7.63391pt too wide) in paragraph at lines 657--657
[]\T1/ptm/m/n/6 sympt.| 
 []


Overfull \hbox (10.6278pt too wide) in paragraph at lines 657--657
[]\T1/ptm/m/n/6 totalInf.| 
 []


Overfull \hbox (1.95097pt too wide) in paragraph at lines 659--659
[]\T1/ptm/m/n/6 count| 
 []


Overfull \hbox (7.9641pt too wide) in paragraph at lines 659--659
[]\T1/ptm/m/n/6 1407.0| 
 []


Overfull \hbox (7.9641pt too wide) in paragraph at lines 659--659
[]\T1/ptm/m/n/6 1407.0| 
 []


Overfull \hbox (7.9641pt too wide) in paragraph at lines 659--659
[]\T1/ptm/m/n/6 1407.0| 
 []


Overfull \hbox (7.9641pt too wide) in paragraph at lines 659--659
[]\T1/ptm/m/n/6 1407.0| 
 []


Overfull \hbox (4.9641pt too wide) in paragraph at lines 659--659
[]\T1/ptm/m/n/6 769.0| 
 []


Overfull \hbox (4.9641pt too wide) in paragraph at lines 659--659
[]\T1/ptm/m/n/6 769.0| 
 []


Overfull \hbox (4.9641pt too wide) in paragraph at lines 659--659
[]\T1/ptm/m/n/6 637.0| 
 []


Overfull \hbox (4.9641pt too wide) in paragraph at lines 659--659
[]\T1/ptm/m/n/6 637.0| 
 []


Overfull \hbox (4.9641pt too wide) in paragraph at lines 659--659
[]\T1/ptm/m/n/6 471.0| 
 []


Overfull \hbox (4.9641pt too wide) in paragraph at lines 659--659
[]\T1/ptm/m/n/6 471.0| 
 []


Overfull \hbox (4.9641pt too wide) in paragraph at lines 659--659
[]\T1/ptm/m/n/6 769.0| 
 []


Overfull \hbox (4.9641pt too wide) in paragraph at lines 659--659
[]\T1/ptm/m/n/6 769.0| 
 []


Overfull \hbox (2.11908pt too wide) in paragraph at lines 659--660
[]\T1/ptm/m/n/6 769.0| 
 []


Overfull \hbox (1.61493pt too wide) in paragraph at lines 660--660
[]\T1/ptm/m/n/6 mean| 
 []


Overfull \hbox (1.9641pt too wide) in paragraph at lines 660--660
[]\T1/ptm/m/n/6 35.6| 
 []


Overfull \hbox (1.9641pt too wide) in paragraph at lines 660--660
[]\T1/ptm/m/n/6 72.7| 
 []


Overfull \hbox (1.9641pt too wide) in paragraph at lines 660--660
[]\T1/ptm/m/n/6 40.0| 
 []


Overfull \hbox (1.9641pt too wide) in paragraph at lines 660--660
[]\T1/ptm/m/n/6 84.1| 
 []


Overfull \hbox (4.9641pt too wide) in paragraph at lines 660--660
[][]\T1/ptm/b/n/6 112.2[]| 
 []


Overfull \hbox (4.9641pt too wide) in paragraph at lines 660--660
[][]\T1/ptm/b/n/6 294.2[]| 
 []


Overfull \hbox (4.9641pt too wide) in paragraph at lines 660--660
[]\T1/ptm/b/n/6 172.0| 
 []


Overfull \hbox (4.9641pt too wide) in paragraph at lines 660--660
[]\T1/ptm/b/n/6 467.9| 
 []


Overfull \hbox (4.9641pt too wide) in paragraph at lines 660--660
[]\T1/ptm/b/n/6 276.5| 
 []


Overfull \hbox (4.9641pt too wide) in paragraph at lines 660--660
[]\T1/ptm/b/n/6 748.6| 
 []


Overfull \hbox (4.9641pt too wide) in paragraph at lines 660--660
[]\T1/ptm/m/n/6 248.9| 
 []


Overfull \hbox (4.9641pt too wide) in paragraph at lines 660--660
[]\T1/ptm/m/n/6 663.4| 
 []


Overfull \hbox (2.11908pt too wide) in paragraph at lines 660--661
[]\T1/ptm/m/n/6 499.3| 
 []


Overfull \hbox (1.9641pt too wide) in paragraph at lines 661--661
[]\T1/ptm/m/n/6 14.1| 
 []


Overfull \hbox (1.9641pt too wide) in paragraph at lines 661--661
[]\T1/ptm/m/n/6 42.6| 
 []


Overfull \hbox (1.9641pt too wide) in paragraph at lines 661--661
[]\T1/ptm/m/n/6 16.7| 
 []


Overfull \hbox (1.9641pt too wide) in paragraph at lines 661--661
[]\T1/ptm/m/n/6 52.8| 
 []


Overfull \hbox (1.9641pt too wide) in paragraph at lines 661--661
[]\T1/ptm/m/n/6 66.8| 
 []


Overfull \hbox (4.9641pt too wide) in paragraph at lines 661--661
[]\T1/ptm/m/n/6 188.4| 
 []


Overfull \hbox (1.9641pt too wide) in paragraph at lines 661--661
[]\T1/ptm/m/n/6 91.5| 
 []


Overfull \hbox (4.9641pt too wide) in paragraph at lines 661--661
[]\T1/ptm/m/n/6 251.3| 
 []


Overfull \hbox (4.9641pt too wide) in paragraph at lines 661--661
[]\T1/ptm/m/n/6 112.9| 
 []


Overfull \hbox (4.9641pt too wide) in paragraph at lines 661--661
[]\T1/ptm/m/n/6 286.9| 
 []


Overfull \hbox (4.9641pt too wide) in paragraph at lines 661--661
[]\T1/ptm/m/n/6 158.0| 
 []


Overfull \hbox (4.9641pt too wide) in paragraph at lines 661--661
[]\T1/ptm/m/n/6 417.5| 
 []


Overfull \hbox (2.11908pt too wide) in paragraph at lines 661--662
[]\T1/ptm/m/n/6 124.1| 
 []

[9 <./andamento900annotato.jpg>]
<10kForceWave2NoFragOct5for60d.png, id=172, 1069.9975pt x 633.36626pt>
File: 10kForceWave2NoFragOct5for60d.png Graphic file (type png)
<use 10kForceWave2NoFragOct5for60d.png>
Package pdftex.def Info: 10kForceWave2NoFragOct5for60d.png  used on input line 
701.
(pdftex.def)             Requested size: 181.89717pt x 107.67084pt.

Overfull \hbox (7.46004pt too wide) in paragraph at lines 713--713
[]\T1/ptm/m/n/6 (1000)| 
 []


Overfull \hbox (12.57806pt too wide) in paragraph at lines 713--713
[]\T1/ptm/m/n/6 Jun 1, 20| 
 []


Overfull \hbox (13.24403pt too wide) in paragraph at lines 713--713
[]\T1/ptm/m/n/6 Sep 9, 20| 
 []


Overfull \hbox (16.904pt too wide) in paragraph at lines 713--713
[]\T1/ptm/m/n/6 Dec 15, 20| 
 []


Overfull \hbox (13.24403pt too wide) in paragraph at lines 713--713
[]\T1/ptm/m/n/6 Feb 1, 21| 
 []


Overfull \hbox (15.24202pt too wide) in paragraph at lines 713--713
[]\T1/ptm/m/n/6 May 1, 21| 
 []


Overfull \hbox (37.07599pt too wide) in paragraph at lines 713--714
[]\T1/ptm/m/n/6 Dec 15, 20   to   end| 
 []


Overfull \hbox (2.96597pt too wide) in paragraph at lines 714--714
[]\T1/ptm/m/n/6 sym.| 
 []


Overfull \hbox (7.63391pt too wide) in paragraph at lines 714--714
[]\T1/ptm/m/n/6 sympt.| 
 []


Overfull \hbox (10.6278pt too wide) in paragraph at lines 714--714
[]\T1/ptm/m/n/6 totalInf.| 
 []


Overfull \hbox (7.63391pt too wide) in paragraph at lines 714--714
[]\T1/ptm/m/n/6 sympt.| 
 []


Overfull \hbox (10.6278pt too wide) in paragraph at lines 714--714
[]\T1/ptm/m/n/6 totalInf.| 
 []


Overfull \hbox (7.63391pt too wide) in paragraph at lines 714--714
[]\T1/ptm/m/n/6 sympt.| 
 []


Overfull \hbox (10.6278pt too wide) in paragraph at lines 714--714
[]\T1/ptm/m/n/6 totalInf.| 
 []


Overfull \hbox (7.63391pt too wide) in paragraph at lines 714--714
[]\T1/ptm/m/n/6 sympt.| 
 []


Overfull \hbox (10.6278pt too wide) in paragraph at lines 714--714
[]\T1/ptm/m/n/6 totalInf.| 
 []


Overfull \hbox (7.63391pt too wide) in paragraph at lines 714--714
[]\T1/ptm/m/n/6 sympt.| 
 []


Overfull \hbox (10.6278pt too wide) in paragraph at lines 714--714
[]\T1/ptm/m/n/6 totalInf.| 
 []


Overfull \hbox (4.79599pt too wide) in paragraph at lines 716--716
[]\T1/ptm/m/n/6 count| 
 []


Overfull \hbox (7.9641pt too wide) in paragraph at lines 716--716
[]\T1/ptm/m/n/6 1407.0| 
 []


Overfull \hbox (7.9641pt too wide) in paragraph at lines 716--716
[]\T1/ptm/m/n/6 1407.0| 
 []


Overfull \hbox (7.9641pt too wide) in paragraph at lines 716--716
[]\T1/ptm/m/n/6 1407.0| 
 []


Overfull \hbox (7.9641pt too wide) in paragraph at lines 716--716
[]\T1/ptm/m/n/6 1407.0| 
 []


Overfull \hbox (4.9641pt too wide) in paragraph at lines 716--716
[]\T1/ptm/m/n/6 886.0| 
 []


Overfull \hbox (4.9641pt too wide) in paragraph at lines 716--716
[]\T1/ptm/m/n/6 886.0| 
 []


Overfull \hbox (4.9641pt too wide) in paragraph at lines 716--716
[]\T1/ptm/m/n/6 761.0| 
 []


Overfull \hbox (4.9641pt too wide) in paragraph at lines 716--716
[]\T1/ptm/m/n/6 761.0| 
 []


Overfull \hbox (4.9641pt too wide) in paragraph at lines 716--716
[]\T1/ptm/m/n/6 637.0| 
 []


Overfull \hbox (4.9641pt too wide) in paragraph at lines 716--716
[]\T1/ptm/m/n/6 637.0| 
 []


Overfull \hbox (4.9641pt too wide) in paragraph at lines 716--716
[]\T1/ptm/m/n/6 886.0| 
 []


Overfull \hbox (4.9641pt too wide) in paragraph at lines 716--716
[]\T1/ptm/m/n/6 886.0| 
 []


Overfull \hbox (2.11908pt too wide) in paragraph at lines 716--717
[]\T1/ptm/m/n/6 886.0| 
 []


Overfull \hbox (4.45995pt too wide) in paragraph at lines 717--717
[]\T1/ptm/m/n/6 mean| 
 []


Overfull \hbox (1.9641pt too wide) in paragraph at lines 717--717
[]\T1/ptm/m/n/6 35.6| 
 []


Overfull \hbox (1.9641pt too wide) in paragraph at lines 717--717
[]\T1/ptm/m/n/6 72.7| 
 []


Overfull \hbox (1.9641pt too wide) in paragraph at lines 717--717
[]\T1/ptm/m/n/6 40.0| 
 []


Overfull \hbox (1.9641pt too wide) in paragraph at lines 717--717
[]\T1/ptm/m/n/6 84.1| 
 []


Overfull \hbox (4.9641pt too wide) in paragraph at lines 717--717
[][]\T1/ptm/b/n/6 128.1[]| 
 []


Overfull \hbox (4.9641pt too wide) in paragraph at lines 717--717
[][]\T1/ptm/b/n/6 326.3[]| 
 []


Overfull \hbox (4.9641pt too wide) in paragraph at lines 717--717
[]\T1/ptm/b/n/6 211.0| 
 []


Overfull \hbox (4.9641pt too wide) in paragraph at lines 717--717
[]\T1/ptm/b/n/6 555.1| 
 []


Overfull \hbox (4.9641pt too wide) in paragraph at lines 717--717
[]\T1/ptm/b/n/6 323.3| 
 []


Overfull \hbox (4.9641pt too wide) in paragraph at lines 717--717
[]\T1/ptm/b/n/6 862.1| 
 []


Overfull \hbox (4.9641pt too wide) in paragraph at lines 717--717
[]\T1/ptm/m/n/6 301.1| 
 []


Overfull \hbox (4.9641pt too wide) in paragraph at lines 717--717
[]\T1/ptm/m/n/6 792.3| 
 []


Overfull \hbox (2.11908pt too wide) in paragraph at lines 717--718
[]\T1/ptm/m/n/6 515.5| 
 []


Overfull \hbox (1.9641pt too wide) in paragraph at lines 718--718
[]\T1/ptm/m/n/6 14.1| 
 []


Overfull \hbox (1.9641pt too wide) in paragraph at lines 718--718
[]\T1/ptm/m/n/6 42.6| 
 []


Overfull \hbox (1.9641pt too wide) in paragraph at lines 718--718
[]\T1/ptm/m/n/6 16.7| 
 []


Overfull \hbox (1.9641pt too wide) in paragraph at lines 718--718
[]\T1/ptm/m/n/6 52.8| 
 []


Overfull \hbox (1.9641pt too wide) in paragraph at lines 718--718
[]\T1/ptm/m/n/6 89.6| 
 []


Overfull \hbox (4.9641pt too wide) in paragraph at lines 718--718
[]\T1/ptm/m/n/6 234.2| 
 []


Overfull \hbox (4.9641pt too wide) in paragraph at lines 718--718
[]\T1/ptm/m/n/6 118.1| 
 []


Overfull \hbox (4.9641pt too wide) in paragraph at lines 718--718
[]\T1/ptm/m/n/6 306.7| 
 []


Overfull \hbox (4.9641pt too wide) in paragraph at lines 718--718
[]\T1/ptm/m/n/6 126.4| 
 []


Overfull \hbox (4.9641pt too wide) in paragraph at lines 718--718
[]\T1/ptm/m/n/6 315.9| 
 []


Overfull \hbox (4.9641pt too wide) in paragraph at lines 718--718
[]\T1/ptm/m/n/6 170.7| 
 []


Overfull \hbox (4.9641pt too wide) in paragraph at lines 718--718
[]\T1/ptm/m/n/6 450.2| 
 []


Overfull \hbox (2.11908pt too wide) in paragraph at lines 718--719
[]\T1/ptm/m/n/6 116.9| 
 []

[10 <./andamento_iGSS.jpg> <./10kSpontWave2.png>]
Overfull \hbox (28.17354pt too wide) in paragraph at lines 740--740
[]\T1/ptm/m/n/10 Dec 15, 20| 
 []


Overfull \hbox (61.79352pt too wide) in paragraph at lines 740--740
[]\T1/ptm/m/n/10 Dec 15, 20   to   end| 
 []


Overfull \hbox (12.72331pt too wide) in paragraph at lines 741--741
[]\T1/ptm/m/n/10 sympt.| 
 []


Overfull \hbox (17.71317pt too wide) in paragraph at lines 741--741
[]\T1/ptm/m/n/10 totalInf.| 
 []


Overfull \hbox (12.72331pt too wide) in paragraph at lines 741--741
[]\T1/ptm/m/n/10 sympt.| 
 []


Overfull \hbox (17.71317pt too wide) in paragraph at lines 741--741
[]\T1/ptm/m/n/10 totalInf.| 
 []


Overfull \hbox (4.10347pt too wide) in paragraph at lines 741--742
[]\T1/ptm/m/n/10 days| 
 []


Overfull \hbox (2.11424pt too wide) in paragraph at lines 745--745
[]\T1/ptm/m/n/10 containments
 []


Overfull \hbox (7.99347pt too wide) in paragraph at lines 745--745
[]\T1/ptm/m/n/10 count| 
 []


Overfull \hbox (8.27364pt too wide) in paragraph at lines 745--745
[]\T1/ptm/m/n/10 140.0| 
 []


Overfull \hbox (8.27364pt too wide) in paragraph at lines 745--745
[]\T1/ptm/m/n/10 140.0| 
 []


Overfull \hbox (8.27364pt too wide) in paragraph at lines 745--745
[]\T1/ptm/m/n/10 140.0| 
 []


Overfull \hbox (8.27364pt too wide) in paragraph at lines 745--745
[]\T1/ptm/m/n/10 140.0| 
 []


Overfull \hbox (8.27364pt too wide) in paragraph at lines 745--746
[]\T1/ptm/m/n/10 140.0| 
 []


Overfull \hbox (7.43341pt too wide) in paragraph at lines 746--746
[]\T1/ptm/m/n/10 mean| 
 []


Overfull \hbox (8.27364pt too wide) in paragraph at lines 746--746
[]\T1/ptm/b/n/10 248.4| 
 []


Overfull \hbox (8.27364pt too wide) in paragraph at lines 746--746
[]\T1/ptm/b/n/10 648.7| 
 []


Overfull \hbox (8.27364pt too wide) in paragraph at lines 746--746
[]\T1/ptm/m/n/10 701.1| 
 []


Overfull \hbox (13.27364pt too wide) in paragraph at lines 746--746
[]\T1/ptm/m/n/10 1757.9| 
 []


Overfull \hbox (8.27364pt too wide) in paragraph at lines 746--747
[]\T1/ptm/m/n/10 594.2| 
 []


Overfull \hbox (8.27364pt too wide) in paragraph at lines 747--747
[]\T1/ptm/m/n/10 167.4| 
 []


Overfull \hbox (8.27364pt too wide) in paragraph at lines 747--747
[]\T1/ptm/m/n/10 424.3| 
 []


Overfull \hbox (8.27364pt too wide) in paragraph at lines 747--747
[]\T1/ptm/m/n/10 246.4| 
 []


Overfull \hbox (8.27364pt too wide) in paragraph at lines 747--747
[]\T1/ptm/m/n/10 599.7| 
 []


Overfull \hbox (8.27364pt too wide) in paragraph at lines 747--748
[]\T1/ptm/m/n/10 118.9| 
 []


Overfull \hbox (2.11424pt too wide) in paragraph at lines 751--751
[]\T1/ptm/m/n/10 containments
 []


Overfull \hbox (7.99347pt too wide) in paragraph at lines 751--751
[]\T1/ptm/m/n/10 count| 
 []


Overfull \hbox (13.27364pt too wide) in paragraph at lines 751--751
[]\T1/ptm/m/n/10 1044.0| 
 []


Overfull \hbox (13.27364pt too wide) in paragraph at lines 751--751
[]\T1/ptm/m/n/10 1044.0| 
 []


Overfull \hbox (13.27364pt too wide) in paragraph at lines 751--751
[]\T1/ptm/m/n/10 1044.0| 
 []


Overfull \hbox (13.27364pt too wide) in paragraph at lines 751--751
[]\T1/ptm/m/n/10 1044.0| 
 []


Overfull \hbox (13.27364pt too wide) in paragraph at lines 751--752
[]\T1/ptm/m/n/10 1044.0| 
 []


Overfull \hbox (7.43341pt too wide) in paragraph at lines 752--752
[]\T1/ptm/m/n/10 mean| 
 []


Overfull \hbox (8.27364pt too wide) in paragraph at lines 752--752
[]\T1/ptm/b/n/10 180.4| 
 []


Overfull \hbox (8.27364pt too wide) in paragraph at lines 752--752
[]\T1/ptm/b/n/10 462.1| 
 []


Overfull \hbox (8.27364pt too wide) in paragraph at lines 752--752
[]\T1/ptm/m/n/10 726.6| 
 []


Overfull \hbox (13.27364pt too wide) in paragraph at lines 752--752
[]\T1/ptm/m/n/10 1810.9| 
 []


Overfull \hbox (8.27364pt too wide) in paragraph at lines 752--753
[]\T1/ptm/m/n/10 620.9| 
 []


Overfull \hbox (8.27364pt too wide) in paragraph at lines 753--753
[]\T1/ptm/m/n/10 134.6| 
 []


Overfull \hbox (8.27364pt too wide) in paragraph at lines 753--753
[]\T1/ptm/m/n/10 354.6| 
 []


Overfull \hbox (8.27364pt too wide) in paragraph at lines 753--753
[]\T1/ptm/m/n/10 221.9| 
 []


Overfull \hbox (8.27364pt too wide) in paragraph at lines 753--753
[]\T1/ptm/m/n/10 544.0| 
 []


Overfull \hbox (8.27364pt too wide) in paragraph at lines 753--754
[]\T1/ptm/m/n/10 110.8| 
 []


Overfull \hbox (6.55418pt too wide) in paragraph at lines 757--757
[]\T1/ptm/m/n/10 containements
 []


Overfull \hbox (7.99347pt too wide) in paragraph at lines 757--757
[]\T1/ptm/m/n/10 count| 
 []


Overfull \hbox (8.27364pt too wide) in paragraph at lines 757--757
[]\T1/ptm/m/n/10 874.0| 
 []


Overfull \hbox (8.27364pt too wide) in paragraph at lines 757--757
[]\T1/ptm/m/n/10 874.0| 
 []


Overfull \hbox (8.27364pt too wide) in paragraph at lines 757--757
[]\T1/ptm/m/n/10 874.0| 
 []


Overfull \hbox (8.27364pt too wide) in paragraph at lines 757--757
[]\T1/ptm/m/n/10 874.0| 
 []


Overfull \hbox (8.27364pt too wide) in paragraph at lines 757--758
[]\T1/ptm/m/n/10 874.0| 
 []


Overfull \hbox (7.43341pt too wide) in paragraph at lines 758--758
[]\T1/ptm/m/n/10 mean| 
 []


Overfull \hbox (8.27364pt too wide) in paragraph at lines 758--758
[]\T1/ptm/b/n/10 130.0| 
 []


Overfull \hbox (8.27364pt too wide) in paragraph at lines 758--758
[]\T1/ptm/b/n/10 340\T1/ptm/m/n/10 .6| 
 []


Overfull \hbox (8.27364pt too wide) in paragraph at lines 758--758
[]\T1/ptm/m/n/10 252.7| 
 []


Overfull \hbox (8.27364pt too wide) in paragraph at lines 758--758
[]\T1/ptm/m/n/10 666.4| 
 []


Overfull \hbox (8.27364pt too wide) in paragraph at lines 758--759
[]\T1/ptm/m/n/10 494.1| 
 []


Overfull \hbox (3.27364pt too wide) in paragraph at lines 759--759
[]\T1/ptm/m/n/10 83.9| 
 []


Overfull \hbox (8.27364pt too wide) in paragraph at lines 759--759
[]\T1/ptm/m/n/10 232.6| 
 []


Overfull \hbox (8.27364pt too wide) in paragraph at lines 759--759
[]\T1/ptm/m/n/10 156.8| 
 []


Overfull \hbox (8.27364pt too wide) in paragraph at lines 759--759
[]\T1/ptm/m/n/10 416.4| 
 []


Overfull \hbox (8.27364pt too wide) in paragraph at lines 759--760
[]\T1/ptm/m/n/10 122.7| 
 []


Overfull \hbox (2.11424pt too wide) in paragraph at lines 763--763
[]\T1/ptm/m/n/10 containments
 []


Overfull \hbox (7.99347pt too wide) in paragraph at lines 763--763
[]\T1/ptm/m/n/10 count| 
 []


Overfull \hbox (8.27364pt too wide) in paragraph at lines 763--763
[]\T1/ptm/m/n/10 769.0| 
 []


Overfull \hbox (8.27364pt too wide) in paragraph at lines 763--763
[]\T1/ptm/m/n/10 769.0| 
 []


Overfull \hbox (8.27364pt too wide) in paragraph at lines 763--763
[]\T1/ptm/m/n/10 769.0| 
 []


Overfull \hbox (8.27364pt too wide) in paragraph at lines 763--763
[]\T1/ptm/m/n/10 769.0| 
 []


Overfull \hbox (8.27364pt too wide) in paragraph at lines 763--764
[]\T1/ptm/m/n/10 769.0| 
 []


Overfull \hbox (7.43341pt too wide) in paragraph at lines 764--764
[]\T1/ptm/m/n/10 mean| 
 []


Overfull \hbox (8.27364pt too wide) in paragraph at lines 764--764
[][]\T1/ptm/b/n/10 112.2[]| 
 []


Overfull \hbox (8.27364pt too wide) in paragraph at lines 764--764
[][]\T1/ptm/b/n/10 294.2[]| 
 []


Overfull \hbox (8.27364pt too wide) in paragraph at lines 764--764
[]\T1/ptm/m/n/10 248.9| 
 []


Overfull \hbox (8.27364pt too wide) in paragraph at lines 764--764
[]\T1/ptm/m/n/10 663.4| 
 []


Overfull \hbox (8.27364pt too wide) in paragraph at lines 764--765
[]\T1/ptm/m/n/10 499.3| 
 []


Overfull \hbox (3.27364pt too wide) in paragraph at lines 765--765
[]\T1/ptm/m/n/10 66.8| 
 []


Overfull \hbox (8.27364pt too wide) in paragraph at lines 765--765
[]\T1/ptm/m/n/10 188.4| 
 []


Overfull \hbox (8.27364pt too wide) in paragraph at lines 765--765
[]\T1/ptm/m/n/10 158.0| 
 []


Overfull \hbox (8.27364pt too wide) in paragraph at lines 765--765
[]\T1/ptm/m/n/10 417.5| 
 []


Overfull \hbox (8.27364pt too wide) in paragraph at lines 765--766
[]\T1/ptm/m/n/10 124.1| 
 []


Overfull \hbox (7.99347pt too wide) in paragraph at lines 769--769
[]\T1/ptm/m/n/10 count| 
 []


Overfull \hbox (8.27364pt too wide) in paragraph at lines 769--769
[]\T1/ptm/m/n/10 886.0| 
 []


Overfull \hbox (8.27364pt too wide) in paragraph at lines 769--769
[]\T1/ptm/m/n/10 886.0| 
 []


Overfull \hbox (8.27364pt too wide) in paragraph at lines 769--769
[]\T1/ptm/m/n/10 886.0| 
 []


Overfull \hbox (8.27364pt too wide) in paragraph at lines 769--769
[]\T1/ptm/m/n/10 886.0| 
 []


Overfull \hbox (8.27364pt too wide) in paragraph at lines 769--770
[]\T1/ptm/m/n/10 886.0| 
 []


Overfull \hbox (7.43341pt too wide) in paragraph at lines 770--770
[]\T1/ptm/m/n/10 mean| 
 []


Overfull \hbox (8.27364pt too wide) in paragraph at lines 770--770
[][]\T1/ptm/b/n/10 128.1[]| 
 []


Overfull \hbox (8.27364pt too wide) in paragraph at lines 770--770
[][]\T1/ptm/b/n/10 326.3[]| 
 []


Overfull \hbox (8.27364pt too wide) in paragraph at lines 770--770
[]\T1/ptm/m/n/10 301.1| 
 []


Overfull \hbox (8.27364pt too wide) in paragraph at lines 770--770
[]\T1/ptm/m/n/10 792.3| 
 []


Overfull \hbox (8.27364pt too wide) in paragraph at lines 770--771
[]\T1/ptm/m/n/10 515.5| 
 []


Overfull \hbox (3.27364pt too wide) in paragraph at lines 771--771
[]\T1/ptm/m/n/10 89.6| 
 []


Overfull \hbox (8.27364pt too wide) in paragraph at lines 771--771
[]\T1/ptm/m/n/10 234.2| 
 []


Overfull \hbox (8.27364pt too wide) in paragraph at lines 771--771
[]\T1/ptm/m/n/10 170.7| 
 []


Overfull \hbox (8.27364pt too wide) in paragraph at lines 771--771
[]\T1/ptm/m/n/10 450.2| 
 []


Overfull \hbox (8.27364pt too wide) in paragraph at lines 771--772
[]\T1/ptm/m/n/10 116.9| 
 []


Overfull \hbox (94.01747pt too wide) in paragraph at lines 798--799
\T1/ptm/m/n/12 fre-quently up-dated, is at [][]$\T1/pcr/m/n/12 https : / / tern
a . to . it / simul / GAresultPresentation .
 []

[11 <./10kForceWave2.png>]
<CaseForGA_I_base.png, id=200, 982.67125pt x 552.0625pt>
File: CaseForGA_I_base.png Graphic file (type png)
<use CaseForGA_I_base.png>
Package pdftex.def Info: CaseForGA_I_base.png  used on input line 850.
(pdftex.def)             Requested size: 196.53076pt x 110.41054pt.


LaTeX Warning: Reference `quotaTable1' on page 12 undefined on input line 861.

[12 <./10kForceWave2Contr2.png>]

LaTeX Warning: Reference `quotaTable2' on page 13 undefined on input line 906.

[13 <./RtEstimation3.jpg> <./10kForceWave2Contr2M-20.png>]
<Experiment_I_base_symptomatic_series.png, id=228, 972.63374pt x 568.1225pt>
File: Experiment_I_base_symptomatic_series.png Graphic file (type png)
<use Experiment_I_base_symptomatic_series.png>
Package pdftex.def Info: Experiment_I_base_symptomatic_series.png  used on inpu
t line 1007.
(pdftex.def)             Requested size: 155.62457pt x 90.90144pt.
<Experiment_I_plainVaccinationSequence.png, id=229, 719.68875pt x 497.86pt>
File: Experiment_I_plainVaccinationSequence.png Graphic file (type png)
<use Experiment_I_plainVaccinationSequence.png>
Package pdftex.def Info: Experiment_I_plainVaccinationSequence.png  used on inp
ut line 1022.
(pdftex.def)             Requested size: 115.15254pt x 79.65923pt.
<Experiment_I_1_plain_symptomatic_series.png, id=230, 972.63374pt x 568.1225pt>

File: Experiment_I_1_plain_symptomatic_series.png Graphic file (type png)
<use Experiment_I_1_plain_symptomatic_series.png>
Package pdftex.def Info: Experiment_I_1_plain_symptomatic_series.png  used on i
nput line 1031.
(pdftex.def)             Requested size: 155.62457pt x 90.90144pt.
<Experiment_I_wiseVaccinationSequence.png, id=231, 719.68875pt x 497.86pt>
File: Experiment_I_wiseVaccinationSequence.png Graphic file (type png)
<use Experiment_I_wiseVaccinationSequence.png>
Package pdftex.def Info: Experiment_I_wiseVaccinationSequence.png  used on inpu
t line 1046.
(pdftex.def)             Requested size: 115.15254pt x 79.65923pt.
<Experiment_I_1_wise_symptomatic_series.png, id=232, 972.63374pt x 568.1225pt>
File: Experiment_I_1_wise_symptomatic_series.png Graphic file (type png)
<use Experiment_I_1_wise_symptomatic_series.png>
Package pdftex.def Info: Experiment_I_1_wise_symptomatic_series.png  used on in
put line 1055.
(pdftex.def)             Requested size: 155.62457pt x 90.90144pt.
<Experiment_I_GA_1_VaccinationSequence.png, id=233, 719.68875pt x 497.86pt>
File: Experiment_I_GA_1_VaccinationSequence.png Graphic file (type png)
<use Experiment_I_GA_1_VaccinationSequence.png>
Package pdftex.def Info: Experiment_I_GA_1_VaccinationSequence.png  used on inp
ut line 1070.
(pdftex.def)             Requested size: 115.15254pt x 79.65923pt.
<Experiment_I_1_GAs_symptomatic_series.png, id=234, 972.63374pt x 568.1225pt>
File: Experiment_I_1_GAs_symptomatic_series.png Graphic file (type png)
<use Experiment_I_1_GAs_symptomatic_series.png>
Package pdftex.def Info: Experiment_I_1_GAs_symptomatic_series.png  used on inp
ut line 1079.
(pdftex.def)             Requested size: 155.62457pt x 90.90144pt.
<Experiment_I_plainPlusVaccinationSequence.png, id=235, 719.68875pt x 497.86pt>

File: Experiment_I_plainPlusVaccinationSequence.png Graphic file (type png)
<use Experiment_I_plainPlusVaccinationSequence.png>
Package pdftex.def Info: Experiment_I_plainPlusVaccinationSequence.png  used on
 input line 1125.
(pdftex.def)             Requested size: 115.15254pt x 79.65923pt.
<Experiment_I_1_plainPlus_symptomatic_series.png, id=236, 972.63374pt x 568.122
5pt>
File: Experiment_I_1_plainPlus_symptomatic_series.png Graphic file (type png)
<use Experiment_I_1_plainPlus_symptomatic_series.png>
Package pdftex.def Info: Experiment_I_1_plainPlus_symptomatic_series.png  used 
on input line 1134.
(pdftex.def)             Requested size: 155.62457pt x 90.90144pt.
<Experiment_I_wisePlusVaccinationSequence.png, id=237, 719.68875pt x 497.86pt>
File: Experiment_I_wisePlusVaccinationSequence.png Graphic file (type png)
<use Experiment_I_wisePlusVaccinationSequence.png>
Package pdftex.def Info: Experiment_I_wisePlusVaccinationSequence.png  used on 
input line 1149.
(pdftex.def)             Requested size: 115.15254pt x 79.65923pt.
<Experiment_I_1_wisePlus_symptomatic_series.png, id=238, 972.63374pt x 568.1225
pt>
File: Experiment_I_1_wisePlus_symptomatic_series.png Graphic file (type png)
<use Experiment_I_1_wisePlus_symptomatic_series.png>
Package pdftex.def Info: Experiment_I_1_wisePlus_symptomatic_series.png  used o
n input line 1158.
(pdftex.def)             Requested size: 155.62457pt x 90.90144pt.
 [14 <./10kForceWave2NoFragOct5for60d.png>]
<Piem1.png, id=261, 488.82625pt x 474.77374pt>
File: Piem1.png Graphic file (type png)
<use Piem1.png>
Package pdftex.def Info: Piem1.png  used on input line 1207.
(pdftex.def)             Requested size: 122.20625pt x 118.69315pt.
<Piem2.png, id=262, 668.4975pt x 582.175pt>
File: Piem2.png Graphic file (type png)
<use Piem2.png>
Package pdftex.def Info: Piem2.png  used on input line 1207.
(pdftex.def)             Requested size: 167.12396pt x 145.5434pt.

Overfull \hbox (24.12979pt too wide) in paragraph at lines 1222--1223
[]\T1/ptm/m/it/12 Infection en-gine\T1/ptm/m/n/12 , [][]$\T1/pcr/m/n/12 https :
 / / terna . to . it / simul / InfectionEngine .
 []

[15 <./CaseForGA_I_base.png>] [16]
<SLAPP.png, id=289, 973.6375pt x 597.23125pt>
File: SLAPP.png Graphic file (type png)
<use SLAPP.png>
Package pdftex.def Info: SLAPP.png  used on input line 1246.
(pdftex.def)             Requested size: 253.13977pt x 155.27646pt.

Overfull \hbox (73.25574pt too wide) in paragraph at lines 1275--1276
[]\T1/ptm/m/n/12 The slides are at [][]$\T1/pcr/m/n/12 https : / / terna . to .
 it / simul / PietroTerna _ iGSS20210608 .
 []

Package atveryend Info: Empty hook `BeforeClearDocument' on input line 1282.
[17] [18] [19 <./Experiment_I_base_symptomatic_series.png> <./Experiment_I_plai
nVaccinationSequence.png>] [20 <./Experiment_I_1_plain_symptomatic_series.png> 
<./Experiment_I_wiseVaccinationSequence.png> <./Experiment_I_1_wise_symptomatic
_series.png> <./Experiment_I_GA_1_VaccinationSequence.png>] [21 <./Experiment_I
_1_GAs_symptomatic_series.png> <./Experiment_I_plainPlusVaccinationSequence.png
> <./Experiment_I_1_plainPlus_symptomatic_series.png>] [22 <./Experiment_I_wise
PlusVaccinationSequence.png> <./Experiment_I_1_wisePlus_symptomatic_series.png>
 <./Piem1.png> <./Piem2.png>] [23 <./SLAPP.png>]
Package atveryend Info: Empty hook `AfterLastShipout' on input line 1282.

(./PietroTerna_iGSS20210608article.aux)
Package atveryend Info: Executing hook `AtVeryEndDocument' on input line 1282.
Package atveryend Info: Executing hook `AtEndAfterFileList' on input line 1282.



Package rerunfilecheck Warning: File `PietroTerna_iGSS20210608article.out' has 
changed.
(rerunfilecheck)                Rerun to get outlines right
(rerunfilecheck)                or use package `bookmark'.

Package rerunfilecheck Info: Checksums for `PietroTerna_iGSS20210608article.out
':
(rerunfilecheck)             Before: D41D8CD98F00B204E9800998ECF8427E;0
(rerunfilecheck)             After:  9006E0A44FA157AD23918A116C917121;981.

LaTeX Warning: There were undefined references.


LaTeX Warning: Label(s) may have changed. Rerun to get cross-references right.

 ) 
Here is how much of TeX's memory you used:
 11089 strings out of 480608
 175704 string characters out of 5903631
 483908 words of memory out of 5000000
 26453 multiletter control sequences out of 15000+600000
 592581 words of font info for 98 fonts, out of 8000000 for 9000
 1141 hyphenation exceptions out of 8191
 62i,14n,45p,798b,753s stack positions out of 5000i,500n,10000p,200000b,80000s
pdfTeX warning (dest): name{Hfootnote.1} has been referenced but does not exi
st, replaced by a fixed one

{/usr/local/texlive/2020/texmf-dist/fonts/enc/dvips/base/8r.enc}</usr/local/tex
live/2020/texmf-dist/fonts/type1/public/amsfonts/cm/cmmi12.pfb></usr/local/texl
ive/2020/texmf-dist/fonts/type1/public/amsfonts/cm/cmmi6.pfb></usr/local/texliv
e/2020/texmf-dist/fonts/type1/public/amsfonts/cm/cmmi8.pfb></usr/local/texlive/
2020/texmf-dist/fonts/type1/public/amsfonts/cm/cmr12.pfb></usr/local/texlive/20
20/texmf-dist/fonts/type1/urw/courier/ucrr8a.pfb></usr/local/texlive/2020/texmf
-dist/fonts/type1/urw/times/utmb8a.pfb></usr/local/texlive/2020/texmf-dist/font
s/type1/urw/times/utmbi8a.pfb></usr/local/texlive/2020/texmf-dist/fonts/type1/u
rw/times/utmr8a.pfb></usr/local/texlive/2020/texmf-dist/fonts/type1/urw/times/u
tmri8a.pfb>
Output written on PietroTerna_iGSS20210608article.pdf (23 pages, 2613918 bytes)
.
PDF statistics:
 435 PDF objects out of 1000 (max. 8388607)
 331 compressed objects within 4 object streams
 185 named destinations out of 1000 (max. 500000)
 161 words of extra memory for PDF output out of 10000 (max. 10000000)

